{"C:\\Users\\lance\\projects\\new-ext-v2\\src\\App.tsx": {"path":"C:\\Users\\lance\\projects\\new-ext-v2\\src\\App.tsx","statementMap":{"0":{"start":{"line":19,"column":28},"end":{"line":25,"column":4}},"1":{"start":{"line":27,"column":2},"end":{"line":29,"column":9}},"2":{"start":{"line":28,"column":4},"end":{"line":28,"column":20}},"3":{"start":{"line":31,"column":24},"end":{"line":69,"column":3}},"4":{"start":{"line":32,"column":4},"end":{"line":68,"column":5}},"5":{"start":{"line":34,"column":6},"end":{"line":34,"column":42}},"6":{"start":{"line":35,"column":6},"end":{"line":35,"column":49}},"7":{"start":{"line":38,"column":19},"end":{"line":38,"column":53}},"8":{"start":{"line":39,"column":22},"end":{"line":39,"column":59}},"9":{"start":{"line":41,"column":6},"end":{"line":46,"column":10}},"10":{"start":{"line":41,"column":24},"end":{"line":46,"column":8}},"11":{"start":{"line":49,"column":6},"end":{"line":52,"column":9}},"12":{"start":{"line":55,"column":24},"end":{"line":55,"column":67}},"13":{"start":{"line":56,"column":6},"end":{"line":58,"column":7}},"14":{"start":{"line":57,"column":8},"end":{"line":57,"column":62}},"15":{"start":{"line":57,"column":26},"end":{"line":57,"column":59}},"16":{"start":{"line":61,"column":6},"end":{"line":61,"column":56}},"17":{"start":{"line":62,"column":6},"end":{"line":66,"column":10}},"18":{"start":{"line":62,"column":24},"end":{"line":66,"column":8}},"19":{"start":{"line":67,"column":6},"end":{"line":67,"column":83}},"20":{"start":{"line":71,"column":27},"end":{"line":74,"column":3}},"21":{"start":{"line":72,"column":4},"end":{"line":72,"column":55}},"22":{"start":{"line":72,"column":22},"end":{"line":72,"column":52}},"23":{"start":{"line":73,"column":4},"end":{"line":73,"column":58}},"24":{"start":{"line":76,"column":23},"end":{"line":91,"column":3}},"25":{"start":{"line":77,"column":4},"end":{"line":90,"column":5}},"26":{"start":{"line":78,"column":6},"end":{"line":78,"column":75}},"27":{"start":{"line":81,"column":6},"end":{"line":81,"column":43}},"28":{"start":{"line":85,"column":6},"end":{"line":85,"column":61}},"29":{"start":{"line":85,"column":24},"end":{"line":85,"column":58}},"30":{"start":{"line":88,"column":6},"end":{"line":88,"column":45}},"31":{"start":{"line":89,"column":6},"end":{"line":89,"column":78}},"32":{"start":{"line":93,"column":2},"end":{"line":102,"column":3}},"33":{"start":{"line":94,"column":4},"end":{"line":101,"column":6}},"34":{"start":{"line":104,"column":2},"end":{"line":120,"column":3}},"35":{"start":{"line":105,"column":4},"end":{"line":119,"column":6}},"36":{"start":{"line":122,"column":2},"end":{"line":137,"column":3}},"37":{"start":{"line":123,"column":4},"end":{"line":136,"column":6}},"38":{"start":{"line":140,"column":2},"end":{"line":142,"column":3}},"39":{"start":{"line":141,"column":4},"end":{"line":141,"column":30}},"40":{"start":{"line":145,"column":2},"end":{"line":293,"column":4}},"41":{"start":{"line":163,"column":33},"end":{"line":163,"column":58}},"42":{"start":{"line":183,"column":14},"end":{"line":184,"column":null}},"43":{"start":{"line":185,"column":31},"end":{"line":185,"column":83}},"44":{"start":{"line":212,"column":20},"end":{"line":214,"column":21}},"45":{"start":{"line":213,"column":22},"end":{"line":213,"column":73}},"46":{"start":{"line":219,"column":34},"end":{"line":219,"column":85}},"47":{"start":{"line":220,"column":20},"end":{"line":220,"column":57}},"48":{"start":{"line":220,"column":31},"end":{"line":220,"column":57}},"49":{"start":{"line":245,"column":20},"end":{"line":245,"column":39}},"50":{"start":{"line":285,"column":17},"end":{"line":285,"column":52}}},"fnMap":{"0":{"name":"App","decl":{"start":{"line":18,"column":9},"end":{"line":18,"column":12}},"loc":{"start":{"line":18,"column":12},"end":{"line":294,"column":1}}},"1":{"name":"(anonymous_1)","decl":{"start":{"line":27,"column":12},"end":{"line":27,"column":15}},"loc":{"start":{"line":27,"column":17},"end":{"line":29,"column":3}}},"2":{"name":"(anonymous_2)","decl":{"start":{"line":31,"column":24},"end":{"line":31,"column":29}},"loc":{"start":{"line":31,"column":35},"end":{"line":69,"column":3}}},"3":{"name":"(anonymous_3)","decl":{"start":{"line":41,"column":15},"end":{"line":41,"column":19}},"loc":{"start":{"line":41,"column":24},"end":{"line":46,"column":8}}},"4":{"name":"(anonymous_4)","decl":{"start":{"line":57,"column":17},"end":{"line":57,"column":21}},"loc":{"start":{"line":57,"column":26},"end":{"line":57,"column":59}}},"5":{"name":"(anonymous_5)","decl":{"start":{"line":62,"column":15},"end":{"line":62,"column":19}},"loc":{"start":{"line":62,"column":24},"end":{"line":66,"column":8}}},"6":{"name":"(anonymous_6)","decl":{"start":{"line":71,"column":27},"end":{"line":71,"column":28}},"loc":{"start":{"line":71,"column":61},"end":{"line":74,"column":3}}},"7":{"name":"(anonymous_7)","decl":{"start":{"line":72,"column":13},"end":{"line":72,"column":17}},"loc":{"start":{"line":72,"column":22},"end":{"line":72,"column":52}}},"8":{"name":"(anonymous_8)","decl":{"start":{"line":76,"column":23},"end":{"line":76,"column":28}},"loc":{"start":{"line":76,"column":47},"end":{"line":91,"column":3}}},"9":{"name":"(anonymous_9)","decl":{"start":{"line":85,"column":15},"end":{"line":85,"column":19}},"loc":{"start":{"line":85,"column":24},"end":{"line":85,"column":58}}},"10":{"name":"(anonymous_10)","decl":{"start":{"line":163,"column":27},"end":{"line":163,"column":30}},"loc":{"start":{"line":163,"column":33},"end":{"line":163,"column":58}}},"11":{"name":"(anonymous_11)","decl":{"start":{"line":182,"column":18},"end":{"line":182,"column":19}},"loc":{"start":{"line":183,"column":14},"end":{"line":184,"column":null}}},"12":{"name":"(anonymous_12)","decl":{"start":{"line":185,"column":25},"end":{"line":185,"column":28}},"loc":{"start":{"line":185,"column":31},"end":{"line":185,"column":83}}},"13":{"name":"(anonymous_13)","decl":{"start":{"line":211,"column":30},"end":{"line":211,"column":31}},"loc":{"start":{"line":211,"column":36},"end":{"line":215,"column":19}}},"14":{"name":"(anonymous_14)","decl":{"start":{"line":218,"column":27},"end":{"line":218,"column":30}},"loc":{"start":{"line":218,"column":32},"end":{"line":221,"column":19}}},"15":{"name":"(anonymous_15)","decl":{"start":{"line":244,"column":60},"end":{"line":244,"column":61}},"loc":{"start":{"line":245,"column":20},"end":{"line":245,"column":39}}},"16":{"name":"(anonymous_16)","decl":{"start":{"line":284,"column":28},"end":{"line":284,"column":29}},"loc":{"start":{"line":284,"column":39},"end":{"line":287,"column":16}}}},"branchMap":{"0":{"loc":{"start":{"line":56,"column":6},"end":{"line":58,"column":7}},"type":"if","locations":[{"start":{"line":56,"column":6},"end":{"line":58,"column":7}}]},"1":{"loc":{"start":{"line":64,"column":15},"end":{"line":64,"column":82}},"type":"cond-expr","locations":[{"start":{"line":64,"column":40},"end":{"line":64,"column":53}},{"start":{"line":64,"column":56},"end":{"line":64,"column":82}}]},"2":{"loc":{"start":{"line":93,"column":2},"end":{"line":102,"column":3}},"type":"if","locations":[{"start":{"line":93,"column":2},"end":{"line":102,"column":3}}]},"3":{"loc":{"start":{"line":104,"column":2},"end":{"line":120,"column":3}},"type":"if","locations":[{"start":{"line":104,"column":2},"end":{"line":120,"column":3}}]},"4":{"loc":{"start":{"line":122,"column":2},"end":{"line":137,"column":3}},"type":"if","locations":[{"start":{"line":122,"column":2},"end":{"line":137,"column":3}}]},"5":{"loc":{"start":{"line":140,"column":2},"end":{"line":142,"column":3}},"type":"if","locations":[{"start":{"line":140,"column":2},"end":{"line":142,"column":3}}]},"6":{"loc":{"start":{"line":159,"column":26},"end":{"line":159,"column":70}},"type":"binary-expr","locations":[{"start":{"line":159,"column":26},"end":{"line":159,"column":49}},{"start":{"line":159,"column":53},"end":{"line":159,"column":70}}]},"7":{"loc":{"start":{"line":161,"column":15},"end":{"line":167,"column":null}},"type":"binary-expr","locations":[{"start":{"line":161,"column":16},"end":{"line":161,"column":65}},{"start":{"line":161,"column":69},"end":{"line":161,"column":97}},{"start":{"line":162,"column":16},"end":{"line":164,"column":null}}]},"8":{"loc":{"start":{"line":187,"column":18},"end":{"line":189,"column":null}},"type":"cond-expr","locations":[{"start":{"line":188,"column":22},"end":{"line":188,"column":53}},{"start":{"line":189,"column":22},"end":{"line":189,"column":null}}]},"9":{"loc":{"start":{"line":202,"column":9},"end":{"line":268,"column":null}},"type":"binary-expr","locations":[{"start":{"line":202,"column":9},"end":{"line":202,"column":37}},{"start":{"line":203,"column":10},"end":{"line":267,"column":null}}]},"10":{"loc":{"start":{"line":212,"column":20},"end":{"line":214,"column":21}},"type":"if","locations":[{"start":{"line":212,"column":20},"end":{"line":214,"column":21}}]},"11":{"loc":{"start":{"line":220,"column":20},"end":{"line":220,"column":57}},"type":"if","locations":[{"start":{"line":220,"column":20},"end":{"line":220,"column":57}}]},"12":{"loc":{"start":{"line":237,"column":28},"end":{"line":237,"column":115}},"type":"cond-expr","locations":[{"start":{"line":237,"column":53},"end":{"line":237,"column":105}},{"start":{"line":237,"column":108},"end":{"line":237,"column":115}}]},"13":{"loc":{"start":{"line":257,"column":64},"end":{"line":257,"column":90}},"type":"binary-expr","locations":[{"start":{"line":257,"column":64},"end":{"line":257,"column":80}},{"start":{"line":257,"column":84},"end":{"line":257,"column":90}}]},"14":{"loc":{"start":{"line":260,"column":71},"end":{"line":260,"column":107}},"type":"binary-expr","locations":[{"start":{"line":260,"column":71},"end":{"line":260,"column":102}},{"start":{"line":260,"column":106},"end":{"line":260,"column":107}}]},"15":{"loc":{"start":{"line":263,"column":72},"end":{"line":263,"column":107}},"type":"binary-expr","locations":[{"start":{"line":263,"column":72},"end":{"line":263,"column":98}},{"start":{"line":263,"column":102},"end":{"line":263,"column":107}}]},"16":{"loc":{"start":{"line":271,"column":9},"end":{"line":275,"column":null}},"type":"binary-expr","locations":[{"start":{"line":271,"column":9},"end":{"line":271,"column":39}},{"start":{"line":272,"column":10},"end":{"line":274,"column":null}}]},"17":{"loc":{"start":{"line":278,"column":9},"end":{"line":289,"column":null}},"type":"binary-expr","locations":[{"start":{"line":278,"column":9},"end":{"line":278,"column":38}},{"start":{"line":279,"column":10},"end":{"line":288,"column":null}}]}},"s":{"0":0,"1":0,"2":0,"3":0,"4":0,"5":0,"6":0,"7":0,"8":0,"9":0,"10":0,"11":0,"12":0,"13":0,"14":0,"15":0,"16":0,"17":0,"18":0,"19":0,"20":0,"21":0,"22":0,"23":0,"24":0,"25":0,"26":0,"27":0,"28":0,"29":0,"30":0,"31":0,"32":0,"33":0,"34":0,"35":0,"36":0,"37":0,"38":0,"39":0,"40":0,"41":0,"42":0,"43":0,"44":0,"45":0,"46":0,"47":0,"48":0,"49":0,"50":0},"f":{"0":0,"1":0,"2":0,"3":0,"4":0,"5":0,"6":0,"7":0,"8":0,"9":0,"10":0,"11":0,"12":0,"13":0,"14":0,"15":0,"16":0},"b":{"0":[0],"1":[0,0],"2":[0],"3":[0],"4":[0],"5":[0],"6":[0,0],"7":[0,0,0],"8":[0,0],"9":[0,0],"10":[0],"11":[0],"12":[0,0],"13":[0,0],"14":[0,0],"15":[0,0],"16":[0,0],"17":[0,0]}}
,"C:\\Users\\lance\\projects\\new-ext-v2\\src\\components\\ui\\button.tsx": {"path":"C:\\Users\\lance\\projects\\new-ext-v2\\src\\components\\ui\\button.tsx","statementMap":{"0":{"start":{"line":1,"column":0},"end":{"line":1,"column":30}},"1":{"start":{"line":2,"column":0},"end":{"line":2,"column":43}},"2":{"start":{"line":3,"column":0},"end":{"line":3,"column":65}},"3":{"start":{"line":5,"column":0},"end":{"line":5,"column":36}},"4":{"start":{"line":7,"column":23},"end":{"line":33,"column":null}},"5":{"start":{"line":56,"column":17},"end":{"line":56,"column":31}},"6":{"start":{"line":42,"column":15},"end":{"line":52,"column":null}},"7":{"start":{"line":44,"column":17},"end":{"line":44,"column":42}},"8":{"start":{"line":45,"column":4},"end":{"line":51,"column":null}},"9":{"start":{"line":56,"column":9},"end":{"line":56,"column":15}},"10":{"start":{"line":54,"column":0},"end":{"line":54,"column":null}}},"fnMap":{"0":{"name":"(anonymous_9)","decl":{"start":{"line":43,"column":2},"end":{"line":43,"column":3}},"loc":{"start":{"line":43,"column":67},"end":{"line":52,"column":3}}}},"branchMap":{"0":{"loc":{"start":{"line":43,"column":31},"end":{"line":43,"column":46}},"type":"default-arg","locations":[{"start":{"line":43,"column":41},"end":{"line":43,"column":46}}]},"1":{"loc":{"start":{"line":44,"column":17},"end":{"line":44,"column":42}},"type":"cond-expr","locations":[{"start":{"line":44,"column":27},"end":{"line":44,"column":31}},{"start":{"line":44,"column":34},"end":{"line":44,"column":42}}]}},"s":{"0":1,"1":1,"2":1,"3":1,"4":1,"5":1,"6":1,"7":6,"8":6,"9":1,"10":1},"f":{"0":6},"b":{"0":[5],"1":[1,5]}}
,"C:\\Users\\lance\\projects\\new-ext-v2\\src\\components\\ui\\data-grid.tsx": {"path":"C:\\Users\\lance\\projects\\new-ext-v2\\src\\components\\ui\\data-grid.tsx","statementMap":{"0":{"start":{"line":20,"column":24},"end":{"line":61,"column":1}},"1":{"start":{"line":31,"column":18},"end":{"line":31,"column":43}},"2":{"start":{"line":32,"column":21},"end":{"line":32,"column":49}},"3":{"start":{"line":34,"column":26},"end":{"line":39,"column":19}},"4":{"start":{"line":35,"column":4},"end":{"line":35,"column":36}},"5":{"start":{"line":36,"column":4},"end":{"line":38,"column":5}},"6":{"start":{"line":37,"column":6},"end":{"line":37,"column":26}},"7":{"start":{"line":41,"column":2},"end":{"line":60,"column":4}}},"fnMap":{"0":{"name":"(anonymous_0)","decl":{"start":{"line":20,"column":24},"end":{"line":20,"column":43}},"loc":{"start":{"line":30,"column":23},"end":{"line":61,"column":1}}},"1":{"name":"(anonymous_1)","decl":{"start":{"line":34,"column":38},"end":{"line":34,"column":39}},"loc":{"start":{"line":34,"column":65},"end":{"line":39,"column":3}}}},"branchMap":{"0":{"loc":{"start":{"line":23,"column":2},"end":{"line":23,"column":31}},"type":"default-arg","locations":[{"start":{"line":23,"column":14},"end":{"line":23,"column":31}}]},"1":{"loc":{"start":{"line":24,"column":2},"end":{"line":28,"column":null}},"type":"default-arg","locations":[{"start":{"line":24,"column":18},"end":{"line":28,"column":null}}]},"2":{"loc":{"start":{"line":36,"column":4},"end":{"line":38,"column":5}},"type":"if","locations":[{"start":{"line":36,"column":4},"end":{"line":38,"column":5}}]}},"s":{"0":0,"1":0,"2":0,"3":0,"4":0,"5":0,"6":0,"7":0},"f":{"0":0,"1":0},"b":{"0":[0],"1":[0],"2":[0]}}
,"C:\\Users\\lance\\projects\\new-ext-v2\\src\\extension\\background\\background.ts": {"path":"C:\\Users\\lance\\projects\\new-ext-v2\\src\\extension\\background\\background.ts","statementMap":{"0":{"start":{"line":2,"column":0},"end":{"line":2,"column":40}},"1":{"start":{"line":13,"column":2},"end":{"line":13,"column":58}},"2":{"start":{"line":14,"column":2},"end":{"line":14,"column":54}},"3":{"start":{"line":17,"column":2},"end":{"line":17,"column":23}},"4":{"start":{"line":20,"column":2},"end":{"line":20,"column":17}},"5":{"start":{"line":22,"column":2},"end":{"line":22,"column":48}},"6":{"start":{"line":26,"column":2},"end":{"line":26,"column":54}},"7":{"start":{"line":29,"column":2},"end":{"line":31,"column":3}},"8":{"start":{"line":30,"column":4},"end":{"line":30,"column":25}},"9":{"start":{"line":36,"column":2},"end":{"line":59,"column":5}},"10":{"start":{"line":37,"column":4},"end":{"line":58,"column":5}},"11":{"start":{"line":38,"column":6},"end":{"line":38,"column":78}},"12":{"start":{"line":41,"column":24},"end":{"line":41,"column":205}},"13":{"start":{"line":43,"column":35},"end":{"line":46,"column":8}},"14":{"start":{"line":48,"column":6},"end":{"line":55,"column":9}},"15":{"start":{"line":49,"column":8},"end":{"line":49,"column":65}},"16":{"start":{"line":52,"column":8},"end":{"line":54,"column":11}},"17":{"start":{"line":53,"column":10},"end":{"line":53,"column":64}},"18":{"start":{"line":57,"column":6},"end":{"line":57,"column":72}},"19":{"start":{"line":63,"column":2},"end":{"line":80,"column":5}},"20":{"start":{"line":64,"column":22},"end":{"line":64,"column":72}},"21":{"start":{"line":66,"column":4},"end":{"line":79,"column":5}},"22":{"start":{"line":67,"column":6},"end":{"line":78,"column":9}},"23":{"start":{"line":88,"column":2},"end":{"line":88,"column":63}},"24":{"start":{"line":91,"column":2},"end":{"line":94,"column":3}},"25":{"start":{"line":92,"column":4},"end":{"line":92,"column":33}},"26":{"start":{"line":93,"column":4},"end":{"line":93,"column":16}},"27":{"start":{"line":96,"column":2},"end":{"line":99,"column":3}},"28":{"start":{"line":97,"column":4},"end":{"line":97,"column":44}},"29":{"start":{"line":98,"column":4},"end":{"line":98,"column":16}},"30":{"start":{"line":101,"column":2},"end":{"line":104,"column":3}},"31":{"start":{"line":102,"column":4},"end":{"line":102,"column":47}},"32":{"start":{"line":103,"column":4},"end":{"line":103,"column":16}},"33":{"start":{"line":107,"column":2},"end":{"line":113,"column":3}},"34":{"start":{"line":108,"column":4},"end":{"line":111,"column":7}},"35":{"start":{"line":109,"column":6},"end":{"line":109,"column":48}},"36":{"start":{"line":110,"column":6},"end":{"line":110,"column":40}},"37":{"start":{"line":112,"column":4},"end":{"line":112,"column":16}},"38":{"start":{"line":116,"column":2},"end":{"line":116,"column":15}},"39":{"start":{"line":120,"column":2},"end":{"line":165,"column":5}},"40":{"start":{"line":121,"column":4},"end":{"line":121,"column":62}},"41":{"start":{"line":123,"column":4},"end":{"line":164,"column":5}},"42":{"start":{"line":124,"column":24},"end":{"line":124,"column":53}},"43":{"start":{"line":127,"column":6},"end":{"line":137,"column":7}},"44":{"start":{"line":128,"column":8},"end":{"line":128,"column":47}},"45":{"start":{"line":129,"column":8},"end":{"line":129,"column":38}},"46":{"start":{"line":131,"column":8},"end":{"line":131,"column":106}},"47":{"start":{"line":132,"column":8},"end":{"line":136,"column":11}},"48":{"start":{"line":140,"column":6},"end":{"line":163,"column":9}},"49":{"start":{"line":141,"column":8},"end":{"line":162,"column":9}},"50":{"start":{"line":142,"column":10},"end":{"line":142,"column":61}},"51":{"start":{"line":145,"column":39},"end":{"line":148,"column":12}},"52":{"start":{"line":151,"column":10},"end":{"line":153,"column":13}},"53":{"start":{"line":152,"column":12},"end":{"line":152,"column":56}},"54":{"start":{"line":155,"column":10},"end":{"line":158,"column":13}},"55":{"start":{"line":160,"column":10},"end":{"line":160,"column":51}},"56":{"start":{"line":161,"column":10},"end":{"line":161,"column":40}},"57":{"start":{"line":169,"column":2},"end":{"line":173,"column":3}},"58":{"start":{"line":170,"column":4},"end":{"line":170,"column":60}},"59":{"start":{"line":171,"column":4},"end":{"line":171,"column":61}},"60":{"start":{"line":172,"column":4},"end":{"line":172,"column":11}},"61":{"start":{"line":175,"column":2},"end":{"line":175,"column":89}},"62":{"start":{"line":177,"column":31},"end":{"line":181,"column":4}},"63":{"start":{"line":183,"column":2},"end":{"line":198,"column":5}},"64":{"start":{"line":184,"column":4},"end":{"line":197,"column":5}},"65":{"start":{"line":185,"column":6},"end":{"line":185,"column":72}},"66":{"start":{"line":186,"column":6},"end":{"line":186,"column":80}},"67":{"start":{"line":188,"column":6},"end":{"line":188,"column":47}},"68":{"start":{"line":191,"column":6},"end":{"line":191,"column":61}},"69":{"start":{"line":194,"column":6},"end":{"line":194,"column":44}},"70":{"start":{"line":196,"column":6},"end":{"line":196,"column":38}},"71":{"start":{"line":203,"column":18},"end":{"line":205,"column":55}},"72":{"start":{"line":207,"column":2},"end":{"line":207,"column":28}},"73":{"start":{"line":212,"column":2},"end":{"line":225,"column":5}},"74":{"start":{"line":213,"column":4},"end":{"line":224,"column":5}},"75":{"start":{"line":214,"column":6},"end":{"line":223,"column":7}},"76":{"start":{"line":215,"column":8},"end":{"line":222,"column":9}},"77":{"start":{"line":216,"column":10},"end":{"line":219,"column":13}},"78":{"start":{"line":229,"column":0},"end":{"line":229,"column":13}}},"fnMap":{"0":{"name":"initialize","decl":{"start":{"line":11,"column":9},"end":{"line":11,"column":19}},"loc":{"start":{"line":11,"column":19},"end":{"line":23,"column":1}}},"1":{"name":"handleInstalled","decl":{"start":{"line":25,"column":9},"end":{"line":25,"column":24}},"loc":{"start":{"line":25,"column":65},"end":{"line":32,"column":1}}},"2":{"name":"addTestToken","decl":{"start":{"line":35,"column":9},"end":{"line":35,"column":21}},"loc":{"start":{"line":35,"column":21},"end":{"line":60,"column":1}}},"3":{"name":"(anonymous_3)","decl":{"start":{"line":36,"column":42},"end":{"line":36,"column":43}},"loc":{"start":{"line":36,"column":53},"end":{"line":59,"column":3}}},"4":{"name":"(anonymous_4)","decl":{"start":{"line":48,"column":46},"end":{"line":48,"column":49}},"loc":{"start":{"line":48,"column":51},"end":{"line":55,"column":7}}},"5":{"name":"(anonymous_5)","decl":{"start":{"line":52,"column":59},"end":{"line":52,"column":62}},"loc":{"start":{"line":52,"column":64},"end":{"line":54,"column":9}}},"6":{"name":"initializeSettings","decl":{"start":{"line":62,"column":9},"end":{"line":62,"column":27}},"loc":{"start":{"line":62,"column":27},"end":{"line":81,"column":1}}},"7":{"name":"(anonymous_7)","decl":{"start":{"line":63,"column":67},"end":{"line":63,"column":68}},"loc":{"start":{"line":63,"column":78},"end":{"line":80,"column":3}}},"8":{"name":"handleMessage","decl":{"start":{"line":83,"column":9},"end":{"line":83,"column":22}},"loc":{"start":{"line":86,"column":40},"end":{"line":117,"column":1}}},"9":{"name":"(anonymous_9)","decl":{"start":{"line":108,"column":35},"end":{"line":108,"column":36}},"loc":{"start":{"line":108,"column":46},"end":{"line":111,"column":5}}},"10":{"name":"handleGetToken","decl":{"start":{"line":119,"column":9},"end":{"line":119,"column":23}},"loc":{"start":{"line":119,"column":61},"end":{"line":166,"column":1}}},"11":{"name":"(anonymous_11)","decl":{"start":{"line":120,"column":42},"end":{"line":120,"column":43}},"loc":{"start":{"line":120,"column":53},"end":{"line":165,"column":3}}},"12":{"name":"(anonymous_12)","decl":{"start":{"line":140,"column":46},"end":{"line":140,"column":47}},"loc":{"start":{"line":140,"column":60},"end":{"line":163,"column":7}}},"13":{"name":"(anonymous_13)","decl":{"start":{"line":151,"column":50},"end":{"line":151,"column":53}},"loc":{"start":{"line":151,"column":55},"end":{"line":153,"column":11}}},"14":{"name":"handleStoreToken","decl":{"start":{"line":168,"column":9},"end":{"line":168,"column":25}},"loc":{"start":{"line":168,"column":77},"end":{"line":199,"column":1}}},"15":{"name":"(anonymous_15)","decl":{"start":{"line":183,"column":42},"end":{"line":183,"column":45}},"loc":{"start":{"line":183,"column":47},"end":{"line":198,"column":3}}},"16":{"name":"handleValidateToken","decl":{"start":{"line":201,"column":9},"end":{"line":201,"column":28}},"loc":{"start":{"line":201,"column":80},"end":{"line":208,"column":1}}},"17":{"name":"broadcastTokenUpdate","decl":{"start":{"line":210,"column":9},"end":{"line":210,"column":29}},"loc":{"start":{"line":210,"column":43},"end":{"line":226,"column":1}}},"18":{"name":"(anonymous_18)","decl":{"start":{"line":212,"column":65},"end":{"line":212,"column":66}},"loc":{"start":{"line":212,"column":74},"end":{"line":225,"column":3}}}},"branchMap":{"0":{"loc":{"start":{"line":29,"column":2},"end":{"line":31,"column":3}},"type":"if","locations":[{"start":{"line":29,"column":2},"end":{"line":31,"column":3}}]},"1":{"loc":{"start":{"line":37,"column":4},"end":{"line":58,"column":5}},"type":"if","locations":[{"start":{"line":37,"column":4},"end":{"line":58,"column":5}},{"start":{"line":56,"column":11},"end":{"line":58,"column":5}}]},"2":{"loc":{"start":{"line":64,"column":22},"end":{"line":64,"column":72}},"type":"binary-expr","locations":[{"start":{"line":64,"column":22},"end":{"line":64,"column":45}},{"start":{"line":64,"column":49},"end":{"line":64,"column":72}}]},"3":{"loc":{"start":{"line":66,"column":4},"end":{"line":79,"column":5}},"type":"if","locations":[{"start":{"line":66,"column":4},"end":{"line":79,"column":5}}]},"4":{"loc":{"start":{"line":91,"column":2},"end":{"line":94,"column":3}},"type":"if","locations":[{"start":{"line":91,"column":2},"end":{"line":94,"column":3}}]},"5":{"loc":{"start":{"line":96,"column":2},"end":{"line":99,"column":3}},"type":"if","locations":[{"start":{"line":96,"column":2},"end":{"line":99,"column":3}}]},"6":{"loc":{"start":{"line":101,"column":2},"end":{"line":104,"column":3}},"type":"if","locations":[{"start":{"line":101,"column":2},"end":{"line":104,"column":3}}]},"7":{"loc":{"start":{"line":107,"column":2},"end":{"line":113,"column":3}},"type":"if","locations":[{"start":{"line":107,"column":2},"end":{"line":113,"column":3}}]},"8":{"loc":{"start":{"line":123,"column":4},"end":{"line":164,"column":5}},"type":"if","locations":[{"start":{"line":123,"column":4},"end":{"line":164,"column":5}},{"start":{"line":138,"column":11},"end":{"line":164,"column":5}}]},"9":{"loc":{"start":{"line":127,"column":6},"end":{"line":137,"column":7}},"type":"if","locations":[{"start":{"line":127,"column":6},"end":{"line":137,"column":7}},{"start":{"line":130,"column":13},"end":{"line":137,"column":7}}]},"10":{"loc":{"start":{"line":127,"column":10},"end":{"line":127,"column":66}},"type":"binary-expr","locations":[{"start":{"line":127,"column":10},"end":{"line":127,"column":29}},{"start":{"line":127,"column":33},"end":{"line":127,"column":66}}]},"11":{"loc":{"start":{"line":141,"column":8},"end":{"line":162,"column":9}},"type":"if","locations":[{"start":{"line":141,"column":8},"end":{"line":162,"column":9}},{"start":{"line":159,"column":15},"end":{"line":162,"column":9}}]},"12":{"loc":{"start":{"line":169,"column":2},"end":{"line":173,"column":3}},"type":"if","locations":[{"start":{"line":169,"column":2},"end":{"line":173,"column":3}}]},"13":{"loc":{"start":{"line":169,"column":6},"end":{"line":169,"column":57}},"type":"binary-expr","locations":[{"start":{"line":169,"column":6},"end":{"line":169,"column":20}},{"start":{"line":169,"column":24},"end":{"line":169,"column":57}}]},"14":{"loc":{"start":{"line":179,"column":15},"end":{"line":179,"column":58}},"type":"binary-expr","locations":[{"start":{"line":179,"column":15},"end":{"line":179,"column":32}},{"start":{"line":179,"column":37},"end":{"line":179,"column":57}}]},"15":{"loc":{"start":{"line":184,"column":4},"end":{"line":197,"column":5}},"type":"if","locations":[{"start":{"line":184,"column":4},"end":{"line":197,"column":5}},{"start":{"line":187,"column":11},"end":{"line":197,"column":5}}]},"16":{"loc":{"start":{"line":203,"column":18},"end":{"line":205,"column":55}},"type":"binary-expr","locations":[{"start":{"line":203,"column":18},"end":{"line":203,"column":31}},{"start":{"line":204,"column":18},"end":{"line":204,"column":51}},{"start":{"line":205,"column":18},"end":{"line":205,"column":55}}]},"17":{"loc":{"start":{"line":214,"column":6},"end":{"line":223,"column":7}},"type":"if","locations":[{"start":{"line":214,"column":6},"end":{"line":223,"column":7}}]}},"s":{"0":0,"1":0,"2":0,"3":0,"4":0,"5":0,"6":0,"7":0,"8":0,"9":0,"10":0,"11":0,"12":0,"13":0,"14":0,"15":0,"16":0,"17":0,"18":0,"19":0,"20":0,"21":0,"22":0,"23":0,"24":0,"25":0,"26":0,"27":0,"28":0,"29":0,"30":0,"31":0,"32":0,"33":0,"34":0,"35":0,"36":0,"37":0,"38":0,"39":0,"40":0,"41":0,"42":0,"43":0,"44":0,"45":0,"46":0,"47":0,"48":0,"49":0,"50":0,"51":0,"52":0,"53":0,"54":0,"55":0,"56":0,"57":0,"58":0,"59":0,"60":0,"61":0,"62":0,"63":0,"64":0,"65":0,"66":0,"67":0,"68":0,"69":0,"70":0,"71":0,"72":0,"73":0,"74":0,"75":0,"76":0,"77":0,"78":0},"f":{"0":0,"1":0,"2":0,"3":0,"4":0,"5":0,"6":0,"7":0,"8":0,"9":0,"10":0,"11":0,"12":0,"13":0,"14":0,"15":0,"16":0,"17":0,"18":0},"b":{"0":[0],"1":[0,0],"2":[0,0],"3":[0],"4":[0],"5":[0],"6":[0],"7":[0],"8":[0,0],"9":[0,0],"10":[0,0],"11":[0,0],"12":[0],"13":[0,0],"14":[0,0],"15":[0,0],"16":[0,0,0],"17":[0]}}
,"C:\\Users\\lance\\projects\\new-ext-v2\\src\\extension\\content\\content.ts": {"path":"C:\\Users\\lance\\projects\\new-ext-v2\\src\\extension\\content\\content.ts","statementMap":{"0":{"start":{"line":7,"column":10},"end":{"line":7,"column":null}},"1":{"start":{"line":8,"column":10},"end":{"line":8,"column":null}},"2":{"start":{"line":11,"column":4},"end":{"line":11,"column":43}},"3":{"start":{"line":12,"column":4},"end":{"line":12,"column":22}},"4":{"start":{"line":16,"column":4},"end":{"line":16,"column":59}},"5":{"start":{"line":19,"column":4},"end":{"line":19,"column":38}},"6":{"start":{"line":22,"column":4},"end":{"line":22,"column":30}},"7":{"start":{"line":23,"column":4},"end":{"line":23,"column":32}},"8":{"start":{"line":26,"column":4},"end":{"line":26,"column":33}},"9":{"start":{"line":28,"column":4},"end":{"line":28,"column":55}},"10":{"start":{"line":32,"column":4},"end":{"line":73,"column":5}},"11":{"start":{"line":33,"column":6},"end":{"line":33,"column":83}},"12":{"start":{"line":36,"column":26},"end":{"line":36,"column":75}},"13":{"start":{"line":38,"column":6},"end":{"line":41,"column":7}},"14":{"start":{"line":39,"column":8},"end":{"line":39,"column":74}},"15":{"start":{"line":40,"column":8},"end":{"line":40,"column":15}},"16":{"start":{"line":43,"column":23},"end":{"line":43,"column":46}},"17":{"start":{"line":44,"column":20},"end":{"line":44,"column":88}},"18":{"start":{"line":45,"column":29},"end":{"line":45,"column":104}},"19":{"start":{"line":48,"column":6},"end":{"line":51,"column":7}},"20":{"start":{"line":49,"column":8},"end":{"line":49,"column":53}},"21":{"start":{"line":50,"column":8},"end":{"line":50,"column":15}},"22":{"start":{"line":54,"column":6},"end":{"line":62,"column":7}},"23":{"start":{"line":55,"column":31},"end":{"line":55,"column":56}},"24":{"start":{"line":56,"column":28},"end":{"line":56,"column":38}},"25":{"start":{"line":58,"column":8},"end":{"line":61,"column":9}},"26":{"start":{"line":59,"column":10},"end":{"line":59,"column":42}},"27":{"start":{"line":60,"column":10},"end":{"line":60,"column":17}},"28":{"start":{"line":64,"column":6},"end":{"line":64,"column":56}},"29":{"start":{"line":68,"column":6},"end":{"line":68,"column":46}},"30":{"start":{"line":70,"column":6},"end":{"line":70,"column":68}},"31":{"start":{"line":72,"column":6},"end":{"line":72,"column":54}},"32":{"start":{"line":77,"column":4},"end":{"line":91,"column":7}},"33":{"start":{"line":78,"column":6},"end":{"line":90,"column":9}},"34":{"start":{"line":82,"column":8},"end":{"line":89,"column":9}},"35":{"start":{"line":83,"column":10},"end":{"line":83,"column":62}},"36":{"start":{"line":84,"column":15},"end":{"line":89,"column":9}},"37":{"start":{"line":85,"column":10},"end":{"line":85,"column":70}},"38":{"start":{"line":86,"column":10},"end":{"line":86,"column":20}},"39":{"start":{"line":88,"column":10},"end":{"line":88,"column":72}},"40":{"start":{"line":96,"column":18},"end":{"line":96,"column":31}},"41":{"start":{"line":98,"column":24},"end":{"line":107,"column":6}},"42":{"start":{"line":99,"column":25},"end":{"line":99,"column":38}},"43":{"start":{"line":100,"column":6},"end":{"line":106,"column":7}},"44":{"start":{"line":101,"column":8},"end":{"line":101,"column":29}},"45":{"start":{"line":102,"column":8},"end":{"line":102,"column":51}},"46":{"start":{"line":105,"column":8},"end":{"line":105,"column":60}},"47":{"start":{"line":105,"column":25},"end":{"line":105,"column":52}},"48":{"start":{"line":109,"column":4},"end":{"line":112,"column":7}},"49":{"start":{"line":114,"column":4},"end":{"line":114,"column":37}},"50":{"start":{"line":117,"column":4},"end":{"line":119,"column":7}},"51":{"start":{"line":118,"column":6},"end":{"line":118,"column":57}},"52":{"start":{"line":118,"column":23},"end":{"line":118,"column":50}},"53":{"start":{"line":121,"column":4},"end":{"line":123,"column":7}},"54":{"start":{"line":122,"column":6},"end":{"line":122,"column":57}},"55":{"start":{"line":122,"column":23},"end":{"line":122,"column":50}},"56":{"start":{"line":128,"column":28},"end":{"line":128,"column":48}},"57":{"start":{"line":129,"column":4},"end":{"line":137,"column":6}},"58":{"start":{"line":130,"column":6},"end":{"line":130,"column":53}},"59":{"start":{"line":133,"column":6},"end":{"line":136,"column":7}},"60":{"start":{"line":134,"column":8},"end":{"line":134,"column":78}},"61":{"start":{"line":135,"column":8},"end":{"line":135,"column":59}},"62":{"start":{"line":135,"column":25},"end":{"line":135,"column":52}},"63":{"start":{"line":140,"column":4},"end":{"line":145,"column":7}},"64":{"start":{"line":141,"column":6},"end":{"line":144,"column":7}},"65":{"start":{"line":142,"column":8},"end":{"line":142,"column":72}},"66":{"start":{"line":143,"column":8},"end":{"line":143,"column":59}},"67":{"start":{"line":143,"column":25},"end":{"line":143,"column":52}},"68":{"start":{"line":149,"column":4},"end":{"line":175,"column":7}},"69":{"start":{"line":150,"column":6},"end":{"line":150,"column":86}},"70":{"start":{"line":152,"column":6},"end":{"line":174,"column":7}},"71":{"start":{"line":154,"column":10},"end":{"line":154,"column":55}},"72":{"start":{"line":155,"column":10},"end":{"line":155,"column":22}},"73":{"start":{"line":158,"column":10},"end":{"line":158,"column":55}},"74":{"start":{"line":159,"column":10},"end":{"line":159,"column":22}},"75":{"start":{"line":162,"column":10},"end":{"line":162,"column":54}},"76":{"start":{"line":163,"column":10},"end":{"line":163,"column":22}},"77":{"start":{"line":167,"column":10},"end":{"line":167,"column":60}},"78":{"start":{"line":168,"column":10},"end":{"line":168,"column":42}},"79":{"start":{"line":169,"column":10},"end":{"line":169,"column":23}},"80":{"start":{"line":172,"column":10},"end":{"line":172,"column":86}},"81":{"start":{"line":173,"column":10},"end":{"line":173,"column":23}},"82":{"start":{"line":179,"column":4},"end":{"line":195,"column":5}},"83":{"start":{"line":180,"column":6},"end":{"line":180,"column":40}},"84":{"start":{"line":183,"column":26},"end":{"line":183,"column":75}},"85":{"start":{"line":184,"column":6},"end":{"line":190,"column":7}},"86":{"start":{"line":185,"column":25},"end":{"line":185,"column":48}},"87":{"start":{"line":186,"column":22},"end":{"line":186,"column":90}},"88":{"start":{"line":187,"column":8},"end":{"line":187,"column":47}},"89":{"start":{"line":189,"column":8},"end":{"line":189,"column":66}},"90":{"start":{"line":192,"column":6},"end":{"line":192,"column":68}},"91":{"start":{"line":193,"column":27},"end":{"line":193,"column":83}},"92":{"start":{"line":194,"column":6},"end":{"line":194,"column":60}},"93":{"start":{"line":199,"column":4},"end":{"line":206,"column":5}},"94":{"start":{"line":200,"column":6},"end":{"line":200,"column":40}},"95":{"start":{"line":201,"column":6},"end":{"line":201,"column":38}},"96":{"start":{"line":203,"column":6},"end":{"line":203,"column":68}},"97":{"start":{"line":204,"column":27},"end":{"line":204,"column":83}},"98":{"start":{"line":205,"column":6},"end":{"line":205,"column":60}},"99":{"start":{"line":210,"column":21},"end":{"line":216,"column":6}},"100":{"start":{"line":218,"column":4},"end":{"line":218,"column":46}},"101":{"start":{"line":222,"column":4},"end":{"line":223,"column":75}},"102":{"start":{"line":227,"column":26},"end":{"line":233,"column":6}},"103":{"start":{"line":235,"column":4},"end":{"line":237,"column":6}},"104":{"start":{"line":236,"column":6},"end":{"line":236,"column":47}},"105":{"start":{"line":241,"column":17},"end":{"line":241,"column":19}},"106":{"start":{"line":243,"column":4},"end":{"line":250,"column":5}},"107":{"start":{"line":244,"column":6},"end":{"line":247,"column":7}},"108":{"start":{"line":244,"column":19},"end":{"line":244,"column":20}},"109":{"start":{"line":245,"column":20},"end":{"line":245,"column":39}},"110":{"start":{"line":246,"column":8},"end":{"line":246,"column":32}},"111":{"start":{"line":246,"column":17},"end":{"line":246,"column":32}},"112":{"start":{"line":249,"column":6},"end":{"line":249,"column":63}},"113":{"start":{"line":252,"column":4},"end":{"line":252,"column":16}},"114":{"start":{"line":257,"column":4},"end":{"line":257,"column":62}},"115":{"start":{"line":257,"column":39},"end":{"line":257,"column":60}},"116":{"start":{"line":258,"column":4},"end":{"line":258,"column":24}},"117":{"start":{"line":259,"column":4},"end":{"line":259,"column":53}},"118":{"start":{"line":264,"column":43},"end":{"line":264,"column":47}},"119":{"start":{"line":267,"column":0},"end":{"line":273,"column":1}},"120":{"start":{"line":268,"column":2},"end":{"line":270,"column":5}},"121":{"start":{"line":269,"column":4},"end":{"line":269,"column":41}},"122":{"start":{"line":272,"column":2},"end":{"line":272,"column":39}},"123":{"start":{"line":276,"column":0},"end":{"line":280,"column":3}},"124":{"start":{"line":277,"column":2},"end":{"line":279,"column":3}},"125":{"start":{"line":278,"column":4},"end":{"line":278,"column":28}},"126":{"start":{"line":283,"column":1},"end":{"line":283,"column":50}}},"fnMap":{"0":{"name":"(anonymous_0)","decl":{"start":{"line":10,"column":2},"end":{"line":10,"column":null}},"loc":{"start":{"line":10,"column":2},"end":{"line":13,"column":3}}},"1":{"name":"(anonymous_1)","decl":{"start":{"line":15,"column":10},"end":{"line":15,"column":15}},"loc":{"start":{"line":15,"column":26},"end":{"line":29,"column":3}}},"2":{"name":"(anonymous_2)","decl":{"start":{"line":31,"column":10},"end":{"line":31,"column":15}},"loc":{"start":{"line":31,"column":36},"end":{"line":74,"column":3}}},"3":{"name":"(anonymous_3)","decl":{"start":{"line":76,"column":10},"end":{"line":76,"column":15}},"loc":{"start":{"line":76,"column":51},"end":{"line":92,"column":3}}},"4":{"name":"(anonymous_4)","decl":{"start":{"line":77,"column":29},"end":{"line":77,"column":30}},"loc":{"start":{"line":77,"column":49},"end":{"line":91,"column":5}}},"5":{"name":"(anonymous_5)","decl":{"start":{"line":81,"column":9},"end":{"line":81,"column":10}},"loc":{"start":{"line":81,"column":22},"end":{"line":90,"column":7}}},"6":{"name":"(anonymous_6)","decl":{"start":{"line":94,"column":10},"end":{"line":94,"column":28}},"loc":{"start":{"line":94,"column":28},"end":{"line":124,"column":3}}},"7":{"name":"(anonymous_7)","decl":{"start":{"line":98,"column":45},"end":{"line":98,"column":48}},"loc":{"start":{"line":98,"column":50},"end":{"line":107,"column":5}}},"8":{"name":"(anonymous_8)","decl":{"start":{"line":105,"column":19},"end":{"line":105,"column":22}},"loc":{"start":{"line":105,"column":25},"end":{"line":105,"column":52}}},"9":{"name":"(anonymous_9)","decl":{"start":{"line":117,"column":40},"end":{"line":117,"column":43}},"loc":{"start":{"line":117,"column":45},"end":{"line":119,"column":5}}},"10":{"name":"(anonymous_10)","decl":{"start":{"line":118,"column":17},"end":{"line":118,"column":20}},"loc":{"start":{"line":118,"column":23},"end":{"line":118,"column":50}}},"11":{"name":"(anonymous_11)","decl":{"start":{"line":121,"column":42},"end":{"line":121,"column":45}},"loc":{"start":{"line":121,"column":47},"end":{"line":123,"column":5}}},"12":{"name":"(anonymous_12)","decl":{"start":{"line":122,"column":17},"end":{"line":122,"column":20}},"loc":{"start":{"line":122,"column":23},"end":{"line":122,"column":50}}},"13":{"name":"(anonymous_13)","decl":{"start":{"line":126,"column":10},"end":{"line":126,"column":30}},"loc":{"start":{"line":126,"column":30},"end":{"line":146,"column":3}}},"14":{"name":"(anonymous_14)","decl":{"start":{"line":129,"column":27},"end":{"line":129,"column":28}},"loc":{"start":{"line":129,"column":58},"end":{"line":137,"column":5}}},"15":{"name":"(anonymous_15)","decl":{"start":{"line":135,"column":19},"end":{"line":135,"column":22}},"loc":{"start":{"line":135,"column":25},"end":{"line":135,"column":52}}},"16":{"name":"(anonymous_16)","decl":{"start":{"line":140,"column":39},"end":{"line":140,"column":40}},"loc":{"start":{"line":140,"column":45},"end":{"line":145,"column":5}}},"17":{"name":"(anonymous_17)","decl":{"start":{"line":143,"column":19},"end":{"line":143,"column":22}},"loc":{"start":{"line":143,"column":25},"end":{"line":143,"column":52}}},"18":{"name":"(anonymous_18)","decl":{"start":{"line":148,"column":10},"end":{"line":148,"column":31}},"loc":{"start":{"line":148,"column":31},"end":{"line":176,"column":3}}},"19":{"name":"(anonymous_19)","decl":{"start":{"line":149,"column":41},"end":{"line":149,"column":42}},"loc":{"start":{"line":149,"column":75},"end":{"line":175,"column":5}}},"20":{"name":"(anonymous_20)","decl":{"start":{"line":178,"column":10},"end":{"line":178,"column":15}},"loc":{"start":{"line":178,"column":79},"end":{"line":196,"column":3}}},"21":{"name":"(anonymous_21)","decl":{"start":{"line":198,"column":10},"end":{"line":198,"column":15}},"loc":{"start":{"line":198,"column":79},"end":{"line":207,"column":3}}},"22":{"name":"(anonymous_22)","decl":{"start":{"line":209,"column":10},"end":{"line":209,"column":34}},"loc":{"start":{"line":209,"column":72},"end":{"line":219,"column":3}}},"23":{"name":"(anonymous_23)","decl":{"start":{"line":221,"column":10},"end":{"line":221,"column":23}},"loc":{"start":{"line":221,"column":23},"end":{"line":224,"column":3}}},"24":{"name":"(anonymous_24)","decl":{"start":{"line":226,"column":10},"end":{"line":226,"column":31}},"loc":{"start":{"line":226,"column":31},"end":{"line":238,"column":3}}},"25":{"name":"(anonymous_25)","decl":{"start":{"line":235,"column":30},"end":{"line":235,"column":38}},"loc":{"start":{"line":236,"column":6},"end":{"line":236,"column":47}}},"26":{"name":"(anonymous_26)","decl":{"start":{"line":240,"column":10},"end":{"line":240,"column":24}},"loc":{"start":{"line":240,"column":24},"end":{"line":253,"column":3}}},"27":{"name":"(anonymous_27)","decl":{"start":{"line":256,"column":9},"end":{"line":256,"column":16}},"loc":{"start":{"line":256,"column":16},"end":{"line":260,"column":3}}},"28":{"name":"(anonymous_28)","decl":{"start":{"line":257,"column":27},"end":{"line":257,"column":35}},"loc":{"start":{"line":257,"column":39},"end":{"line":257,"column":60}}},"29":{"name":"(anonymous_29)","decl":{"start":{"line":268,"column":48},"end":{"line":268,"column":51}},"loc":{"start":{"line":268,"column":53},"end":{"line":270,"column":3}}},"30":{"name":"(anonymous_30)","decl":{"start":{"line":276,"column":40},"end":{"line":276,"column":43}},"loc":{"start":{"line":276,"column":45},"end":{"line":280,"column":1}}}},"branchMap":{"0":{"loc":{"start":{"line":38,"column":6},"end":{"line":41,"column":7}},"type":"if","locations":[{"start":{"line":38,"column":6},"end":{"line":41,"column":7}}]},"1":{"loc":{"start":{"line":44,"column":20},"end":{"line":44,"column":88}},"type":"binary-expr","locations":[{"start":{"line":44,"column":20},"end":{"line":44,"column":28}},{"start":{"line":44,"column":32},"end":{"line":44,"column":54}},{"start":{"line":44,"column":58},"end":{"line":44,"column":88}}]},"2":{"loc":{"start":{"line":45,"column":29},"end":{"line":45,"column":104}},"type":"binary-expr","locations":[{"start":{"line":45,"column":29},"end":{"line":45,"column":37}},{"start":{"line":45,"column":41},"end":{"line":45,"column":63}},{"start":{"line":45,"column":67},"end":{"line":45,"column":104}}]},"3":{"loc":{"start":{"line":48,"column":6},"end":{"line":51,"column":7}},"type":"if","locations":[{"start":{"line":48,"column":6},"end":{"line":51,"column":7}}]},"4":{"loc":{"start":{"line":54,"column":6},"end":{"line":62,"column":7}},"type":"if","locations":[{"start":{"line":54,"column":6},"end":{"line":62,"column":7}}]},"5":{"loc":{"start":{"line":58,"column":8},"end":{"line":61,"column":9}},"type":"if","locations":[{"start":{"line":58,"column":8},"end":{"line":61,"column":9}}]},"6":{"loc":{"start":{"line":82,"column":8},"end":{"line":89,"column":9}},"type":"if","locations":[{"start":{"line":82,"column":8},"end":{"line":89,"column":9}},{"start":{"line":84,"column":15},"end":{"line":89,"column":9}}]},"7":{"loc":{"start":{"line":84,"column":15},"end":{"line":89,"column":9}},"type":"if","locations":[{"start":{"line":84,"column":15},"end":{"line":89,"column":9}},{"start":{"line":87,"column":15},"end":{"line":89,"column":9}}]},"8":{"loc":{"start":{"line":84,"column":19},"end":{"line":84,"column":47}},"type":"binary-expr","locations":[{"start":{"line":84,"column":19},"end":{"line":84,"column":27}},{"start":{"line":84,"column":31},"end":{"line":84,"column":47}}]},"9":{"loc":{"start":{"line":88,"column":27},"end":{"line":88,"column":69}},"type":"binary-expr","locations":[{"start":{"line":88,"column":27},"end":{"line":88,"column":42}},{"start":{"line":88,"column":46},"end":{"line":88,"column":69}}]},"10":{"loc":{"start":{"line":100,"column":6},"end":{"line":106,"column":7}},"type":"if","locations":[{"start":{"line":100,"column":6},"end":{"line":106,"column":7}}]},"11":{"loc":{"start":{"line":133,"column":6},"end":{"line":136,"column":7}},"type":"if","locations":[{"start":{"line":133,"column":6},"end":{"line":136,"column":7}}]},"12":{"loc":{"start":{"line":141,"column":6},"end":{"line":144,"column":7}},"type":"if","locations":[{"start":{"line":141,"column":6},"end":{"line":144,"column":7}}]},"13":{"loc":{"start":{"line":150,"column":54},"end":{"line":150,"column":84}},"type":"binary-expr","locations":[{"start":{"line":150,"column":54},"end":{"line":150,"column":66}},{"start":{"line":150,"column":70},"end":{"line":150,"column":84}}]},"14":{"loc":{"start":{"line":152,"column":6},"end":{"line":174,"column":7}},"type":"switch","locations":[{"start":{"line":153,"column":8},"end":{"line":155,"column":22}},{"start":{"line":157,"column":8},"end":{"line":159,"column":22}},{"start":{"line":161,"column":8},"end":{"line":163,"column":22}},{"start":{"line":165,"column":8},"end":{"line":169,"column":23}},{"start":{"line":171,"column":8},"end":{"line":173,"column":23}}]},"15":{"loc":{"start":{"line":152,"column":14},"end":{"line":152,"column":44}},"type":"binary-expr","locations":[{"start":{"line":152,"column":14},"end":{"line":152,"column":26}},{"start":{"line":152,"column":30},"end":{"line":152,"column":44}}]},"16":{"loc":{"start":{"line":172,"column":54},"end":{"line":172,"column":84}},"type":"binary-expr","locations":[{"start":{"line":172,"column":54},"end":{"line":172,"column":66}},{"start":{"line":172,"column":70},"end":{"line":172,"column":84}}]},"17":{"loc":{"start":{"line":184,"column":6},"end":{"line":190,"column":7}},"type":"if","locations":[{"start":{"line":184,"column":6},"end":{"line":190,"column":7}},{"start":{"line":188,"column":13},"end":{"line":190,"column":7}}]},"18":{"loc":{"start":{"line":186,"column":22},"end":{"line":186,"column":90}},"type":"binary-expr","locations":[{"start":{"line":186,"column":22},"end":{"line":186,"column":30}},{"start":{"line":186,"column":34},"end":{"line":186,"column":56}},{"start":{"line":186,"column":60},"end":{"line":186,"column":90}}]},"19":{"loc":{"start":{"line":193,"column":27},"end":{"line":193,"column":83}},"type":"cond-expr","locations":[{"start":{"line":193,"column":52},"end":{"line":193,"column":65}},{"start":{"line":193,"column":68},"end":{"line":193,"column":83}}]},"20":{"loc":{"start":{"line":204,"column":27},"end":{"line":204,"column":83}},"type":"cond-expr","locations":[{"start":{"line":204,"column":52},"end":{"line":204,"column":65}},{"start":{"line":204,"column":68},"end":{"line":204,"column":83}}]},"21":{"loc":{"start":{"line":222,"column":11},"end":{"line":223,"column":74}},"type":"binary-expr","locations":[{"start":{"line":222,"column":11},"end":{"line":222,"column":59}},{"start":{"line":223,"column":11},"end":{"line":223,"column":74}}]},"22":{"loc":{"start":{"line":246,"column":8},"end":{"line":246,"column":32}},"type":"if","locations":[{"start":{"line":246,"column":8},"end":{"line":246,"column":32}}]},"23":{"loc":{"start":{"line":267,"column":0},"end":{"line":273,"column":1}},"type":"if","locations":[{"start":{"line":267,"column":0},"end":{"line":273,"column":1}},{"start":{"line":271,"column":7},"end":{"line":273,"column":1}}]},"24":{"loc":{"start":{"line":277,"column":2},"end":{"line":279,"column":3}},"type":"if","locations":[{"start":{"line":277,"column":2},"end":{"line":279,"column":3}}]}},"s":{"0":0,"1":0,"2":0,"3":0,"4":0,"5":0,"6":0,"7":0,"8":0,"9":0,"10":0,"11":0,"12":0,"13":0,"14":0,"15":0,"16":0,"17":0,"18":0,"19":0,"20":0,"21":0,"22":0,"23":0,"24":0,"25":0,"26":0,"27":0,"28":0,"29":0,"30":0,"31":0,"32":0,"33":0,"34":0,"35":0,"36":0,"37":0,"38":0,"39":0,"40":0,"41":0,"42":0,"43":0,"44":0,"45":0,"46":0,"47":0,"48":0,"49":0,"50":0,"51":0,"52":0,"53":0,"54":0,"55":0,"56":0,"57":0,"58":0,"59":0,"60":0,"61":0,"62":0,"63":0,"64":0,"65":0,"66":0,"67":0,"68":0,"69":0,"70":0,"71":0,"72":0,"73":0,"74":0,"75":0,"76":0,"77":0,"78":0,"79":0,"80":0,"81":0,"82":0,"83":0,"84":0,"85":0,"86":0,"87":0,"88":0,"89":0,"90":0,"91":0,"92":0,"93":0,"94":0,"95":0,"96":0,"97":0,"98":0,"99":0,"100":0,"101":0,"102":0,"103":0,"104":0,"105":0,"106":0,"107":0,"108":0,"109":0,"110":0,"111":0,"112":0,"113":0,"114":0,"115":0,"116":0,"117":0,"118":0,"119":0,"120":0,"121":0,"122":0,"123":0,"124":0,"125":0,"126":0},"f":{"0":0,"1":0,"2":0,"3":0,"4":0,"5":0,"6":0,"7":0,"8":0,"9":0,"10":0,"11":0,"12":0,"13":0,"14":0,"15":0,"16":0,"17":0,"18":0,"19":0,"20":0,"21":0,"22":0,"23":0,"24":0,"25":0,"26":0,"27":0,"28":0,"29":0,"30":0},"b":{"0":[0],"1":[0,0,0],"2":[0,0,0],"3":[0],"4":[0],"5":[0],"6":[0,0],"7":[0,0],"8":[0,0],"9":[0,0],"10":[0],"11":[0],"12":[0],"13":[0,0],"14":[0,0,0,0,0],"15":[0,0],"16":[0,0],"17":[0,0],"18":[0,0,0],"19":[0,0],"20":[0,0],"21":[0,0],"22":[0],"23":[0,0],"24":[0]}}
,"C:\\Users\\lance\\projects\\new-ext-v2\\src\\lib\\utils.ts": {"path":"C:\\Users\\lance\\projects\\new-ext-v2\\src\\lib\\utils.ts","statementMap":{"0":{"start":{"line":18,"column":0},"end":{"line":18,"column":16}},"1":{"start":{"line":25,"column":0},"end":{"line":25,"column":16}},"2":{"start":{"line":50,"column":0},"end":{"line":50,"column":16}},"3":{"start":{"line":58,"column":0},"end":{"line":58,"column":16}},"4":{"start":{"line":65,"column":0},"end":{"line":65,"column":7}},"5":{"start":{"line":1,"column":0},"end":{"line":1,"column":40}},"6":{"start":{"line":2,"column":0},"end":{"line":2,"column":41}},"7":{"start":{"line":8,"column":0},"end":{"line":8,"column":null}},"8":{"start":{"line":9,"column":2},"end":{"line":9,"column":null}},"9":{"start":{"line":10,"column":2},"end":{"line":10,"column":null}},"10":{"start":{"line":11,"column":2},"end":{"line":11,"column":null}},"11":{"start":{"line":12,"column":2},"end":{"line":12,"column":null}},"12":{"start":{"line":19,"column":2},"end":{"line":19,"column":31}},"13":{"start":{"line":26,"column":2},"end":{"line":44,"column":3}},"14":{"start":{"line":28,"column":18},"end":{"line":28,"column":34}},"15":{"start":{"line":29,"column":4},"end":{"line":29,"column":40}},"16":{"start":{"line":29,"column":28},"end":{"line":29,"column":40}},"17":{"start":{"line":32,"column":20},"end":{"line":32,"column":28}},"18":{"start":{"line":33,"column":19},"end":{"line":33,"column":64}},"19":{"start":{"line":34,"column":24},"end":{"line":37,"column":null}},"20":{"start":{"line":36,"column":18},"end":{"line":36,"column":71}},"21":{"start":{"line":40,"column":4},"end":{"line":40,"column":35}},"22":{"start":{"line":42,"column":4},"end":{"line":42,"column":52}},"23":{"start":{"line":43,"column":4},"end":{"line":43,"column":16}},"24":{"start":{"line":51,"column":12},"end":{"line":51,"column":26}},"25":{"start":{"line":52,"column":2},"end":{"line":52,"column":65}},"26":{"start":{"line":59,"column":2},"end":{"line":59,"column":57}},"27":{"start":{"line":59,"column":32},"end":{"line":59,"column":55}},"28":{"start":{"line":70,"column":32},"end":{"line":70,"column":36}},"29":{"start":{"line":72,"column":2},"end":{"line":81,"column":3}},"30":{"start":{"line":72,"column":21},"end":{"line":72,"column":22}},"31":{"start":{"line":73,"column":4},"end":{"line":80,"column":5}},"32":{"start":{"line":74,"column":6},"end":{"line":74,"column":24}},"33":{"start":{"line":76,"column":6},"end":{"line":76,"column":33}},"34":{"start":{"line":77,"column":6},"end":{"line":79,"column":7}},"35":{"start":{"line":78,"column":8},"end":{"line":78,"column":29}},"36":{"start":{"line":83,"column":2},"end":{"line":83,"column":74}}},"fnMap":{"0":{"name":"(anonymous_0)","decl":{"start":{"line":8,"column":0},"end":{"line":8,"column":12}},"loc":{"start":{"line":8,"column":20},"end":{"line":13,"column":1}}},"1":{"name":"cn","decl":{"start":{"line":18,"column":16},"end":{"line":18,"column":18}},"loc":{"start":{"line":18,"column":42},"end":{"line":20,"column":1}}},"2":{"name":"parseJwt","decl":{"start":{"line":25,"column":16},"end":{"line":25,"column":24}},"loc":{"start":{"line":25,"column":38},"end":{"line":45,"column":1}}},"3":{"name":"(anonymous_3)","decl":{"start":{"line":36,"column":13},"end":{"line":36,"column":14}},"loc":{"start":{"line":36,"column":18},"end":{"line":36,"column":71}}},"4":{"name":"formatDate","decl":{"start":{"line":50,"column":16},"end":{"line":50,"column":26}},"loc":{"start":{"line":50,"column":55},"end":{"line":53,"column":1}}},"5":{"name":"delay","decl":{"start":{"line":58,"column":16},"end":{"line":58,"column":21}},"loc":{"start":{"line":58,"column":32},"end":{"line":60,"column":1}}},"6":{"name":"(anonymous_6)","decl":{"start":{"line":59,"column":21},"end":{"line":59,"column":28}},"loc":{"start":{"line":59,"column":32},"end":{"line":59,"column":55}}},"7":{"name":"retry","decl":{"start":{"line":65,"column":22},"end":{"line":65,"column":27}},"loc":{"start":{"line":68,"column":24},"end":{"line":84,"column":1}}}},"branchMap":{"0":{"loc":{"start":{"line":8,"column":12},"end":{"line":8,"column":null}},"type":"binary-expr","locations":[{"start":{"line":8,"column":12},"end":{"line":8,"column":20}},{"start":{"line":8,"column":20},"end":{"line":8,"column":null}}]},"1":{"loc":{"start":{"line":29,"column":4},"end":{"line":29,"column":40}},"type":"if","locations":[{"start":{"line":29,"column":4},"end":{"line":29,"column":40}}]},"2":{"loc":{"start":{"line":67,"column":2},"end":{"line":67,"column":25}},"type":"default-arg","locations":[{"start":{"line":67,"column":24},"end":{"line":67,"column":25}}]},"3":{"loc":{"start":{"line":68,"column":2},"end":{"line":68,"column":24}},"type":"default-arg","locations":[{"start":{"line":68,"column":20},"end":{"line":68,"column":24}}]},"4":{"loc":{"start":{"line":77,"column":6},"end":{"line":79,"column":7}},"type":"if","locations":[{"start":{"line":77,"column":6},"end":{"line":79,"column":7}}]},"5":{"loc":{"start":{"line":83,"column":8},"end":{"line":83,"column":73}},"type":"binary-expr","locations":[{"start":{"line":83,"column":8},"end":{"line":83,"column":17}},{"start":{"line":83,"column":21},"end":{"line":83,"column":73}}]}},"s":{"0":1,"1":1,"2":1,"3":1,"4":1,"5":1,"6":1,"7":1,"8":1,"9":1,"10":1,"11":1,"12":6,"13":0,"14":0,"15":0,"16":0,"17":0,"18":0,"19":0,"20":0,"21":0,"22":0,"23":0,"24":0,"25":0,"26":0,"27":0,"28":0,"29":0,"30":0,"31":0,"32":0,"33":0,"34":0,"35":0,"36":0},"f":{"0":1,"1":6,"2":0,"3":0,"4":0,"5":0,"6":0,"7":0},"b":{"0":[1,1],"1":[0],"2":[0],"3":[0],"4":[0],"5":[0,0]}}
,"C:\\Users\\lance\\projects\\new-ext-v2\\src\\pages\\AdminDashboard.tsx": {"path":"C:\\Users\\lance\\projects\\new-ext-v2\\src\\pages\\AdminDashboard.tsx","statementMap":{"0":{"start":{"line":23,"column":33},"end":{"line":698,"column":1}},"1":{"start":{"line":24,"column":36},"end":{"line":24,"column":88}},"2":{"start":{"line":25,"column":34},"end":{"line":25,"column":57}},"3":{"start":{"line":26,"column":34},"end":{"line":26,"column":57}},"4":{"start":{"line":27,"column":32},"end":{"line":27,"column":47}},"5":{"start":{"line":28,"column":32},"end":{"line":28,"column":46}},"6":{"start":{"line":29,"column":28},"end":{"line":29,"column":57}},"7":{"start":{"line":32,"column":40},"end":{"line":32,"column":55}},"8":{"start":{"line":33,"column":38},"end":{"line":39,"column":4}},"9":{"start":{"line":41,"column":28},"end":{"line":48,"column":4}},"10":{"start":{"line":50,"column":2},"end":{"line":52,"column":9}},"11":{"start":{"line":51,"column":4},"end":{"line":51,"column":22}},"12":{"start":{"line":54,"column":26},"end":{"line":77,"column":3}},"13":{"start":{"line":55,"column":4},"end":{"line":76,"column":5}},"14":{"start":{"line":56,"column":6},"end":{"line":56,"column":23}},"15":{"start":{"line":59,"column":19},"end":{"line":59,"column":53}},"16":{"start":{"line":60,"column":29},"end":{"line":62,"column":64}},"17":{"start":{"line":64,"column":6},"end":{"line":67,"column":7}},"18":{"start":{"line":65,"column":8},"end":{"line":65,"column":63}},"19":{"start":{"line":66,"column":8},"end":{"line":66,"column":15}},"20":{"start":{"line":69,"column":6},"end":{"line":69,"column":23}},"21":{"start":{"line":70,"column":6},"end":{"line":70,"column":27}},"22":{"start":{"line":71,"column":6},"end":{"line":71,"column":27}},"23":{"start":{"line":73,"column":6},"end":{"line":73,"column":92}},"24":{"start":{"line":75,"column":6},"end":{"line":75,"column":24}},"25":{"start":{"line":79,"column":23},"end":{"line":119,"column":3}},"26":{"start":{"line":80,"column":4},"end":{"line":118,"column":5}},"27":{"start":{"line":82,"column":21},"end":{"line":82,"column":69}},"28":{"start":{"line":83,"column":21},"end":{"line":83,"column":42}},"29":{"start":{"line":85,"column":6},"end":{"line":88,"column":7}},"30":{"start":{"line":86,"column":8},"end":{"line":86,"column":24}},"31":{"start":{"line":87,"column":8},"end":{"line":87,"column":15}},"32":{"start":{"line":90,"column":37},"end":{"line":90,"column":39}},"33":{"start":{"line":93,"column":6},"end":{"line":102,"column":9}},"34":{"start":{"line":94,"column":8},"end":{"line":101,"column":11}},"35":{"start":{"line":105,"column":6},"end":{"line":113,"column":9}},"36":{"start":{"line":106,"column":8},"end":{"line":112,"column":11}},"37":{"start":{"line":115,"column":6},"end":{"line":115,"column":31}},"38":{"start":{"line":117,"column":6},"end":{"line":117,"column":53}},"39":{"start":{"line":121,"column":23},"end":{"line":136,"column":3}},"40":{"start":{"line":122,"column":4},"end":{"line":135,"column":5}},"41":{"start":{"line":124,"column":21},"end":{"line":124,"column":73}},"42":{"start":{"line":125,"column":19},"end":{"line":125,"column":50}},"43":{"start":{"line":128,"column":25},"end":{"line":129,"column":null}},"44":{"start":{"line":129,"column":8},"end":{"line":129,"column":73}},"45":{"start":{"line":132,"column":6},"end":{"line":132,"column":44}},"46":{"start":{"line":134,"column":6},"end":{"line":134,"column":54}},"47":{"start":{"line":138,"column":21},"end":{"line":190,"column":3}},"48":{"start":{"line":139,"column":4},"end":{"line":189,"column":5}},"49":{"start":{"line":140,"column":6},"end":{"line":143,"column":7}},"50":{"start":{"line":141,"column":8},"end":{"line":141,"column":52}},"51":{"start":{"line":142,"column":8},"end":{"line":142,"column":15}},"52":{"start":{"line":146,"column":21},"end":{"line":146,"column":69}},"53":{"start":{"line":147,"column":21},"end":{"line":154,"column":8}},"54":{"start":{"line":157,"column":26},"end":{"line":162,"column":8}},"55":{"start":{"line":164,"column":6},"end":{"line":168,"column":7}},"56":{"start":{"line":165,"column":8},"end":{"line":165,"column":77}},"57":{"start":{"line":167,"column":8},"end":{"line":167,"column":75}},"58":{"start":{"line":170,"column":6},"end":{"line":170,"column":53}},"59":{"start":{"line":173,"column":6},"end":{"line":173,"column":65}},"60":{"start":{"line":176,"column":6},"end":{"line":182,"column":9}},"61":{"start":{"line":183,"column":6},"end":{"line":183,"column":28}},"62":{"start":{"line":184,"column":6},"end":{"line":184,"column":27}},"63":{"start":{"line":186,"column":6},"end":{"line":186,"column":43}},"64":{"start":{"line":188,"column":6},"end":{"line":188,"column":96}},"65":{"start":{"line":192,"column":24},"end":{"line":211,"column":3}},"66":{"start":{"line":193,"column":4},"end":{"line":210,"column":5}},"67":{"start":{"line":194,"column":21},"end":{"line":194,"column":69}},"68":{"start":{"line":195,"column":21},"end":{"line":195,"column":42}},"69":{"start":{"line":197,"column":6},"end":{"line":197,"column":26}},"70":{"start":{"line":197,"column":19},"end":{"line":197,"column":26}},"71":{"start":{"line":199,"column":6},"end":{"line":203,"column":7}},"72":{"start":{"line":200,"column":8},"end":{"line":200,"column":83}},"73":{"start":{"line":202,"column":8},"end":{"line":202,"column":81}},"74":{"start":{"line":205,"column":6},"end":{"line":205,"column":53}},"75":{"start":{"line":206,"column":6},"end":{"line":206,"column":65}},"76":{"start":{"line":207,"column":6},"end":{"line":207,"column":27}},"77":{"start":{"line":209,"column":6},"end":{"line":209,"column":99}},"78":{"start":{"line":213,"column":24},"end":{"line":236,"column":3}},"79":{"start":{"line":214,"column":4},"end":{"line":216,"column":5}},"80":{"start":{"line":215,"column":6},"end":{"line":215,"column":13}},"81":{"start":{"line":218,"column":4},"end":{"line":235,"column":5}},"82":{"start":{"line":219,"column":21},"end":{"line":219,"column":69}},"83":{"start":{"line":220,"column":21},"end":{"line":220,"column":42}},"84":{"start":{"line":222,"column":6},"end":{"line":222,"column":26}},"85":{"start":{"line":222,"column":19},"end":{"line":222,"column":26}},"86":{"start":{"line":224,"column":6},"end":{"line":228,"column":7}},"87":{"start":{"line":225,"column":8},"end":{"line":225,"column":67}},"88":{"start":{"line":227,"column":8},"end":{"line":227,"column":65}},"89":{"start":{"line":230,"column":6},"end":{"line":230,"column":53}},"90":{"start":{"line":231,"column":6},"end":{"line":231,"column":65}},"91":{"start":{"line":232,"column":6},"end":{"line":232,"column":27}},"92":{"start":{"line":234,"column":6},"end":{"line":234,"column":99}},"93":{"start":{"line":238,"column":23},"end":{"line":256,"column":3}},"94":{"start":{"line":239,"column":4},"end":{"line":255,"column":5}},"95":{"start":{"line":240,"column":21},"end":{"line":240,"column":69}},"96":{"start":{"line":241,"column":21},"end":{"line":241,"column":42}},"97":{"start":{"line":243,"column":22},"end":{"line":243,"column":53}},"98":{"start":{"line":244,"column":23},"end":{"line":244,"column":72}},"99":{"start":{"line":245,"column":18},"end":{"line":245,"column":47}},"100":{"start":{"line":247,"column":19},"end":{"line":247,"column":46}},"101":{"start":{"line":248,"column":6},"end":{"line":248,"column":22}},"102":{"start":{"line":249,"column":6},"end":{"line":249,"column":86}},"103":{"start":{"line":250,"column":6},"end":{"line":250,"column":19}},"104":{"start":{"line":252,"column":6},"end":{"line":252,"column":31}},"105":{"start":{"line":254,"column":6},"end":{"line":254,"column":98}},"106":{"start":{"line":258,"column":20},"end":{"line":270,"column":3}},"107":{"start":{"line":259,"column":4},"end":{"line":261,"column":5}},"108":{"start":{"line":260,"column":6},"end":{"line":260,"column":13}},"109":{"start":{"line":263,"column":4},"end":{"line":269,"column":5}},"110":{"start":{"line":264,"column":6},"end":{"line":264,"column":65}},"111":{"start":{"line":265,"column":6},"end":{"line":265,"column":22}},"112":{"start":{"line":266,"column":6},"end":{"line":266,"column":47}},"113":{"start":{"line":268,"column":6},"end":{"line":268,"column":95}},"114":{"start":{"line":272,"column":2},"end":{"line":281,"column":3}},"115":{"start":{"line":273,"column":4},"end":{"line":280,"column":6}},"116":{"start":{"line":283,"column":2},"end":{"line":293,"column":3}},"117":{"start":{"line":284,"column":4},"end":{"line":292,"column":6}},"118":{"start":{"line":295,"column":2},"end":{"line":697,"column":4}},"119":{"start":{"line":315,"column":31},"end":{"line":315,"column":45}},"120":{"start":{"line":334,"column":14},"end":{"line":335,"column":null}},"121":{"start":{"line":336,"column":31},"end":{"line":336,"column":58}},"122":{"start":{"line":359,"column":31},"end":{"line":359,"column":51}},"123":{"start":{"line":377,"column":39},"end":{"line":377,"column":114}},"124":{"start":{"line":391,"column":39},"end":{"line":391,"column":99}},"125":{"start":{"line":403,"column":39},"end":{"line":403,"column":96}},"126":{"start":{"line":415,"column":41},"end":{"line":415,"column":99}},"127":{"start":{"line":429,"column":22},"end":{"line":429,"column":43}},"128":{"start":{"line":434,"column":28},"end":{"line":444,"column":29}},"129":{"start":{"line":435,"column":30},"end":{"line":438,"column":33}},"130":{"start":{"line":440,"column":30},"end":{"line":443,"column":33}},"131":{"start":{"line":442,"column":74},"end":{"line":442,"column":87}},"132":{"start":{"line":462,"column":35},"end":{"line":462,"column":56}},"133":{"start":{"line":498,"column":20},"end":{"line":498,"column":null}},"134":{"start":{"line":525,"column":28},"end":{"line":525,"column":48}},"135":{"start":{"line":534,"column":43},"end":{"line":534,"column":65}},"136":{"start":{"line":544,"column":43},"end":{"line":544,"column":65}},"137":{"start":{"line":599,"column":20},"end":{"line":599,"column":null}},"138":{"start":{"line":651,"column":74},"end":{"line":651,"column":81}},"139":{"start":{"line":655,"column":74},"end":{"line":655,"column":93}},"140":{"start":{"line":659,"column":74},"end":{"line":659,"column":91}},"141":{"start":{"line":678,"column":37},"end":{"line":678,"column":51}},"142":{"start":{"line":684,"column":37},"end":{"line":684,"column":51}}},"fnMap":{"0":{"name":"(anonymous_0)","decl":{"start":{"line":23,"column":33},"end":{"line":23,"column":36}},"loc":{"start":{"line":23,"column":38},"end":{"line":698,"column":1}}},"1":{"name":"(anonymous_1)","decl":{"start":{"line":50,"column":12},"end":{"line":50,"column":15}},"loc":{"start":{"line":50,"column":17},"end":{"line":52,"column":3}}},"2":{"name":"(anonymous_2)","decl":{"start":{"line":54,"column":26},"end":{"line":54,"column":31}},"loc":{"start":{"line":54,"column":37},"end":{"line":77,"column":3}}},"3":{"name":"(anonymous_3)","decl":{"start":{"line":79,"column":23},"end":{"line":79,"column":28}},"loc":{"start":{"line":79,"column":34},"end":{"line":119,"column":3}}},"4":{"name":"(anonymous_4)","decl":{"start":{"line":93,"column":68},"end":{"line":93,"column":69}},"loc":{"start":{"line":93,"column":105},"end":{"line":102,"column":7}}},"5":{"name":"(anonymous_5)","decl":{"start":{"line":105,"column":66},"end":{"line":105,"column":67}},"loc":{"start":{"line":105,"column":102},"end":{"line":113,"column":7}}},"6":{"name":"(anonymous_6)","decl":{"start":{"line":121,"column":23},"end":{"line":121,"column":28}},"loc":{"start":{"line":121,"column":34},"end":{"line":136,"column":3}}},"7":{"name":"(anonymous_7)","decl":{"start":{"line":128,"column":35},"end":{"line":128,"column":36}},"loc":{"start":{"line":129,"column":8},"end":{"line":129,"column":73}}},"8":{"name":"(anonymous_8)","decl":{"start":{"line":138,"column":21},"end":{"line":138,"column":26}},"loc":{"start":{"line":138,"column":32},"end":{"line":190,"column":3}}},"9":{"name":"(anonymous_9)","decl":{"start":{"line":192,"column":24},"end":{"line":192,"column":29}},"loc":{"start":{"line":192,"column":51},"end":{"line":211,"column":3}}},"10":{"name":"(anonymous_10)","decl":{"start":{"line":213,"column":24},"end":{"line":213,"column":29}},"loc":{"start":{"line":213,"column":51},"end":{"line":236,"column":3}}},"11":{"name":"(anonymous_11)","decl":{"start":{"line":238,"column":23},"end":{"line":238,"column":28}},"loc":{"start":{"line":238,"column":34},"end":{"line":256,"column":3}}},"12":{"name":"(anonymous_12)","decl":{"start":{"line":258,"column":20},"end":{"line":258,"column":25}},"loc":{"start":{"line":258,"column":31},"end":{"line":270,"column":3}}},"13":{"name":"(anonymous_13)","decl":{"start":{"line":315,"column":25},"end":{"line":315,"column":28}},"loc":{"start":{"line":315,"column":31},"end":{"line":315,"column":45}}},"14":{"name":"(anonymous_14)","decl":{"start":{"line":333,"column":18},"end":{"line":333,"column":19}},"loc":{"start":{"line":334,"column":14},"end":{"line":335,"column":null}}},"15":{"name":"(anonymous_15)","decl":{"start":{"line":336,"column":25},"end":{"line":336,"column":28}},"loc":{"start":{"line":336,"column":31},"end":{"line":336,"column":58}}},"16":{"name":"(anonymous_16)","decl":{"start":{"line":359,"column":25},"end":{"line":359,"column":28}},"loc":{"start":{"line":359,"column":31},"end":{"line":359,"column":51}}},"17":{"name":"(anonymous_17)","decl":{"start":{"line":377,"column":32},"end":{"line":377,"column":33}},"loc":{"start":{"line":377,"column":39},"end":{"line":377,"column":114}}},"18":{"name":"(anonymous_18)","decl":{"start":{"line":391,"column":32},"end":{"line":391,"column":33}},"loc":{"start":{"line":391,"column":39},"end":{"line":391,"column":99}}},"19":{"name":"(anonymous_19)","decl":{"start":{"line":403,"column":32},"end":{"line":403,"column":33}},"loc":{"start":{"line":403,"column":39},"end":{"line":403,"column":96}}},"20":{"name":"(anonymous_20)","decl":{"start":{"line":415,"column":34},"end":{"line":415,"column":35}},"loc":{"start":{"line":415,"column":41},"end":{"line":415,"column":99}}},"21":{"name":"(anonymous_21)","decl":{"start":{"line":428,"column":43},"end":{"line":428,"column":44}},"loc":{"start":{"line":429,"column":22},"end":{"line":429,"column":43}}},"22":{"name":"(anonymous_22)","decl":{"start":{"line":433,"column":36},"end":{"line":433,"column":37}},"loc":{"start":{"line":433,"column":42},"end":{"line":445,"column":27}}},"23":{"name":"(anonymous_23)","decl":{"start":{"line":442,"column":69},"end":{"line":442,"column":70}},"loc":{"start":{"line":442,"column":74},"end":{"line":442,"column":87}}},"24":{"name":"(anonymous_24)","decl":{"start":{"line":462,"column":29},"end":{"line":462,"column":32}},"loc":{"start":{"line":462,"column":35},"end":{"line":462,"column":56}}},"25":{"name":"(anonymous_25)","decl":{"start":{"line":497,"column":32},"end":{"line":497,"column":33}},"loc":{"start":{"line":498,"column":20},"end":{"line":498,"column":null}}},"26":{"name":"(anonymous_26)","decl":{"start":{"line":524,"column":48},"end":{"line":524,"column":49}},"loc":{"start":{"line":525,"column":28},"end":{"line":525,"column":48}}},"27":{"name":"(anonymous_27)","decl":{"start":{"line":534,"column":37},"end":{"line":534,"column":40}},"loc":{"start":{"line":534,"column":43},"end":{"line":534,"column":65}}},"28":{"name":"(anonymous_28)","decl":{"start":{"line":544,"column":37},"end":{"line":544,"column":40}},"loc":{"start":{"line":544,"column":43},"end":{"line":544,"column":65}}},"29":{"name":"(anonymous_29)","decl":{"start":{"line":598,"column":32},"end":{"line":598,"column":33}},"loc":{"start":{"line":599,"column":20},"end":{"line":599,"column":null}}},"30":{"name":"(anonymous_30)","decl":{"start":{"line":651,"column":69},"end":{"line":651,"column":70}},"loc":{"start":{"line":651,"column":74},"end":{"line":651,"column":81}}},"31":{"name":"(anonymous_31)","decl":{"start":{"line":655,"column":69},"end":{"line":655,"column":70}},"loc":{"start":{"line":655,"column":74},"end":{"line":655,"column":93}}},"32":{"name":"(anonymous_32)","decl":{"start":{"line":659,"column":69},"end":{"line":659,"column":70}},"loc":{"start":{"line":659,"column":74},"end":{"line":659,"column":91}}},"33":{"name":"(anonymous_33)","decl":{"start":{"line":678,"column":31},"end":{"line":678,"column":34}},"loc":{"start":{"line":678,"column":37},"end":{"line":678,"column":51}}},"34":{"name":"(anonymous_34)","decl":{"start":{"line":684,"column":31},"end":{"line":684,"column":34}},"loc":{"start":{"line":684,"column":37},"end":{"line":684,"column":51}}}},"branchMap":{"0":{"loc":{"start":{"line":60,"column":29},"end":{"line":62,"column":64}},"type":"binary-expr","locations":[{"start":{"line":60,"column":29},"end":{"line":60,"column":71}},{"start":{"line":61,"column":27},"end":{"line":61,"column":49}},{"start":{"line":62,"column":27},"end":{"line":62,"column":64}}]},"1":{"loc":{"start":{"line":64,"column":6},"end":{"line":67,"column":7}},"type":"if","locations":[{"start":{"line":64,"column":6},"end":{"line":67,"column":7}}]},"2":{"loc":{"start":{"line":73,"column":15},"end":{"line":73,"column":90}},"type":"cond-expr","locations":[{"start":{"line":73,"column":38},"end":{"line":73,"column":49}},{"start":{"line":73,"column":52},"end":{"line":73,"column":90}}]},"3":{"loc":{"start":{"line":85,"column":6},"end":{"line":88,"column":7}},"type":"if","locations":[{"start":{"line":85,"column":6},"end":{"line":88,"column":7}}]},"4":{"loc":{"start":{"line":93,"column":21},"end":{"line":93,"column":58}},"type":"binary-expr","locations":[{"start":{"line":93,"column":21},"end":{"line":93,"column":52}},{"start":{"line":93,"column":56},"end":{"line":93,"column":58}}]},"5":{"loc":{"start":{"line":99,"column":20},"end":{"line":99,"column":42}},"type":"binary-expr","locations":[{"start":{"line":99,"column":20},"end":{"line":99,"column":36}},{"start":{"line":99,"column":40},"end":{"line":99,"column":42}}]},"6":{"loc":{"start":{"line":105,"column":21},"end":{"line":105,"column":56}},"type":"binary-expr","locations":[{"start":{"line":105,"column":21},"end":{"line":105,"column":50}},{"start":{"line":105,"column":54},"end":{"line":105,"column":56}}]},"7":{"loc":{"start":{"line":111,"column":20},"end":{"line":111,"column":42}},"type":"binary-expr","locations":[{"start":{"line":111,"column":20},"end":{"line":111,"column":36}},{"start":{"line":111,"column":40},"end":{"line":111,"column":42}}]},"8":{"loc":{"start":{"line":125,"column":19},"end":{"line":125,"column":50}},"type":"binary-expr","locations":[{"start":{"line":125,"column":19},"end":{"line":125,"column":44}},{"start":{"line":125,"column":48},"end":{"line":125,"column":50}}]},"9":{"loc":{"start":{"line":140,"column":6},"end":{"line":143,"column":7}},"type":"if","locations":[{"start":{"line":140,"column":6},"end":{"line":143,"column":7}}]},"10":{"loc":{"start":{"line":140,"column":10},"end":{"line":140,"column":91}},"type":"binary-expr","locations":[{"start":{"line":140,"column":10},"end":{"line":140,"column":32}},{"start":{"line":140,"column":36},"end":{"line":140,"column":55}},{"start":{"line":140,"column":59},"end":{"line":140,"column":91}}]},"11":{"loc":{"start":{"line":147,"column":21},"end":{"line":154,"column":8}},"type":"binary-expr","locations":[{"start":{"line":147,"column":21},"end":{"line":147,"column":42}},{"start":{"line":147,"column":46},"end":{"line":154,"column":8}}]},"12":{"loc":{"start":{"line":161,"column":12},"end":{"line":161,"column":111}},"type":"binary-expr","locations":[{"start":{"line":161,"column":12},"end":{"line":161,"column":40}},{"start":{"line":161,"column":44},"end":{"line":161,"column":63}},{"start":{"line":161,"column":67},"end":{"line":161,"column":111}}]},"13":{"loc":{"start":{"line":164,"column":6},"end":{"line":168,"column":7}},"type":"if","locations":[{"start":{"line":164,"column":6},"end":{"line":168,"column":7}},{"start":{"line":166,"column":13},"end":{"line":168,"column":7}}]},"14":{"loc":{"start":{"line":188,"column":41},"end":{"line":188,"column":93}},"type":"cond-expr","locations":[{"start":{"line":188,"column":64},"end":{"line":188,"column":75}},{"start":{"line":188,"column":78},"end":{"line":188,"column":93}}]},"15":{"loc":{"start":{"line":197,"column":6},"end":{"line":197,"column":26}},"type":"if","locations":[{"start":{"line":197,"column":6},"end":{"line":197,"column":26}}]},"16":{"loc":{"start":{"line":199,"column":6},"end":{"line":203,"column":7}},"type":"if","locations":[{"start":{"line":199,"column":6},"end":{"line":203,"column":7}},{"start":{"line":201,"column":13},"end":{"line":203,"column":7}}]},"17":{"loc":{"start":{"line":209,"column":44},"end":{"line":209,"column":96}},"type":"cond-expr","locations":[{"start":{"line":209,"column":67},"end":{"line":209,"column":78}},{"start":{"line":209,"column":81},"end":{"line":209,"column":96}}]},"18":{"loc":{"start":{"line":214,"column":4},"end":{"line":216,"column":5}},"type":"if","locations":[{"start":{"line":214,"column":4},"end":{"line":216,"column":5}}]},"19":{"loc":{"start":{"line":222,"column":6},"end":{"line":222,"column":26}},"type":"if","locations":[{"start":{"line":222,"column":6},"end":{"line":222,"column":26}}]},"20":{"loc":{"start":{"line":224,"column":6},"end":{"line":228,"column":7}},"type":"if","locations":[{"start":{"line":224,"column":6},"end":{"line":228,"column":7}},{"start":{"line":226,"column":13},"end":{"line":228,"column":7}}]},"21":{"loc":{"start":{"line":234,"column":44},"end":{"line":234,"column":96}},"type":"cond-expr","locations":[{"start":{"line":234,"column":67},"end":{"line":234,"column":78}},{"start":{"line":234,"column":81},"end":{"line":234,"column":96}}]},"22":{"loc":{"start":{"line":254,"column":43},"end":{"line":254,"column":95}},"type":"cond-expr","locations":[{"start":{"line":254,"column":66},"end":{"line":254,"column":77}},{"start":{"line":254,"column":80},"end":{"line":254,"column":95}}]},"23":{"loc":{"start":{"line":259,"column":4},"end":{"line":261,"column":5}},"type":"if","locations":[{"start":{"line":259,"column":4},"end":{"line":261,"column":5}}]},"24":{"loc":{"start":{"line":268,"column":40},"end":{"line":268,"column":92}},"type":"cond-expr","locations":[{"start":{"line":268,"column":63},"end":{"line":268,"column":74}},{"start":{"line":268,"column":77},"end":{"line":268,"column":92}}]},"25":{"loc":{"start":{"line":272,"column":2},"end":{"line":281,"column":3}},"type":"if","locations":[{"start":{"line":272,"column":2},"end":{"line":281,"column":3}}]},"26":{"loc":{"start":{"line":283,"column":2},"end":{"line":293,"column":3}},"type":"if","locations":[{"start":{"line":283,"column":2},"end":{"line":293,"column":3}}]},"27":{"loc":{"start":{"line":338,"column":18},"end":{"line":340,"column":null}},"type":"cond-expr","locations":[{"start":{"line":339,"column":22},"end":{"line":339,"column":53}},{"start":{"line":340,"column":22},"end":{"line":340,"column":null}}]},"28":{"loc":{"start":{"line":353,"column":9},"end":{"line":561,"column":null}},"type":"binary-expr","locations":[{"start":{"line":353,"column":9},"end":{"line":353,"column":33}},{"start":{"line":354,"column":10},"end":{"line":560,"column":null}}]},"29":{"loc":{"start":{"line":367,"column":13},"end":{"line":468,"column":null}},"type":"binary-expr","locations":[{"start":{"line":367,"column":13},"end":{"line":367,"column":24}},{"start":{"line":368,"column":14},"end":{"line":467,"column":null}}]},"30":{"loc":{"start":{"line":386,"column":23},"end":{"line":386,"column":72}},"type":"cond-expr","locations":[{"start":{"line":386,"column":54},"end":{"line":386,"column":62}},{"start":{"line":386,"column":65},"end":{"line":386,"column":72}}]},"31":{"loc":{"start":{"line":392,"column":35},"end":{"line":392,"column":117}},"type":"cond-expr","locations":[{"start":{"line":392,"column":66},"end":{"line":392,"column":96}},{"start":{"line":392,"column":99},"end":{"line":392,"column":117}}]},"32":{"loc":{"start":{"line":407,"column":19},"end":{"line":419,"column":null}},"type":"binary-expr","locations":[{"start":{"line":407,"column":19},"end":{"line":407,"column":47}},{"start":{"line":408,"column":20},"end":{"line":418,"column":null}}]},"33":{"loc":{"start":{"line":434,"column":28},"end":{"line":444,"column":29}},"type":"if","locations":[{"start":{"line":434,"column":28},"end":{"line":444,"column":29}},{"start":{"line":439,"column":35},"end":{"line":444,"column":29}}]},"34":{"loc":{"start":{"line":501,"column":26},"end":{"line":501,"column":null}},"type":"cond-expr","locations":[{"start":{"line":501,"column":54},"end":{"line":501,"column":81}},{"start":{"line":501,"column":84},"end":{"line":501,"column":null}}]},"35":{"loc":{"start":{"line":508,"column":25},"end":{"line":509,"column":null}},"type":"binary-expr","locations":[{"start":{"line":508,"column":25},"end":{"line":508,"column":41}},{"start":{"line":509,"column":26},"end":{"line":509,"column":100}}]},"36":{"loc":{"start":{"line":514,"column":26},"end":{"line":514,"column":null}},"type":"cond-expr","locations":[{"start":{"line":514,"column":42},"end":{"line":514,"column":71}},{"start":{"line":514,"column":74},"end":{"line":514,"column":null}}]},"37":{"loc":{"start":{"line":516,"column":27},"end":{"line":516,"column":6
[...]
mn":93}},"83":{"start":{"line":307,"column":38},"end":{"line":307,"column":59}},"84":{"start":{"line":309,"column":6},"end":{"line":340,"column":7}},"85":{"start":{"line":310,"column":35},"end":{"line":321,"column":10}},"86":{"start":{"line":323,"column":8},"end":{"line":323,"column":36}},"87":{"start":{"line":324,"column":8},"end":{"line":324,"column":60}},"88":{"start":{"line":327,"column":8},"end":{"line":327,"column":50}},"89":{"start":{"line":330,"column":8},"end":{"line":330,"column":47}},"90":{"start":{"line":333,"column":8},"end":{"line":333,"column":39}},"91":{"start":{"line":334,"column":8},"end":{"line":334,"column":36}},"92":{"start":{"line":336,"column":8},"end":{"line":336,"column":20}},"93":{"start":{"line":338,"column":8},"end":{"line":338,"column":59}},"94":{"start":{"line":339,"column":8},"end":{"line":339,"column":21}},"95":{"start":{"line":342,"column":6},"end":{"line":342,"column":53}},"96":{"start":{"line":343,"column":6},"end":{"line":343,"column":19}},"97":{"start":{"line":351,"column":41},"end":{"line":351,"column":43}},"98":{"start":{"line":354,"column":4},"end":{"line":359,"column":7}},"99":{"start":{"line":355,"column":23},"end":{"line":355,"column":51}},"100":{"start":{"line":356,"column":6},"end":{"line":358,"column":7}},"101":{"start":{"line":357,"column":8},"end":{"line":357,"column":37}},"102":{"start":{"line":361,"column":4},"end":{"line":367,"column":6}},"103":{"start":{"line":374,"column":4},"end":{"line":376,"column":5}},"104":{"start":{"line":375,"column":6},"end":{"line":375,"column":19}},"105":{"start":{"line":379,"column":19},"end":{"line":379,"column":38}},"106":{"start":{"line":380,"column":4},"end":{"line":382,"column":5}},"107":{"start":{"line":381,"column":6},"end":{"line":381,"column":19}},"108":{"start":{"line":384,"column":4},"end":{"line":384,"column":16}},"109":{"start":{"line":391,"column":4},"end":{"line":393,"column":5}},"110":{"start":{"line":392,"column":6},"end":{"line":392,"column":19}},"111":{"start":{"line":396,"column":4},"end":{"line":398,"column":5}},"112":{"start":{"line":397,"column":6},"end":{"line":397,"column":19}},"113":{"start":{"line":400,"column":4},"end":{"line":400,"column":16}},"114":{"start":{"line":407,"column":4},"end":{"line":425,"column":5}},"115":{"start":{"line":408,"column":6},"end":{"line":422,"column":9}},"116":{"start":{"line":424,"column":6},"end":{"line":424,"column":70}},"117":{"start":{"line":432,"column":4},"end":{"line":455,"column":5}},"118":{"start":{"line":433,"column":21},"end":{"line":433,"column":71}},"119":{"start":{"line":434,"column":25},"end":{"line":434,"column":49}},"120":{"start":{"line":436,"column":6},"end":{"line":438,"column":7}},"121":{"start":{"line":437,"column":8},"end":{"line":437,"column":20}},"122":{"start":{"line":440,"column":6},"end":{"line":451,"column":8}},"123":{"start":{"line":453,"column":6},"end":{"line":453,"column":68}},"124":{"start":{"line":454,"column":6},"end":{"line":454,"column":18}},"125":{"start":{"line":463,"column":4},"end":{"line":465,"column":5}},"126":{"start":{"line":464,"column":6},"end":{"line":464,"column":45}},"127":{"start":{"line":468,"column":4},"end":{"line":472,"column":35}},"128":{"start":{"line":469,"column":6},"end":{"line":471,"column":9}},"129":{"start":{"line":470,"column":8},"end":{"line":470,"column":67}},"130":{"start":{"line":480,"column":4},"end":{"line":482,"column":5}},"131":{"start":{"line":481,"column":6},"end":{"line":481,"column":45}},"132":{"start":{"line":485,"column":4},"end":{"line":491,"column":14}},"133":{"start":{"line":486,"column":6},"end":{"line":490,"column":7}},"134":{"start":{"line":487,"column":8},"end":{"line":487,"column":22}},"135":{"start":{"line":489,"column":8},"end":{"line":489,"column":36}},"136":{"start":{"line":498,"column":4},"end":{"line":501,"column":5}},"137":{"start":{"line":499,"column":6},"end":{"line":499,"column":45}},"138":{"start":{"line":500,"column":6},"end":{"line":500,"column":31}},"139":{"start":{"line":503,"column":4},"end":{"line":506,"column":5}},"140":{"start":{"line":504,"column":6},"end":{"line":504,"column":45}},"141":{"start":{"line":505,"column":6},"end":{"line":505,"column":31}},"142":{"start":{"line":513,"column":4},"end":{"line":519,"column":7}},"143":{"start":{"line":514,"column":6},"end":{"line":518,"column":7}},"144":{"start":{"line":515,"column":8},"end":{"line":515,"column":26}},"145":{"start":{"line":517,"column":8},"end":{"line":517,"column":64}},"146":{"start":{"line":526,"column":4},"end":{"line":526,"column":23}},"147":{"start":{"line":527,"column":4},"end":{"line":527,"column":24}},"148":{"start":{"line":528,"column":4},"end":{"line":528,"column":28}},"149":{"start":{"line":529,"column":4},"end":{"line":529,"column":28}},"150":{"start":{"line":75,"column":0},"end":{"line":75,"column":13}},"151":{"start":{"line":534,"column":13},"end":{"line":534,"column":45}},"152":{"start":{"line":535,"column":0},"end":{"line":535,"column":27}}},"fnMap":{"0":{"name":"(anonymous_0)","decl":{"start":{"line":75,"column":0},"end":{"line":75,"column":13}},"loc":{"start":{"line":75,"column":0},"end":{"line":531,"column":1}}},"1":{"name":"(anonymous_1)","decl":{"start":{"line":86,"column":9},"end":{"line":86,"column":14}},"loc":{"start":{"line":86,"column":43},"end":{"line":108,"column":3}}},"2":{"name":"(anonymous_2)","decl":{"start":{"line":113,"column":9},"end":{"line":113,"column":14}},"loc":{"start":{"line":113,"column":29},"end":{"line":144,"column":3}}},"3":{"name":"(anonymous_3)","decl":{"start":{"line":149,"column":9},"end":{"line":149,"column":14}},"loc":{"start":{"line":149,"column":29},"end":{"line":152,"column":3}}},"4":{"name":"(anonymous_4)","decl":{"start":{"line":157,"column":9},"end":{"line":157,"column":14}},"loc":{"start":{"line":157,"column":56},"end":{"line":171,"column":3}}},"5":{"name":"(anonymous_5)","decl":{"start":{"line":176,"column":9},"end":{"line":176,"column":14}},"loc":{"start":{"line":176,"column":64},"end":{"line":183,"column":3}}},"6":{"name":"(anonymous_6)","decl":{"start":{"line":188,"column":9},"end":{"line":188,"column":14}},"loc":{"start":{"line":188,"column":65},"end":{"line":195,"column":3}}},"7":{"name":"(anonymous_7)","decl":{"start":{"line":200,"column":9},"end":{"line":200,"column":14}},"loc":{"start":{"line":200,"column":29},"end":{"line":205,"column":3}}},"8":{"name":"(anonymous_8)","decl":{"start":{"line":210,"column":9},"end":{"line":210,"column":14}},"loc":{"start":{"line":210,"column":33},"end":{"line":220,"column":3}}},"9":{"name":"(anonymous_9)","decl":{"start":{"line":218,"column":11},"end":{"line":218,"column":15}},"loc":{"start":{"line":218,"column":19},"end":{"line":218,"column":44}}},"10":{"name":"(anonymous_10)","decl":{"start":{"line":225,"column":9},"end":{"line":225,"column":31}},"loc":{"start":{"line":225,"column":72},"end":{"line":236,"column":3}}},"11":{"name":"(anonymous_11)","decl":{"start":{"line":241,"column":9},"end":{"line":241,"column":34}},"loc":{"start":{"line":241,"column":75},"end":{"line":243,"column":3}}},"12":{"name":"(anonymous_12)","decl":{"start":{"line":242,"column":43},"end":{"line":242,"column":51}},"loc":{"start":{"line":242,"column":55},"end":{"line":242,"column":76}}},"13":{"name":"(anonymous_13)","decl":{"start":{"line":248,"column":9},"end":{"line":248,"column":14}},"loc":{"start":{"line":248,"column":30},"end":{"line":250,"column":3}}},"14":{"name":"(anonymous_14)","decl":{"start":{"line":255,"column":9},"end":{"line":255,"column":14}},"loc":{"start":{"line":255,"column":21},"end":{"line":277,"column":3}}},"15":{"name":"(anonymous_15)","decl":{"start":{"line":282,"column":10},"end":{"line":282,"column":15}},"loc":{"start":{"line":282,"column":29},"end":{"line":345,"column":3}}},"16":{"name":"(anonymous_16)","decl":{"start":{"line":350,"column":10},"end":{"line":350,"column":27}},"loc":{"start":{"line":350,"column":46},"end":{"line":368,"column":3}}},"17":{"name":"(anonymous_17)","decl":{"start":{"line":354,"column":33},"end":{"line":354,"column":40}},"loc":{"start":{"line":354,"column":43},"end":{"line":359,"column":5}}},"18":{"name":"(anonymous_18)","decl":{"start":{"line":373,"column":10},"end":{"line":373,"column":25}},"loc":{"start":{"line":373,"column":44},"end":{"line":385,"column":3}}},"19":{"name":"(anonymous_19)","decl":{"start":{"line":390,"column":10},"end":{"line":390,"column":24}},"loc":{"start":{"line":390,"column":45},"end":{"line":401,"column":3}}},"20":{"name":"(anonymous_20)","decl":{"start":{"line":406,"column":10},"end":{"line":406,"column":15}},"loc":{"start":{"line":406,"column":55},"end":{"line":426,"column":3}}},"21":{"name":"(anonymous_21)","decl":{"start":{"line":431,"column":10},"end":{"line":431,"column":15}},"loc":{"start":{"line":431,"column":34},"end":{"line":456,"column":3}}},"22":{"name":"(anonymous_22)","decl":{"start":{"line":461,"column":10},"end":{"line":461,"column":33}},"loc":{"start":{"line":461,"column":33},"end":{"line":473,"column":3}}},"23":{"name":"(anonymous_23)","decl":{"start":{"line":468,"column":42},"end":{"line":468,"column":45}},"loc":{"start":{"line":468,"column":47},"end":{"line":472,"column":5}}},"24":{"name":"(anonymous_24)","decl":{"start":{"line":469,"column":33},"end":{"line":469,"column":38}},"loc":{"start":{"line":469,"column":41},"end":{"line":471,"column":7}}},"25":{"name":"(anonymous_25)","decl":{"start":{"line":478,"column":10},"end":{"line":478,"column":30}},"loc":{"start":{"line":478,"column":30},"end":{"line":492,"column":3}}},"26":{"name":"(anonymous_26)","decl":{"start":{"line":485,"column":42},"end":{"line":485,"column":45}},"loc":{"start":{"line":485,"column":47},"end":{"line":491,"column":5}}},"27":{"name":"(anonymous_27)","decl":{"start":{"line":497,"column":10},"end":{"line":497,"column":21}},"loc":{"start":{"line":497,"column":21},"end":{"line":507,"column":3}}},"28":{"name":"(anonymous_28)","decl":{"start":{"line":512,"column":10},"end":{"line":512,"column":25}},"loc":{"start":{"line":512,"column":46},"end":{"line":520,"column":3}}},"29":{"name":"(anonymous_29)","decl":{"start":{"line":513,"column":27},"end":{"line":513,"column":35}},"loc":{"start":{"line":513,"column":38},"end":{"line":519,"column":5}}},"30":{"name":"(anonymous_30)","decl":{"start":{"line":525,"column":9},"end":{"line":525,"column":16}},"loc":{"start":{"line":525,"column":16},"end":{"line":530,"column":3}}}},"branchMap":{"0":{"loc":{"start":{"line":92,"column":4},"end":{"line":104,"column":5}},"type":"if","locations":[{"start":{"line":92,"column":4},"end":{"line":104,"column":5}}]},"1":{"loc":{"start":{"line":92,"column":8},"end":{"line":92,"column":54}},"type":"binary-expr","locations":[{"start":{"line":92,"column":8},"end":{"line":92,"column":18}},{"start":{"line":92,"column":22},"end":{"line":92,"column":54}}]},"2":{"loc":{"start":{"line":114,"column":4},"end":{"line":127,"column":5}},"type":"if","locations":[{"start":{"line":114,"column":4},"end":{"line":127,"column":5}}]},"3":{"loc":{"start":{"line":116,"column":6},"end":{"line":126,"column":7}},"type":"if","locations":[{"start":{"line":116,"column":6},"end":{"line":126,"column":7}},{"start":{"line":120,"column":13},"end":{"line":126,"column":7}}]},"4":{"loc":{"start":{"line":123,"column":8},"end":{"line":125,"column":9}},"type":"if","locations":[{"start":{"line":123,"column":8},"end":{"line":125,"column":9}}]},"5":{"loc":{"start":{"line":123,"column":12},"end":{"line":123,"column":41}},"type":"binary-expr","locations":[{"start":{"line":123,"column":12},"end":{"line":123,"column":21}},{"start":{"line":123,"column":25},"end":{"line":123,"column":41}}]},"6":{"loc":{"start":{"line":132,"column":4},"end":{"line":134,"column":5}},"type":"if","locations":[{"start":{"line":132,"column":4},"end":{"line":134,"column":5}}]},"7":{"loc":{"start":{"line":132,"column":8},"end":{"line":132,"column":35}},"type":"binary-expr","locations":[{"start":{"line":132,"column":8},"end":{"line":132,"column":15}},{"start":{"line":132,"column":19},"end":{"line":132,"column":35}}]},"8":{"loc":{"start":{"line":160,"column":4},"end":{"line":162,"column":5}},"type":"if","locations":[{"start":{"line":160,"column":4},"end":{"line":162,"column":5}}]},"9":{"loc":{"start":{"line":160,"column":8},"end":{"line":160,"column":53}},"type":"binary-expr","locations":[{"start":{"line":160,"column":8},"end":{"line":160,"column":32}},{"start":{"line":160,"column":36},"end":{"line":160,"column":53}}]},"10":{"loc":{"start":{"line":165,"column":4},"end":{"line":167,"column":5}},"type":"if","locations":[{"start":{"line":165,"column":4},"end":{"line":167,"column":5}}]},"11":{"loc":{"start":{"line":178,"column":6},"end":{"line":180,"column":7}},"type":"if","locations":[{"start":{"line":178,"column":6},"end":{"line":180,"column":7}}]},"12":{"loc":{"start":{"line":190,"column":6},"end":{"line":192,"column":7}},"type":"if","locations":[{"start":{"line":190,"column":6},"end":{"line":192,"column":7}}]},"13":{"loc":{"start":{"line":202,"column":4},"end":{"line":202,"column":37}},"type":"if","locations":[{"start":{"line":202,"column":4},"end":{"line":202,"column":37}}]},"14":{"loc":{"start":{"line":204,"column":11},"end":{"line":204,"column":82}},"type":"binary-expr","locations":[{"start":{"line":204,"column":11},"end":{"line":204,"column":24}},{"start":{"line":204,"column":28},"end":{"line":204,"column":64}},{"start":{"line":204,"column":68},"end":{"line":204,"column":82}}]},"15":{"loc":{"start":{"line":213,"column":4},"end":{"line":215,"column":5}},"type":"if","locations":[{"start":{"line":213,"column":4},"end":{"line":215,"column":5}}]},"16":{"loc":{"start":{"line":213,"column":8},"end":{"line":213,"column":53}},"type":"binary-expr","locations":[{"start":{"line":213,"column":8},"end":{"line":213,"column":32}},{"start":{"line":213,"column":36},"end":{"line":213,"column":53}}]},"17":{"loc":{"start":{"line":229,"column":4},"end":{"line":235,"column":5}},"type":"if","locations":[{"start":{"line":229,"column":4},"end":{"line":235,"column":5}}]},"18":{"loc":{"start":{"line":284,"column":6},"end":{"line":287,"column":7}},"type":"if","locations":[{"start":{"line":284,"column":6},"end":{"line":287,"column":7}}]},"19":{"loc":{"start":{"line":290,"column":6},"end":{"line":293,"column":7}},"type":"if","locations":[{"start":{"line":290,"column":6},"end":{"line":293,"column":7}}]},"20":{"loc":{"start":{"line":303,"column":6},"end":{"line":305,"column":7}},"type":"if","locations":[{"start":{"line":303,"column":6},"end":{"line":305,"column":7}}]},"21":{"loc":{"start":{"line":309,"column":6},"end":{"line":340,"column":7}},"type":"if","locations":[{"start":{"line":309,"column":6},"end":{"line":340,"column":7}},{"start":{"line":337,"column":13},"end":{"line":340,"column":7}}]},"22":{"loc":{"start":{"line":309,"column":10},"end":{"line":309,"column":47}},"type":"binary-expr","locations":[{"start":{"line":309,"column":10},"end":{"line":309,"column":21}},{"start":{"line":309,"column":25},"end":{"line":309,"column":47}}]},"23":{"loc":{"start":{"line":316,"column":23},"end":{"line":316,"column":63}},"type":"binary-expr","locations":[{"start":{"line":316,"column":23},"end":{"line":316,"column":57}},{"start":{"line":316,"column":61},"end":{"line":316,"column":63}}]},"24":{"loc":{"start":{"line":356,"column":6},"end":{"line":358,"column":7}},"type":"if","locations":[{"start":{"line":356,"column":6},"end":{"line":358,"column":7}}]},"25":{"loc":{"start":{"line":374,"column":4},"end":{"line":376,"column":5}},"type":"if","locations":[{"start":{"line":374,"column":4},"end":{"line":376,"column":5}}]},"26":{"loc":{"start":{"line":374,"column":8},"end":{"line":374,"column":82}},"type":"binary-expr","locations":[{"start":{"line":374,"column":8},"end":{"line":374,"column":17}},{"start":{"line":374,"column":21},"end":{"line":374,"column":37}},{"start":{"line":374,"column":41},"end":{"line":374,"column":60}},{"start":{"line":374,"column":64},"end":{"line":374,"column":82}}]},"27":{"loc":{"start":{"line":380,"column":4},"end":{"line":382,"column":5}},"type":"if","locations":[{"start":{"line":380,"column":4},"end":{"line":382,"column":5}}]},"28":{"loc":{"start":{"line":391,"column":4},"end":{"line":393,"column":5}},"type":"if","locations":[{"start":{"line":391,"column":4},"end":{"line":393,"column":5}}]},"29":{"loc":{"start":{"line":391,"column":8},"end":{"line":391,"column":53}},"type":"binary-expr","locations":[{"start":{"line":391,"column":8},"end":{"line":391,"column":32}},{"start":{"line":391,"column":36},"end":{"line":391,"column":53}}]},"30":{"loc":{"start":{"line":396,"column":4},"end":{"line":398,"column":5}},"type":"if","locations":[{"start":{"line":396,"column":4},"end":{"line":398,"column":5}}]},"31":{"loc":{"start":{"line":436,"column":6},"end":{"line":438,"column":7}},"type":"if","locations":[{"start":{"line":436,"column":6},"end":{"line":438,"column":7}}]},"32":{"loc":{"start":{"line":446,"column":21},"end":{"line":446,"column":49}},"type":"binary-expr","locations":[{"start":{"line":446,"column":21},"end":{"line":446,"column":43}},{"start":{"line":446,"column":47},"end":{"line":446,"column":49}}]},"33":{"loc":{"start":{"line":463,"column":4},"end":{"line":465,"column":5}},"type":"if","locations":[{"start":{"line":463,"column":4},"end":{"line":465,"column":5}}]},"34":{"loc":{"start":{"line":480,"column":4},"end":{"line":482,"column":5}},"type":"if","locations":[{"start":{"line":480,"column":4},"end":{"line":482,"column":5}}]},"35":{"loc":{"start":{"line":486,"column":6},"end":{"line":490,"column":7}},"type":"if","locations":[{"start":{"line":486,"column":6},"end":{"line":490,"column":7}},{"start":{"line":488,"column":13},"end":{"line":490,"column":7}}]},"36":{"loc":{"start":{"line":486,"column":10},"end":{"line":486,"column":68}},"type":"binary-expr","locations":[{"start":{"line":486,"column":10},"end":{"line":486,"column":26}},{"start":{"line":486,"column":30},"end":{"line":486,"column":68}}]},"37":{"loc":{"start":{"line":498,"column":4},"end":{"line":501,"column":5}},"type":"if","locations":[{"start":{"line":498,"column":4},"end":{"line":501,"column":5}}]},"38":{"loc":{"start":{"line":503,"column":4},"end":{"line":506,"column":5}},"type":"if","locations":[{"start":{"line":503,"column":4},"end":{"line":506,"column":5}}]}},"s":{"0":2,"1":2,"2":2,"3":2,"4":2,"5":5,"6":5,"7":5,"8":5,"9":5,"10":5,"11":36,"12":36,"13":36,"14":21,"15":21,"16":21,"17":21,"18":21,"19":21,"20":15,"21":25,"22":19,"23":19,"24":19,"25":0,"26":0,"27":0,"28":6,"29":6,"30":0,"31":6,"32":5,"33":5,"34":15,"35":15,"36":1,"37":14,"38":4,"39":10,"40":3,"41":4,"42":2,"43":1,"44":3,"45":6,"46":1,"47":2,"48":3,"49":3,"50":1,"51":2,"52":2,"53":2,"54":1,"55":1,"56":4,"57":3,"58":3,"59":2,"60":2,"61":1,"62":1,"63":1,"64":2,"65":2,"66":2,"67":2,"68":2,"69":1,"70":2,"71":2,"72":23,"73":23,"74":0,"75":0,"76":23,"77":23,"78":11,"79":11,"80":12,"81":9,"82":1,"83":6,"84":6,"85":5,"86":5,"87":5,"88":5,"89":5,"90":5,"91":5,"92":5,"93":1,"94":1,"95":6,"96":6,"97":26,"98":26,"99":104,"100":104,"101":104,"102":26,"103":22,"104":0,"105":22,"106":22,"107":1,"108":21,"109":19,"110":0,"111":19,"112":0,"113":19,"114":5,"115":5,"116":1,"117":36,"118":36,"119":35,"120":35,"121":13,"122":22,"123":1,"124":1,"125":26,"126":1,"127":26,"128":0,"129":0,"130":26,"131":1,"132":26,"133":0,"134":0,"135":0,"136":41,"137":25,"138":25,"139":41,"140":25,"141":25,"142":28,"143":0,"144":0,"145":0,"146":39,"147":39,"148":39,"149":39,"150":2,"151":2,"152":2},"f":{"0":5,"1":36,"2":25,"3":5,"4":15,"5":3,"6":3,"7":3,"8":2,"9":4,"10":3,"11":1,"12":1,"13":2,"14":2,"15":23,"16":26,"17":104,"18":22,"19":19,"20":5,"21":36,"22":26,"23":0,"24":0,"25":26,"26":0,"27":41,"28":28,"29":0,"30":39},"b":{"0":[21],"1":[36,22],"2":[19],"3":[19,0],"4":[0],"5":[0,0],"6":[0],"7":[6,0],"8":[1],"9":[15,14],"10":[4],"11":[2],"12":[1],"13":[1],"14":[2,1,0],"15":[1],"16":[2,1],"17":[2],"18":[0],"19":[11],"20":[1],"21":[5,1],"22":[6,5],"23":[5,0],"24":[104],"25":[0],"26":[22,22,22,22],"27":[1],"28":[0],"29":[19,19],"30":[0],"31":[13],"32":[22,0],"33":[1],"34":[1],"35":[0,0],"36":[0,0],"37":[25],"38":[25]}}
}
