{"C:\\Users\\lance\\projects\\new-ext-v2\\src\\App.tsx": {"path":"C:\\Users\\lance\\projects\\new-ext-v2\\src\\App.tsx","statementMap":{"0":{"start":{"line":7,"column":28},"end":{"line":7,"column":39}},"1":{"start":{"line":9,"column":2},"end":{"line":32,"column":null}},"2":{"start":{"line":21,"column":31},"end":{"line":21,"column":61}},"3":{"start":{"line":21,"column":51},"end":{"line":21,"column":60}}},"fnMap":{"0":{"name":"App","decl":{"start":{"line":6,"column":9},"end":{"line":6,"column":12}},"loc":{"start":{"line":6,"column":12},"end":{"line":33,"column":1}}},"1":{"name":"(anonymous_1)","decl":{"start":{"line":21,"column":25},"end":{"line":21,"column":28}},"loc":{"start":{"line":21,"column":31},"end":{"line":21,"column":61}}},"2":{"name":"(anonymous_2)","decl":{"start":{"line":21,"column":40},"end":{"line":21,"column":41}},"loc":{"start":{"line":21,"column":51},"end":{"line":21,"column":60}}}},"branchMap":{},"s":{"0":0,"1":0,"2":0,"3":0},"f":{"0":0,"1":0,"2":0},"b":{}}
,"C:\\Users\\lance\\projects\\new-ext-v2\\src\\components\\ui\\button.tsx": {"path":"C:\\Users\\lance\\projects\\new-ext-v2\\src\\components\\ui\\button.tsx","statementMap":{"0":{"start":{"line":1,"column":0},"end":{"line":1,"column":30}},"1":{"start":{"line":2,"column":0},"end":{"line":2,"column":43}},"2":{"start":{"line":3,"column":0},"end":{"line":3,"column":65}},"3":{"start":{"line":5,"column":0},"end":{"line":5,"column":36}},"4":{"start":{"line":7,"column":23},"end":{"line":33,"column":null}},"5":{"start":{"line":56,"column":17},"end":{"line":56,"column":31}},"6":{"start":{"line":42,"column":15},"end":{"line":52,"column":null}},"7":{"start":{"line":44,"column":17},"end":{"line":44,"column":42}},"8":{"start":{"line":45,"column":4},"end":{"line":51,"column":null}},"9":{"start":{"line":56,"column":9},"end":{"line":56,"column":15}},"10":{"start":{"line":54,"column":0},"end":{"line":54,"column":null}}},"fnMap":{"0":{"name":"(anonymous_9)","decl":{"start":{"line":43,"column":2},"end":{"line":43,"column":3}},"loc":{"start":{"line":43,"column":67},"end":{"line":52,"column":3}}}},"branchMap":{"0":{"loc":{"start":{"line":43,"column":31},"end":{"line":43,"column":46}},"type":"default-arg","locations":[{"start":{"line":43,"column":41},"end":{"line":43,"column":46}}]},"1":{"loc":{"start":{"line":44,"column":17},"end":{"line":44,"column":42}},"type":"cond-expr","locations":[{"start":{"line":44,"column":27},"end":{"line":44,"column":31}},{"start":{"line":44,"column":34},"end":{"line":44,"column":42}}]}},"s":{"0":1,"1":1,"2":1,"3":1,"4":1,"5":1,"6":1,"7":6,"8":6,"9":1,"10":1},"f":{"0":6},"b":{"0":[5],"1":[1,5]}}
,"C:\\Users\\lance\\projects\\new-ext-v2\\src\\components\\ui\\data-grid.tsx": {"path":"C:\\Users\\lance\\projects\\new-ext-v2\\src\\components\\ui\\data-grid.tsx","statementMap":{"0":{"start":{"line":20,"column":24},"end":{"line":61,"column":1}},"1":{"start":{"line":31,"column":18},"end":{"line":31,"column":43}},"2":{"start":{"line":32,"column":21},"end":{"line":32,"column":49}},"3":{"start":{"line":34,"column":26},"end":{"line":39,"column":19}},"4":{"start":{"line":35,"column":4},"end":{"line":35,"column":36}},"5":{"start":{"line":36,"column":4},"end":{"line":38,"column":5}},"6":{"start":{"line":37,"column":6},"end":{"line":37,"column":26}},"7":{"start":{"line":41,"column":2},"end":{"line":60,"column":4}}},"fnMap":{"0":{"name":"(anonymous_0)","decl":{"start":{"line":20,"column":24},"end":{"line":20,"column":43}},"loc":{"start":{"line":30,"column":23},"end":{"line":61,"column":1}}},"1":{"name":"(anonymous_1)","decl":{"start":{"line":34,"column":38},"end":{"line":34,"column":39}},"loc":{"start":{"line":34,"column":65},"end":{"line":39,"column":3}}}},"branchMap":{"0":{"loc":{"start":{"line":23,"column":2},"end":{"line":23,"column":31}},"type":"default-arg","locations":[{"start":{"line":23,"column":14},"end":{"line":23,"column":31}}]},"1":{"loc":{"start":{"line":24,"column":2},"end":{"line":28,"column":null}},"type":"default-arg","locations":[{"start":{"line":24,"column":18},"end":{"line":28,"column":null}}]},"2":{"loc":{"start":{"line":36,"column":4},"end":{"line":38,"column":5}},"type":"if","locations":[{"start":{"line":36,"column":4},"end":{"line":38,"column":5}}]}},"s":{"0":0,"1":0,"2":0,"3":0,"4":0,"5":0,"6":0,"7":0},"f":{"0":0,"1":0},"b":{"0":[0],"1":[0],"2":[0]}}
,"C:\\Users\\lance\\projects\\new-ext-v2\\src\\extension\\background\\background.ts": {"path":"C:\\Users\\lance\\projects\\new-ext-v2\\src\\extension\\background\\background.ts","statementMap":{"0":{"start":{"line":2,"column":0},"end":{"line":2,"column":40}},"1":{"start":{"line":13,"column":2},"end":{"line":13,"column":58}},"2":{"start":{"line":14,"column":2},"end":{"line":14,"column":54}},"3":{"start":{"line":17,"column":2},"end":{"line":17,"column":23}},"4":{"start":{"line":20,"column":2},"end":{"line":20,"column":17}},"5":{"start":{"line":22,"column":2},"end":{"line":22,"column":48}},"6":{"start":{"line":26,"column":2},"end":{"line":26,"column":54}},"7":{"start":{"line":29,"column":2},"end":{"line":31,"column":3}},"8":{"start":{"line":30,"column":4},"end":{"line":30,"column":25}},"9":{"start":{"line":36,"column":2},"end":{"line":59,"column":5}},"10":{"start":{"line":37,"column":4},"end":{"line":58,"column":5}},"11":{"start":{"line":38,"column":6},"end":{"line":38,"column":78}},"12":{"start":{"line":41,"column":24},"end":{"line":41,"column":205}},"13":{"start":{"line":43,"column":35},"end":{"line":46,"column":8}},"14":{"start":{"line":48,"column":6},"end":{"line":55,"column":9}},"15":{"start":{"line":49,"column":8},"end":{"line":49,"column":65}},"16":{"start":{"line":52,"column":8},"end":{"line":54,"column":11}},"17":{"start":{"line":53,"column":10},"end":{"line":53,"column":64}},"18":{"start":{"line":57,"column":6},"end":{"line":57,"column":72}},"19":{"start":{"line":63,"column":2},"end":{"line":80,"column":5}},"20":{"start":{"line":64,"column":22},"end":{"line":64,"column":72}},"21":{"start":{"line":66,"column":4},"end":{"line":79,"column":5}},"22":{"start":{"line":67,"column":6},"end":{"line":78,"column":9}},"23":{"start":{"line":88,"column":2},"end":{"line":88,"column":63}},"24":{"start":{"line":91,"column":2},"end":{"line":94,"column":3}},"25":{"start":{"line":92,"column":4},"end":{"line":92,"column":33}},"26":{"start":{"line":93,"column":4},"end":{"line":93,"column":16}},"27":{"start":{"line":96,"column":2},"end":{"line":99,"column":3}},"28":{"start":{"line":97,"column":4},"end":{"line":97,"column":44}},"29":{"start":{"line":98,"column":4},"end":{"line":98,"column":16}},"30":{"start":{"line":101,"column":2},"end":{"line":104,"column":3}},"31":{"start":{"line":102,"column":4},"end":{"line":102,"column":47}},"32":{"start":{"line":103,"column":4},"end":{"line":103,"column":16}},"33":{"start":{"line":107,"column":2},"end":{"line":113,"column":3}},"34":{"start":{"line":108,"column":4},"end":{"line":111,"column":7}},"35":{"start":{"line":109,"column":6},"end":{"line":109,"column":48}},"36":{"start":{"line":110,"column":6},"end":{"line":110,"column":40}},"37":{"start":{"line":112,"column":4},"end":{"line":112,"column":16}},"38":{"start":{"line":116,"column":2},"end":{"line":116,"column":15}},"39":{"start":{"line":120,"column":2},"end":{"line":165,"column":5}},"40":{"start":{"line":121,"column":4},"end":{"line":121,"column":62}},"41":{"start":{"line":123,"column":4},"end":{"line":164,"column":5}},"42":{"start":{"line":124,"column":24},"end":{"line":124,"column":53}},"43":{"start":{"line":127,"column":6},"end":{"line":137,"column":7}},"44":{"start":{"line":128,"column":8},"end":{"line":128,"column":47}},"45":{"start":{"line":129,"column":8},"end":{"line":129,"column":38}},"46":{"start":{"line":131,"column":8},"end":{"line":131,"column":106}},"47":{"start":{"line":132,"column":8},"end":{"line":136,"column":11}},"48":{"start":{"line":140,"column":6},"end":{"line":163,"column":9}},"49":{"start":{"line":141,"column":8},"end":{"line":162,"column":9}},"50":{"start":{"line":142,"column":10},"end":{"line":142,"column":61}},"51":{"start":{"line":145,"column":39},"end":{"line":148,"column":12}},"52":{"start":{"line":151,"column":10},"end":{"line":153,"column":13}},"53":{"start":{"line":152,"column":12},"end":{"line":152,"column":56}},"54":{"start":{"line":155,"column":10},"end":{"line":158,"column":13}},"55":{"start":{"line":160,"column":10},"end":{"line":160,"column":51}},"56":{"start":{"line":161,"column":10},"end":{"line":161,"column":40}},"57":{"start":{"line":169,"column":2},"end":{"line":173,"column":3}},"58":{"start":{"line":170,"column":4},"end":{"line":170,"column":60}},"59":{"start":{"line":171,"column":4},"end":{"line":171,"column":61}},"60":{"start":{"line":172,"column":4},"end":{"line":172,"column":11}},"61":{"start":{"line":175,"column":2},"end":{"line":175,"column":89}},"62":{"start":{"line":177,"column":31},"end":{"line":181,"column":4}},"63":{"start":{"line":183,"column":2},"end":{"line":198,"column":5}},"64":{"start":{"line":184,"column":4},"end":{"line":197,"column":5}},"65":{"start":{"line":185,"column":6},"end":{"line":185,"column":72}},"66":{"start":{"line":186,"column":6},"end":{"line":186,"column":80}},"67":{"start":{"line":188,"column":6},"end":{"line":188,"column":47}},"68":{"start":{"line":191,"column":6},"end":{"line":191,"column":61}},"69":{"start":{"line":194,"column":6},"end":{"line":194,"column":44}},"70":{"start":{"line":196,"column":6},"end":{"line":196,"column":38}},"71":{"start":{"line":203,"column":18},"end":{"line":205,"column":55}},"72":{"start":{"line":207,"column":2},"end":{"line":207,"column":28}},"73":{"start":{"line":212,"column":2},"end":{"line":225,"column":5}},"74":{"start":{"line":213,"column":4},"end":{"line":224,"column":5}},"75":{"start":{"line":214,"column":6},"end":{"line":223,"column":7}},"76":{"start":{"line":215,"column":8},"end":{"line":222,"column":9}},"77":{"start":{"line":216,"column":10},"end":{"line":219,"column":13}},"78":{"start":{"line":229,"column":0},"end":{"line":229,"column":13}}},"fnMap":{"0":{"name":"initialize","decl":{"start":{"line":11,"column":9},"end":{"line":11,"column":19}},"loc":{"start":{"line":11,"column":19},"end":{"line":23,"column":1}}},"1":{"name":"handleInstalled","decl":{"start":{"line":25,"column":9},"end":{"line":25,"column":24}},"loc":{"start":{"line":25,"column":65},"end":{"line":32,"column":1}}},"2":{"name":"addTestToken","decl":{"start":{"line":35,"column":9},"end":{"line":35,"column":21}},"loc":{"start":{"line":35,"column":21},"end":{"line":60,"column":1}}},"3":{"name":"(anonymous_3)","decl":{"start":{"line":36,"column":42},"end":{"line":36,"column":43}},"loc":{"start":{"line":36,"column":53},"end":{"line":59,"column":3}}},"4":{"name":"(anonymous_4)","decl":{"start":{"line":48,"column":46},"end":{"line":48,"column":49}},"loc":{"start":{"line":48,"column":51},"end":{"line":55,"column":7}}},"5":{"name":"(anonymous_5)","decl":{"start":{"line":52,"column":59},"end":{"line":52,"column":62}},"loc":{"start":{"line":52,"column":64},"end":{"line":54,"column":9}}},"6":{"name":"initializeSettings","decl":{"start":{"line":62,"column":9},"end":{"line":62,"column":27}},"loc":{"start":{"line":62,"column":27},"end":{"line":81,"column":1}}},"7":{"name":"(anonymous_7)","decl":{"start":{"line":63,"column":67},"end":{"line":63,"column":68}},"loc":{"start":{"line":63,"column":78},"end":{"line":80,"column":3}}},"8":{"name":"handleMessage","decl":{"start":{"line":83,"column":9},"end":{"line":83,"column":22}},"loc":{"start":{"line":86,"column":40},"end":{"line":117,"column":1}}},"9":{"name":"(anonymous_9)","decl":{"start":{"line":108,"column":35},"end":{"line":108,"column":36}},"loc":{"start":{"line":108,"column":46},"end":{"line":111,"column":5}}},"10":{"name":"handleGetToken","decl":{"start":{"line":119,"column":9},"end":{"line":119,"column":23}},"loc":{"start":{"line":119,"column":61},"end":{"line":166,"column":1}}},"11":{"name":"(anonymous_11)","decl":{"start":{"line":120,"column":42},"end":{"line":120,"column":43}},"loc":{"start":{"line":120,"column":53},"end":{"line":165,"column":3}}},"12":{"name":"(anonymous_12)","decl":{"start":{"line":140,"column":46},"end":{"line":140,"column":47}},"loc":{"start":{"line":140,"column":60},"end":{"line":163,"column":7}}},"13":{"name":"(anonymous_13)","decl":{"start":{"line":151,"column":50},"end":{"line":151,"column":53}},"loc":{"start":{"line":151,"column":55},"end":{"line":153,"column":11}}},"14":{"name":"handleStoreToken","decl":{"start":{"line":168,"column":9},"end":{"line":168,"column":25}},"loc":{"start":{"line":168,"column":77},"end":{"line":199,"column":1}}},"15":{"name":"(anonymous_15)","decl":{"start":{"line":183,"column":42},"end":{"line":183,"column":45}},"loc":{"start":{"line":183,"column":47},"end":{"line":198,"column":3}}},"16":{"name":"handleValidateToken","decl":{"start":{"line":201,"column":9},"end":{"line":201,"column":28}},"loc":{"start":{"line":201,"column":80},"end":{"line":208,"column":1}}},"17":{"name":"broadcastTokenUpdate","decl":{"start":{"line":210,"column":9},"end":{"line":210,"column":29}},"loc":{"start":{"line":210,"column":43},"end":{"line":226,"column":1}}},"18":{"name":"(anonymous_18)","decl":{"start":{"line":212,"column":65},"end":{"line":212,"column":66}},"loc":{"start":{"line":212,"column":74},"end":{"line":225,"column":3}}}},"branchMap":{"0":{"loc":{"start":{"line":29,"column":2},"end":{"line":31,"column":3}},"type":"if","locations":[{"start":{"line":29,"column":2},"end":{"line":31,"column":3}}]},"1":{"loc":{"start":{"line":37,"column":4},"end":{"line":58,"column":5}},"type":"if","locations":[{"start":{"line":37,"column":4},"end":{"line":58,"column":5}},{"start":{"line":56,"column":11},"end":{"line":58,"column":5}}]},"2":{"loc":{"start":{"line":64,"column":22},"end":{"line":64,"column":72}},"type":"binary-expr","locations":[{"start":{"line":64,"column":22},"end":{"line":64,"column":45}},{"start":{"line":64,"column":49},"end":{"line":64,"column":72}}]},"3":{"loc":{"start":{"line":66,"column":4},"end":{"line":79,"column":5}},"type":"if","locations":[{"start":{"line":66,"column":4},"end":{"line":79,"column":5}}]},"4":{"loc":{"start":{"line":91,"column":2},"end":{"line":94,"column":3}},"type":"if","locations":[{"start":{"line":91,"column":2},"end":{"line":94,"column":3}}]},"5":{"loc":{"start":{"line":96,"column":2},"end":{"line":99,"column":3}},"type":"if","locations":[{"start":{"line":96,"column":2},"end":{"line":99,"column":3}}]},"6":{"loc":{"start":{"line":101,"column":2},"end":{"line":104,"column":3}},"type":"if","locations":[{"start":{"line":101,"column":2},"end":{"line":104,"column":3}}]},"7":{"loc":{"start":{"line":107,"column":2},"end":{"line":113,"column":3}},"type":"if","locations":[{"start":{"line":107,"column":2},"end":{"line":113,"column":3}}]},"8":{"loc":{"start":{"line":123,"column":4},"end":{"line":164,"column":5}},"type":"if","locations":[{"start":{"line":123,"column":4},"end":{"line":164,"column":5}},{"start":{"line":138,"column":11},"end":{"line":164,"column":5}}]},"9":{"loc":{"start":{"line":127,"column":6},"end":{"line":137,"column":7}},"type":"if","locations":[{"start":{"line":127,"column":6},"end":{"line":137,"column":7}},{"start":{"line":130,"column":13},"end":{"line":137,"column":7}}]},"10":{"loc":{"start":{"line":127,"column":10},"end":{"line":127,"column":66}},"type":"binary-expr","locations":[{"start":{"line":127,"column":10},"end":{"line":127,"column":29}},{"start":{"line":127,"column":33},"end":{"line":127,"column":66}}]},"11":{"loc":{"start":{"line":141,"column":8},"end":{"line":162,"column":9}},"type":"if","locations":[{"start":{"line":141,"column":8},"end":{"line":162,"column":9}},{"start":{"line":159,"column":15},"end":{"line":162,"column":9}}]},"12":{"loc":{"start":{"line":169,"column":2},"end":{"line":173,"column":3}},"type":"if","locations":[{"start":{"line":169,"column":2},"end":{"line":173,"column":3}}]},"13":{"loc":{"start":{"line":169,"column":6},"end":{"line":169,"column":57}},"type":"binary-expr","locations":[{"start":{"line":169,"column":6},"end":{"line":169,"column":20}},{"start":{"line":169,"column":24},"end":{"line":169,"column":57}}]},"14":{"loc":{"start":{"line":179,"column":15},"end":{"line":179,"column":58}},"type":"binary-expr","locations":[{"start":{"line":179,"column":15},"end":{"line":179,"column":32}},{"start":{"line":179,"column":37},"end":{"line":179,"column":57}}]},"15":{"loc":{"start":{"line":184,"column":4},"end":{"line":197,"column":5}},"type":"if","locations":[{"start":{"line":184,"column":4},"end":{"line":197,"column":5}},{"start":{"line":187,"column":11},"end":{"line":197,"column":5}}]},"16":{"loc":{"start":{"line":203,"column":18},"end":{"line":205,"column":55}},"type":"binary-expr","locations":[{"start":{"line":203,"column":18},"end":{"line":203,"column":31}},{"start":{"line":204,"column":18},"end":{"line":204,"column":51}},{"start":{"line":205,"column":18},"end":{"line":205,"column":55}}]},"17":{"loc":{"start":{"line":214,"column":6},"end":{"line":223,"column":7}},"type":"if","locations":[{"start":{"line":214,"column":6},"end":{"line":223,"column":7}}]}},"s":{"0":0,"1":0,"2":0,"3":0,"4":0,"5":0,"6":0,"7":0,"8":0,"9":0,"10":0,"11":0,"12":0,"13":0,"14":0,"15":0,"16":0,"17":0,"18":0,"19":0,"20":0,"21":0,"22":0,"23":0,"24":0,"25":0,"26":0,"27":0,"28":0,"29":0,"30":0,"31":0,"32":0,"33":0,"34":0,"35":0,"36":0,"37":0,"38":0,"39":0,"40":0,"41":0,"42":0,"43":0,"44":0,"45":0,"46":0,"47":0,"48":0,"49":0,"50":0,"51":0,"52":0,"53":0,"54":0,"55":0,"56":0,"57":0,"58":0,"59":0,"60":0,"61":0,"62":0,"63":0,"64":0,"65":0,"66":0,"67":0,"68":0,"69":0,"70":0,"71":0,"72":0,"73":0,"74":0,"75":0,"76":0,"77":0,"78":0},"f":{"0":0,"1":0,"2":0,"3":0,"4":0,"5":0,"6":0,"7":0,"8":0,"9":0,"10":0,"11":0,"12":0,"13":0,"14":0,"15":0,"16":0,"17":0,"18":0},"b":{"0":[0],"1":[0,0],"2":[0,0],"3":[0],"4":[0],"5":[0],"6":[0],"7":[0],"8":[0,0],"9":[0,0],"10":[0,0],"11":[0,0],"12":[0],"13":[0,0],"14":[0,0],"15":[0,0],"16":[0,0,0],"17":[0]}}
,"C:\\Users\\lance\\projects\\new-ext-v2\\src\\extension\\content\\content.ts": {"path":"C:\\Users\\lance\\projects\\new-ext-v2\\src\\extension\\content\\content.ts","statementMap":{"0":{"start":{"line":7,"column":10},"end":{"line":7,"column":null}},"1":{"start":{"line":8,"column":10},"end":{"line":8,"column":null}},"2":{"start":{"line":11,"column":4},"end":{"line":11,"column":43}},"3":{"start":{"line":12,"column":4},"end":{"line":12,"column":22}},"4":{"start":{"line":16,"column":4},"end":{"line":16,"column":59}},"5":{"start":{"line":19,"column":4},"end":{"line":19,"column":38}},"6":{"start":{"line":22,"column":4},"end":{"line":22,"column":30}},"7":{"start":{"line":23,"column":4},"end":{"line":23,"column":32}},"8":{"start":{"line":26,"column":4},"end":{"line":26,"column":33}},"9":{"start":{"line":28,"column":4},"end":{"line":28,"column":55}},"10":{"start":{"line":32,"column":4},"end":{"line":73,"column":5}},"11":{"start":{"line":33,"column":6},"end":{"line":33,"column":83}},"12":{"start":{"line":36,"column":26},"end":{"line":36,"column":75}},"13":{"start":{"line":38,"column":6},"end":{"line":41,"column":7}},"14":{"start":{"line":39,"column":8},"end":{"line":39,"column":74}},"15":{"start":{"line":40,"column":8},"end":{"line":40,"column":15}},"16":{"start":{"line":43,"column":23},"end":{"line":43,"column":46}},"17":{"start":{"line":44,"column":20},"end":{"line":44,"column":88}},"18":{"start":{"line":45,"column":29},"end":{"line":45,"column":104}},"19":{"start":{"line":48,"column":6},"end":{"line":51,"column":7}},"20":{"start":{"line":49,"column":8},"end":{"line":49,"column":53}},"21":{"start":{"line":50,"column":8},"end":{"line":50,"column":15}},"22":{"start":{"line":54,"column":6},"end":{"line":62,"column":7}},"23":{"start":{"line":55,"column":31},"end":{"line":55,"column":56}},"24":{"start":{"line":56,"column":28},"end":{"line":56,"column":38}},"25":{"start":{"line":58,"column":8},"end":{"line":61,"column":9}},"26":{"start":{"line":59,"column":10},"end":{"line":59,"column":42}},"27":{"start":{"line":60,"column":10},"end":{"line":60,"column":17}},"28":{"start":{"line":64,"column":6},"end":{"line":64,"column":56}},"29":{"start":{"line":68,"column":6},"end":{"line":68,"column":46}},"30":{"start":{"line":70,"column":6},"end":{"line":70,"column":68}},"31":{"start":{"line":72,"column":6},"end":{"line":72,"column":54}},"32":{"start":{"line":77,"column":4},"end":{"line":91,"column":7}},"33":{"start":{"line":78,"column":6},"end":{"line":90,"column":9}},"34":{"start":{"line":82,"column":8},"end":{"line":89,"column":9}},"35":{"start":{"line":83,"column":10},"end":{"line":83,"column":62}},"36":{"start":{"line":84,"column":15},"end":{"line":89,"column":9}},"37":{"start":{"line":85,"column":10},"end":{"line":85,"column":70}},"38":{"start":{"line":86,"column":10},"end":{"line":86,"column":20}},"39":{"start":{"line":88,"column":10},"end":{"line":88,"column":72}},"40":{"start":{"line":96,"column":18},"end":{"line":96,"column":31}},"41":{"start":{"line":98,"column":24},"end":{"line":107,"column":6}},"42":{"start":{"line":99,"column":25},"end":{"line":99,"column":38}},"43":{"start":{"line":100,"column":6},"end":{"line":106,"column":7}},"44":{"start":{"line":101,"column":8},"end":{"line":101,"column":29}},"45":{"start":{"line":102,"column":8},"end":{"line":102,"column":51}},"46":{"start":{"line":105,"column":8},"end":{"line":105,"column":60}},"47":{"start":{"line":105,"column":25},"end":{"line":105,"column":52}},"48":{"start":{"line":109,"column":4},"end":{"line":112,"column":7}},"49":{"start":{"line":114,"column":4},"end":{"line":114,"column":37}},"50":{"start":{"line":117,"column":4},"end":{"line":119,"column":7}},"51":{"start":{"line":118,"column":6},"end":{"line":118,"column":57}},"52":{"start":{"line":118,"column":23},"end":{"line":118,"column":50}},"53":{"start":{"line":121,"column":4},"end":{"line":123,"column":7}},"54":{"start":{"line":122,"column":6},"end":{"line":122,"column":57}},"55":{"start":{"line":122,"column":23},"end":{"line":122,"column":50}},"56":{"start":{"line":128,"column":28},"end":{"line":128,"column":48}},"57":{"start":{"line":129,"column":4},"end":{"line":137,"column":6}},"58":{"start":{"line":130,"column":6},"end":{"line":130,"column":53}},"59":{"start":{"line":133,"column":6},"end":{"line":136,"column":7}},"60":{"start":{"line":134,"column":8},"end":{"line":134,"column":78}},"61":{"start":{"line":135,"column":8},"end":{"line":135,"column":59}},"62":{"start":{"line":135,"column":25},"end":{"line":135,"column":52}},"63":{"start":{"line":140,"column":4},"end":{"line":145,"column":7}},"64":{"start":{"line":141,"column":6},"end":{"line":144,"column":7}},"65":{"start":{"line":142,"column":8},"end":{"line":142,"column":72}},"66":{"start":{"line":143,"column":8},"end":{"line":143,"column":59}},"67":{"start":{"line":143,"column":25},"end":{"line":143,"column":52}},"68":{"start":{"line":149,"column":4},"end":{"line":175,"column":7}},"69":{"start":{"line":150,"column":6},"end":{"line":150,"column":86}},"70":{"start":{"line":152,"column":6},"end":{"line":174,"column":7}},"71":{"start":{"line":154,"column":10},"end":{"line":154,"column":55}},"72":{"start":{"line":155,"column":10},"end":{"line":155,"column":22}},"73":{"start":{"line":158,"column":10},"end":{"line":158,"column":55}},"74":{"start":{"line":159,"column":10},"end":{"line":159,"column":22}},"75":{"start":{"line":162,"column":10},"end":{"line":162,"column":54}},"76":{"start":{"line":163,"column":10},"end":{"line":163,"column":22}},"77":{"start":{"line":167,"column":10},"end":{"line":167,"column":60}},"78":{"start":{"line":168,"column":10},"end":{"line":168,"column":42}},"79":{"start":{"line":169,"column":10},"end":{"line":169,"column":23}},"80":{"start":{"line":172,"column":10},"end":{"line":172,"column":86}},"81":{"start":{"line":173,"column":10},"end":{"line":173,"column":23}},"82":{"start":{"line":179,"column":4},"end":{"line":195,"column":5}},"83":{"start":{"line":180,"column":6},"end":{"line":180,"column":40}},"84":{"start":{"line":183,"column":26},"end":{"line":183,"column":75}},"85":{"start":{"line":184,"column":6},"end":{"line":190,"column":7}},"86":{"start":{"line":185,"column":25},"end":{"line":185,"column":48}},"87":{"start":{"line":186,"column":22},"end":{"line":186,"column":90}},"88":{"start":{"line":187,"column":8},"end":{"line":187,"column":47}},"89":{"start":{"line":189,"column":8},"end":{"line":189,"column":66}},"90":{"start":{"line":192,"column":6},"end":{"line":192,"column":68}},"91":{"start":{"line":193,"column":27},"end":{"line":193,"column":83}},"92":{"start":{"line":194,"column":6},"end":{"line":194,"column":60}},"93":{"start":{"line":199,"column":4},"end":{"line":206,"column":5}},"94":{"start":{"line":200,"column":6},"end":{"line":200,"column":40}},"95":{"start":{"line":201,"column":6},"end":{"line":201,"column":38}},"96":{"start":{"line":203,"column":6},"end":{"line":203,"column":68}},"97":{"start":{"line":204,"column":27},"end":{"line":204,"column":83}},"98":{"start":{"line":205,"column":6},"end":{"line":205,"column":60}},"99":{"start":{"line":210,"column":21},"end":{"line":216,"column":6}},"100":{"start":{"line":218,"column":4},"end":{"line":218,"column":46}},"101":{"start":{"line":222,"column":4},"end":{"line":223,"column":75}},"102":{"start":{"line":227,"column":26},"end":{"line":233,"column":6}},"103":{"start":{"line":235,"column":4},"end":{"line":237,"column":6}},"104":{"start":{"line":236,"column":6},"end":{"line":236,"column":47}},"105":{"start":{"line":241,"column":17},"end":{"line":241,"column":19}},"106":{"start":{"line":243,"column":4},"end":{"line":250,"column":5}},"107":{"start":{"line":244,"column":6},"end":{"line":247,"column":7}},"108":{"start":{"line":244,"column":19},"end":{"line":244,"column":20}},"109":{"start":{"line":245,"column":20},"end":{"line":245,"column":39}},"110":{"start":{"line":246,"column":8},"end":{"line":246,"column":32}},"111":{"start":{"line":246,"column":17},"end":{"line":246,"column":32}},"112":{"start":{"line":249,"column":6},"end":{"line":249,"column":63}},"113":{"start":{"line":252,"column":4},"end":{"line":252,"column":16}},"114":{"start":{"line":257,"column":4},"end":{"line":257,"column":62}},"115":{"start":{"line":257,"column":39},"end":{"line":257,"column":60}},"116":{"start":{"line":258,"column":4},"end":{"line":258,"column":24}},"117":{"start":{"line":259,"column":4},"end":{"line":259,"column":53}},"118":{"start":{"line":264,"column":43},"end":{"line":264,"column":47}},"119":{"start":{"line":267,"column":0},"end":{"line":273,"column":1}},"120":{"start":{"line":268,"column":2},"end":{"line":270,"column":5}},"121":{"start":{"line":269,"column":4},"end":{"line":269,"column":41}},"122":{"start":{"line":272,"column":2},"end":{"line":272,"column":39}},"123":{"start":{"line":276,"column":0},"end":{"line":280,"column":3}},"124":{"start":{"line":277,"column":2},"end":{"line":279,"column":3}},"125":{"start":{"line":278,"column":4},"end":{"line":278,"column":28}},"126":{"start":{"line":283,"column":1},"end":{"line":283,"column":50}}},"fnMap":{"0":{"name":"(anonymous_0)","decl":{"start":{"line":10,"column":2},"end":{"line":10,"column":null}},"loc":{"start":{"line":10,"column":2},"end":{"line":13,"column":3}}},"1":{"name":"(anonymous_1)","decl":{"start":{"line":15,"column":10},"end":{"line":15,"column":15}},"loc":{"start":{"line":15,"column":26},"end":{"line":29,"column":3}}},"2":{"name":"(anonymous_2)","decl":{"start":{"line":31,"column":10},"end":{"line":31,"column":15}},"loc":{"start":{"line":31,"column":36},"end":{"line":74,"column":3}}},"3":{"name":"(anonymous_3)","decl":{"start":{"line":76,"column":10},"end":{"line":76,"column":15}},"loc":{"start":{"line":76,"column":51},"end":{"line":92,"column":3}}},"4":{"name":"(anonymous_4)","decl":{"start":{"line":77,"column":29},"end":{"line":77,"column":30}},"loc":{"start":{"line":77,"column":49},"end":{"line":91,"column":5}}},"5":{"name":"(anonymous_5)","decl":{"start":{"line":81,"column":9},"end":{"line":81,"column":10}},"loc":{"start":{"line":81,"column":22},"end":{"line":90,"column":7}}},"6":{"name":"(anonymous_6)","decl":{"start":{"line":94,"column":10},"end":{"line":94,"column":28}},"loc":{"start":{"line":94,"column":28},"end":{"line":124,"column":3}}},"7":{"name":"(anonymous_7)","decl":{"start":{"line":98,"column":45},"end":{"line":98,"column":48}},"loc":{"start":{"line":98,"column":50},"end":{"line":107,"column":5}}},"8":{"name":"(anonymous_8)","decl":{"start":{"line":105,"column":19},"end":{"line":105,"column":22}},"loc":{"start":{"line":105,"column":25},"end":{"line":105,"column":52}}},"9":{"name":"(anonymous_9)","decl":{"start":{"line":117,"column":40},"end":{"line":117,"column":43}},"loc":{"start":{"line":117,"column":45},"end":{"line":119,"column":5}}},"10":{"name":"(anonymous_10)","decl":{"start":{"line":118,"column":17},"end":{"line":118,"column":20}},"loc":{"start":{"line":118,"column":23},"end":{"line":118,"column":50}}},"11":{"name":"(anonymous_11)","decl":{"start":{"line":121,"column":42},"end":{"line":121,"column":45}},"loc":{"start":{"line":121,"column":47},"end":{"line":123,"column":5}}},"12":{"name":"(anonymous_12)","decl":{"start":{"line":122,"column":17},"end":{"line":122,"column":20}},"loc":{"start":{"line":122,"column":23},"end":{"line":122,"column":50}}},"13":{"name":"(anonymous_13)","decl":{"start":{"line":126,"column":10},"end":{"line":126,"column":30}},"loc":{"start":{"line":126,"column":30},"end":{"line":146,"column":3}}},"14":{"name":"(anonymous_14)","decl":{"start":{"line":129,"column":27},"end":{"line":129,"column":28}},"loc":{"start":{"line":129,"column":58},"end":{"line":137,"column":5}}},"15":{"name":"(anonymous_15)","decl":{"start":{"line":135,"column":19},"end":{"line":135,"column":22}},"loc":{"start":{"line":135,"column":25},"end":{"line":135,"column":52}}},"16":{"name":"(anonymous_16)","decl":{"start":{"line":140,"column":39},"end":{"line":140,"column":40}},"loc":{"start":{"line":140,"column":45},"end":{"line":145,"column":5}}},"17":{"name":"(anonymous_17)","decl":{"start":{"line":143,"column":19},"end":{"line":143,"column":22}},"loc":{"start":{"line":143,"column":25},"end":{"line":143,"column":52}}},"18":{"name":"(anonymous_18)","decl":{"start":{"line":148,"column":10},"end":{"line":148,"column":31}},"loc":{"start":{"line":148,"column":31},"end":{"line":176,"column":3}}},"19":{"name":"(anonymous_19)","decl":{"start":{"line":149,"column":41},"end":{"line":149,"column":42}},"loc":{"start":{"line":149,"column":75},"end":{"line":175,"column":5}}},"20":{"name":"(anonymous_20)","decl":{"start":{"line":178,"column":10},"end":{"line":178,"column":15}},"loc":{"start":{"line":178,"column":79},"end":{"line":196,"column":3}}},"21":{"name":"(anonymous_21)","decl":{"start":{"line":198,"column":10},"end":{"line":198,"column":15}},"loc":{"start":{"line":198,"column":79},"end":{"line":207,"column":3}}},"22":{"name":"(anonymous_22)","decl":{"start":{"line":209,"column":10},"end":{"line":209,"column":34}},"loc":{"start":{"line":209,"column":72},"end":{"line":219,"column":3}}},"23":{"name":"(anonymous_23)","decl":{"start":{"line":221,"column":10},"end":{"line":221,"column":23}},"loc":{"start":{"line":221,"column":23},"end":{"line":224,"column":3}}},"24":{"name":"(anonymous_24)","decl":{"start":{"line":226,"column":10},"end":{"line":226,"column":31}},"loc":{"start":{"line":226,"column":31},"end":{"line":238,"column":3}}},"25":{"name":"(anonymous_25)","decl":{"start":{"line":235,"column":30},"end":{"line":235,"column":38}},"loc":{"start":{"line":236,"column":6},"end":{"line":236,"column":47}}},"26":{"name":"(anonymous_26)","decl":{"start":{"line":240,"column":10},"end":{"line":240,"column":24}},"loc":{"start":{"line":240,"column":24},"end":{"line":253,"column":3}}},"27":{"name":"(anonymous_27)","decl":{"start":{"line":256,"column":9},"end":{"line":256,"column":16}},"loc":{"start":{"line":256,"column":16},"end":{"line":260,"column":3}}},"28":{"name":"(anonymous_28)","decl":{"start":{"line":257,"column":27},"end":{"line":257,"column":35}},"loc":{"start":{"line":257,"column":39},"end":{"line":257,"column":60}}},"29":{"name":"(anonymous_29)","decl":{"start":{"line":268,"column":48},"end":{"line":268,"column":51}},"loc":{"start":{"line":268,"column":53},"end":{"line":270,"column":3}}},"30":{"name":"(anonymous_30)","decl":{"start":{"line":276,"column":40},"end":{"line":276,"column":43}},"loc":{"start":{"line":276,"column":45},"end":{"line":280,"column":1}}}},"branchMap":{"0":{"loc":{"start":{"line":38,"column":6},"end":{"line":41,"column":7}},"type":"if","locations":[{"start":{"line":38,"column":6},"end":{"line":41,"column":7}}]},"1":{"loc":{"start":{"line":44,"column":20},"end":{"line":44,"column":88}},"type":"binary-expr","locations":[{"start":{"line":44,"column":20},"end":{"line":44,"column":28}},{"start":{"line":44,"column":32},"end":{"line":44,"column":54}},{"start":{"line":44,"column":58},"end":{"line":44,"column":88}}]},"2":{"loc":{"start":{"line":45,"column":29},"end":{"line":45,"column":104}},"type":"binary-expr","locations":[{"start":{"line":45,"column":29},"end":{"line":45,"column":37}},{"start":{"line":45,"column":41},"end":{"line":45,"column":63}},{"start":{"line":45,"column":67},"end":{"line":45,"column":104}}]},"3":{"loc":{"start":{"line":48,"column":6},"end":{"line":51,"column":7}},"type":"if","locations":[{"start":{"line":48,"column":6},"end":{"line":51,"column":7}}]},"4":{"loc":{"start":{"line":54,"column":6},"end":{"line":62,"column":7}},"type":"if","locations":[{"start":{"line":54,"column":6},"end":{"line":62,"column":7}}]},"5":{"loc":{"start":{"line":58,"column":8},"end":{"line":61,"column":9}},"type":"if","locations":[{"start":{"line":58,"column":8},"end":{"line":61,"column":9}}]},"6":{"loc":{"start":{"line":82,"column":8},"end":{"line":89,"column":9}},"type":"if","locations":[{"start":{"line":82,"column":8},"end":{"line":89,"column":9}},{"start":{"line":84,"column":15},"end":{"line":89,"column":9}}]},"7":{"loc":{"start":{"line":84,"column":15},"end":{"line":89,"column":9}},"type":"if","locations":[{"start":{"line":84,"column":15},"end":{"line":89,"column":9}},{"start":{"line":87,"column":15},"end":{"line":89,"column":9}}]},"8":{"loc":{"start":{"line":84,"column":19},"end":{"line":84,"column":47}},"type":"binary-expr","locations":[{"start":{"line":84,"column":19},"end":{"line":84,"column":27}},{"start":{"line":84,"column":31},"end":{"line":84,"column":47}}]},"9":{"loc":{"start":{"line":88,"column":27},"end":{"line":88,"column":69}},"type":"binary-expr","locations":[{"start":{"line":88,"column":27},"end":{"line":88,"column":42}},{"start":{"line":88,"column":46},"end":{"line":88,"column":69}}]},"10":{"loc":{"start":{"line":100,"column":6},"end":{"line":106,"column":7}},"type":"if","locations":[{"start":{"line":100,"column":6},"end":{"line":106,"column":7}}]},"11":{"loc":{"start":{"line":133,"column":6},"end":{"line":136,"column":7}},"type":"if","locations":[{"start":{"line":133,"column":6},"end":{"line":136,"column":7}}]},"12":{"loc":{"start":{"line":141,"column":6},"end":{"line":144,"column":7}},"type":"if","locations":[{"start":{"line":141,"column":6},"end":{"line":144,"column":7}}]},"13":{"loc":{"start":{"line":150,"column":54},"end":{"line":150,"column":84}},"type":"binary-expr","locations":[{"start":{"line":150,"column":54},"end":{"line":150,"column":66}},{"start":{"line":150,"column":70},"end":{"line":150,"column":84}}]},"14":{"loc":{"start":{"line":152,"column":6},"end":{"line":174,"column":7}},"type":"switch","locations":[{"start":{"line":153,"column":8},"end":{"line":155,"column":22}},{"start":{"line":157,"column":8},"end":{"line":159,"column":22}},{"start":{"line":161,"column":8},"end":{"line":163,"column":22}},{"start":{"line":165,"column":8},"end":{"line":169,"column":23}},{"start":{"line":171,"column":8},"end":{"line":173,"column":23}}]},"15":{"loc":{"start":{"line":152,"column":14},"end":{"line":152,"column":44}},"type":"binary-expr","locations":[{"start":{"line":152,"column":14},"end":{"line":152,"column":26}},{"start":{"line":152,"column":30},"end":{"line":152,"column":44}}]},"16":{"loc":{"start":{"line":172,"column":54},"end":{"line":172,"column":84}},"type":"binary-expr","locations":[{"start":{"line":172,"column":54},"end":{"line":172,"column":66}},{"start":{"line":172,"column":70},"end":{"line":172,"column":84}}]},"17":{"loc":{"start":{"line":184,"column":6},"end":{"line":190,"column":7}},"type":"if","locations":[{"start":{"line":184,"column":6},"end":{"line":190,"column":7}},{"start":{"line":188,"column":13},"end":{"line":190,"column":7}}]},"18":{"loc":{"start":{"line":186,"column":22},"end":{"line":186,"column":90}},"type":"binary-expr","locations":[{"start":{"line":186,"column":22},"end":{"line":186,"column":30}},{"start":{"line":186,"column":34},"end":{"line":186,"column":56}},{"start":{"line":186,"column":60},"end":{"line":186,"column":90}}]},"19":{"loc":{"start":{"line":193,"column":27},"end":{"line":193,"column":83}},"type":"cond-expr","locations":[{"start":{"line":193,"column":52},"end":{"line":193,"column":65}},{"start":{"line":193,"column":68},"end":{"line":193,"column":83}}]},"20":{"loc":{"start":{"line":204,"column":27},"end":{"line":204,"column":83}},"type":"cond-expr","locations":[{"start":{"line":204,"column":52},"end":{"line":204,"column":65}},{"start":{"line":204,"column":68},"end":{"line":204,"column":83}}]},"21":{"loc":{"start":{"line":222,"column":11},"end":{"line":223,"column":74}},"type":"binary-expr","locations":[{"start":{"line":222,"column":11},"end":{"line":222,"column":59}},{"start":{"line":223,"column":11},"end":{"line":223,"column":74}}]},"22":{"loc":{"start":{"line":246,"column":8},"end":{"line":246,"column":32}},"type":"if","locations":[{"start":{"line":246,"column":8},"end":{"line":246,"column":32}}]},"23":{"loc":{"start":{"line":267,"column":0},"end":{"line":273,"column":1}},"type":"if","locations":[{"start":{"line":267,"column":0},"end":{"line":273,"column":1}},{"start":{"line":271,"column":7},"end":{"line":273,"column":1}}]},"24":{"loc":{"start":{"line":277,"column":2},"end":{"line":279,"column":3}},"type":"if","locations":[{"start":{"line":277,"column":2},"end":{"line":279,"column":3}}]}},"s":{"0":0,"1":0,"2":0,"3":0,"4":0,"5":0,"6":0,"7":0,"8":0,"9":0,"10":0,"11":0,"12":0,"13":0,"14":0,"15":0,"16":0,"17":0,"18":0,"19":0,"20":0,"21":0,"22":0,"23":0,"24":0,"25":0,"26":0,"27":0,"28":0,"29":0,"30":0,"31":0,"32":0,"33":0,"34":0,"35":0,"36":0,"37":0,"38":0,"39":0,"40":0,"41":0,"42":0,"43":0,"44":0,"45":0,"46":0,"47":0,"48":0,"49":0,"50":0,"51":0,"52":0,"53":0,"54":0,"55":0,"56":0,"57":0,"58":0,"59":0,"60":0,"61":0,"62":0,"63":0,"64":0,"65":0,"66":0,"67":0,"68":0,"69":0,"70":0,"71":0,"72":0,"73":0,"74":0,"75":0,"76":0,"77":0,"78":0,"79":0,"80":0,"81":0,"82":0,"83":0,"84":0,"85":0,"86":0,"87":0,"88":0,"89":0,"90":0,"91":0,"92":0,"93":0,"94":0,"95":0,"96":0,"97":0,"98":0,"99":0,"100":0,"101":0,"102":0,"103":0,"104":0,"105":0,"106":0,"107":0,"108":0,"109":0,"110":0,"111":0,"112":0,"113":0,"114":0,"115":0,"116":0,"117":0,"118":0,"119":0,"120":0,"121":0,"122":0,"123":0,"124":0,"125":0,"126":0},"f":{"0":0,"1":0,"2":0,"3":0,"4":0,"5":0,"6":0,"7":0,"8":0,"9":0,"10":0,"11":0,"12":0,"13":0,"14":0,"15":0,"16":0,"17":0,"18":0,"19":0,"20":0,"21":0,"22":0,"23":0,"24":0,"25":0,"26":0,"27":0,"28":0,"29":0,"30":0},"b":{"0":[0],"1":[0,0,0],"2":[0,0,0],"3":[0],"4":[0],"5":[0],"6":[0,0],"7":[0,0],"8":[0,0],"9":[0,0],"10":[0],"11":[0],"12":[0],"13":[0,0],"14":[0,0,0,0,0],"15":[0,0],"16":[0,0],"17":[0,0],"18":[0,0,0],"19":[0,0],"20":[0,0],"21":[0,0],"22":[0],"23":[0,0],"24":[0]}}
,"C:\\Users\\lance\\projects\\new-ext-v2\\src\\lib\\utils.ts": {"path":"C:\\Users\\lance\\projects\\new-ext-v2\\src\\lib\\utils.ts","statementMap":{"0":{"start":{"line":18,"column":0},"end":{"line":18,"column":16}},"1":{"start":{"line":25,"column":0},"end":{"line":25,"column":16}},"2":{"start":{"line":50,"column":0},"end":{"line":50,"column":16}},"3":{"start":{"line":58,"column":0},"end":{"line":58,"column":16}},"4":{"start":{"line":65,"column":0},"end":{"line":65,"column":7}},"5":{"start":{"line":1,"column":0},"end":{"line":1,"column":40}},"6":{"start":{"line":2,"column":0},"end":{"line":2,"column":41}},"7":{"start":{"line":8,"column":0},"end":{"line":8,"column":null}},"8":{"start":{"line":9,"column":2},"end":{"line":9,"column":null}},"9":{"start":{"line":10,"column":2},"end":{"line":10,"column":null}},"10":{"start":{"line":11,"column":2},"end":{"line":11,"column":null}},"11":{"start":{"line":12,"column":2},"end":{"line":12,"column":null}},"12":{"start":{"line":19,"column":2},"end":{"line":19,"column":31}},"13":{"start":{"line":26,"column":2},"end":{"line":44,"column":3}},"14":{"start":{"line":28,"column":18},"end":{"line":28,"column":34}},"15":{"start":{"line":29,"column":4},"end":{"line":29,"column":40}},"16":{"start":{"line":29,"column":28},"end":{"line":29,"column":40}},"17":{"start":{"line":32,"column":20},"end":{"line":32,"column":28}},"18":{"start":{"line":33,"column":19},"end":{"line":33,"column":64}},"19":{"start":{"line":34,"column":24},"end":{"line":37,"column":null}},"20":{"start":{"line":36,"column":18},"end":{"line":36,"column":71}},"21":{"start":{"line":40,"column":4},"end":{"line":40,"column":35}},"22":{"start":{"line":42,"column":4},"end":{"line":42,"column":52}},"23":{"start":{"line":43,"column":4},"end":{"line":43,"column":16}},"24":{"start":{"line":51,"column":12},"end":{"line":51,"column":26}},"25":{"start":{"line":52,"column":2},"end":{"line":52,"column":65}},"26":{"start":{"line":59,"column":2},"end":{"line":59,"column":57}},"27":{"start":{"line":59,"column":32},"end":{"line":59,"column":55}},"28":{"start":{"line":70,"column":32},"end":{"line":70,"column":36}},"29":{"start":{"line":72,"column":2},"end":{"line":81,"column":3}},"30":{"start":{"line":72,"column":21},"end":{"line":72,"column":22}},"31":{"start":{"line":73,"column":4},"end":{"line":80,"column":5}},"32":{"start":{"line":74,"column":6},"end":{"line":74,"column":24}},"33":{"start":{"line":76,"column":6},"end":{"line":76,"column":33}},"34":{"start":{"line":77,"column":6},"end":{"line":79,"column":7}},"35":{"start":{"line":78,"column":8},"end":{"line":78,"column":29}},"36":{"start":{"line":83,"column":2},"end":{"line":83,"column":74}}},"fnMap":{"0":{"name":"(anonymous_0)","decl":{"start":{"line":8,"column":0},"end":{"line":8,"column":12}},"loc":{"start":{"line":8,"column":20},"end":{"line":13,"column":1}}},"1":{"name":"cn","decl":{"start":{"line":18,"column":16},"end":{"line":18,"column":18}},"loc":{"start":{"line":18,"column":42},"end":{"line":20,"column":1}}},"2":{"name":"parseJwt","decl":{"start":{"line":25,"column":16},"end":{"line":25,"column":24}},"loc":{"start":{"line":25,"column":38},"end":{"line":45,"column":1}}},"3":{"name":"(anonymous_3)","decl":{"start":{"line":36,"column":13},"end":{"line":36,"column":14}},"loc":{"start":{"line":36,"column":18},"end":{"line":36,"column":71}}},"4":{"name":"formatDate","decl":{"start":{"line":50,"column":16},"end":{"line":50,"column":26}},"loc":{"start":{"line":50,"column":55},"end":{"line":53,"column":1}}},"5":{"name":"delay","decl":{"start":{"line":58,"column":16},"end":{"line":58,"column":21}},"loc":{"start":{"line":58,"column":32},"end":{"line":60,"column":1}}},"6":{"name":"(anonymous_6)","decl":{"start":{"line":59,"column":21},"end":{"line":59,"column":28}},"loc":{"start":{"line":59,"column":32},"end":{"line":59,"column":55}}},"7":{"name":"retry","decl":{"start":{"line":65,"column":22},"end":{"line":65,"column":27}},"loc":{"start":{"line":68,"column":24},"end":{"line":84,"column":1}}}},"branchMap":{"0":{"loc":{"start":{"line":8,"column":12},"end":{"line":8,"column":null}},"type":"binary-expr","locations":[{"start":{"line":8,"column":12},"end":{"line":8,"column":20}},{"start":{"line":8,"column":20},"end":{"line":8,"column":null}}]},"1":{"loc":{"start":{"line":29,"column":4},"end":{"line":29,"column":40}},"type":"if","locations":[{"start":{"line":29,"column":4},"end":{"line":29,"column":40}}]},"2":{"loc":{"start":{"line":67,"column":2},"end":{"line":67,"column":25}},"type":"default-arg","locations":[{"start":{"line":67,"column":24},"end":{"line":67,"column":25}}]},"3":{"loc":{"start":{"line":68,"column":2},"end":{"line":68,"column":24}},"type":"default-arg","locations":[{"start":{"line":68,"column":20},"end":{"line":68,"column":24}}]},"4":{"loc":{"start":{"line":77,"column":6},"end":{"line":79,"column":7}},"type":"if","locations":[{"start":{"line":77,"column":6},"end":{"line":79,"column":7}}]},"5":{"loc":{"start":{"line":83,"column":8},"end":{"line":83,"column":73}},"type":"binary-expr","locations":[{"start":{"line":83,"column":8},"end":{"line":83,"column":17}},{"start":{"line":83,"column":21},"end":{"line":83,"column":73}}]}},"s":{"0":1,"1":1,"2":1,"3":1,"4":1,"5":1,"6":1,"7":1,"8":1,"9":1,"10":1,"11":1,"12":6,"13":0,"14":0,"15":0,"16":0,"17":0,"18":0,"19":0,"20":0,"21":0,"22":0,"23":0,"24":0,"25":0,"26":0,"27":0,"28":0,"29":0,"30":0,"31":0,"32":0,"33":0,"34":0,"35":0,"36":0},"f":{"0":1,"1":6,"2":0,"3":0,"4":0,"5":0,"6":0,"7":0},"b":{"0":[1,1],"1":[0],"2":[0],"3":[0],"4":[0],"5":[0,0]}}
,"C:\\Users\\lance\\projects\\new-ext-v2\\src\\services\\tokenService.ts": {"path":"C:\\Users\\lance\\projects\\new-ext-v2\\src\\services\\tokenService.ts","statementMap":{"0":{"start":{"line":24,"column":21},"end":{"line":29,"column":2}},"1":{"start":{"line":32,"column":25},"end":{"line":32,"column":27}},"2":{"start":{"line":35,"column":32},"end":{"line":35,"column":33}},"3":{"start":{"line":38,"column":31},"end":{"line":38,"column":35}},"4":{"start":{"line":41,"column":32},"end":{"line":41,"column":45}},"5":{"start":{"line":44,"column":10},"end":{"line":44,"column":null}},"6":{"start":{"line":45,"column":10},"end":{"line":45,"column":null}},"7":{"start":{"line":46,"column":10},"end":{"line":46,"column":null}},"8":{"start":{"line":47,"column":10},"end":{"line":47,"column":null}},"9":{"start":{"line":54,"column":24},"end":{"line":54,"column":56}},"10":{"start":{"line":56,"column":4},"end":{"line":64,"column":5}},"11":{"start":{"line":57,"column":6},"end":{"line":57,"column":38}},"12":{"start":{"line":60,"column":6},"end":{"line":63,"column":7}},"13":{"start":{"line":61,"column":8},"end":{"line":61,"column":48}},"14":{"start":{"line":62,"column":8},"end":{"line":62,"column":20}},"15":{"start":{"line":67,"column":4},"end":{"line":67,"column":39}},"16":{"start":{"line":75,"column":4},"end":{"line":101,"column":5}},"17":{"start":{"line":77,"column":6},"end":{"line":100,"column":7}},"18":{"start":{"line":79,"column":8},"end":{"line":89,"column":9}},"19":{"start":{"line":80,"column":10},"end":{"line":85,"column":11}},"20":{"start":{"line":81,"column":12},"end":{"line":81,"column":68}},"21":{"start":{"line":83,"column":12},"end":{"line":83,"column":61}},"22":{"start":{"line":84,"column":12},"end":{"line":84,"column":37}},"23":{"start":{"line":88,"column":10},"end":{"line":88,"column":35}},"24":{"start":{"line":92,"column":11},"end":{"line":100,"column":7}},"25":{"start":{"line":93,"column":8},"end":{"line":97,"column":9}},"26":{"start":{"line":94,"column":10},"end":{"line":96,"column":13}},"27":{"start":{"line":95,"column":12},"end":{"line":95,"column":69}},"28":{"start":{"line":99,"column":8},"end":{"line":99,"column":39}},"29":{"start":{"line":104,"column":4},"end":{"line":106,"column":5}},"30":{"start":{"line":105,"column":6},"end":{"line":105,"column":40}},"31":{"start":{"line":108,"column":4},"end":{"line":108,"column":44}},"32":{"start":{"line":115,"column":4},"end":{"line":115,"column":34}},"33":{"start":{"line":118,"column":4},"end":{"line":126,"column":5}},"34":{"start":{"line":119,"column":6},"end":{"line":123,"column":7}},"35":{"start":{"line":120,"column":8},"end":{"line":120,"column":42}},"36":{"start":{"line":122,"column":8},"end":{"line":122,"column":23}},"37":{"start":{"line":125,"column":6},"end":{"line":125,"column":55}},"38":{"start":{"line":133,"column":4},"end":{"line":133,"column":78}},"39":{"start":{"line":133,"column":55},"end":{"line":133,"column":76}},"40":{"start":{"line":140,"column":4},"end":{"line":140,"column":32}},"41":{"start":{"line":143,"column":4},"end":{"line":146,"column":5}},"42":{"start":{"line":144,"column":6},"end":{"line":144,"column":48}},"43":{"start":{"line":145,"column":6},"end":{"line":145,"column":34}},"44":{"start":{"line":148,"column":4},"end":{"line":148,"column":31}},"45":{"start":{"line":155,"column":4},"end":{"line":158,"column":5}},"46":{"start":{"line":156,"column":6},"end":{"line":156,"column":65}},"47":{"start":{"line":157,"column":6},"end":{"line":157,"column":19}},"48":{"start":{"line":160,"column":4},"end":{"line":160,"column":30}},"49":{"start":{"line":161,"column":4},"end":{"line":161,"column":98}},"50":{"start":{"line":163,"column":4},"end":{"line":192,"column":5}},"51":{"start":{"line":165,"column":6},"end":{"line":183,"column":7}},"52":{"start":{"line":166,"column":24},"end":{"line":166,"column":49}},"53":{"start":{"line":167,"column":8},"end":{"line":167,"column":31}},"54":{"start":{"line":167,"column":22},"end":{"line":167,"column":31}},"55":{"start":{"line":169,"column":8},"end":{"line":182,"column":9}},"56":{"start":{"line":170,"column":29},"end":{"line":170,"column":48}},"57":{"start":{"line":171,"column":28},"end":{"line":171,"column":68}},"58":{"start":{"line":173,"column":10},"end":{"line":178,"column":11}},"59":{"start":{"line":174,"column":12},"end":{"line":174,"column":42}},"60":{"start":{"line":175,"column":12},"end":{"line":175,"column":56}},"61":{"start":{"line":176,"column":12},"end":{"line":176,"column":50}},"62":{"start":{"line":177,"column":12},"end":{"line":177,"column":24}},"63":{"start":{"line":180,"column":10},"end":{"line":180,"column":72}},"64":{"start":{"line":186,"column":6},"end":{"line":186,"column":27}},"65":{"start":{"line":187,"column":6},"end":{"line":187,"column":19}},"66":{"start":{"line":189,"column":6},"end":{"line":189,"column":54}},"67":{"start":{"line":190,"column":6},"end":{"line":190,"column":27}},"68":{"start":{"line":191,"column":6},"end":{"line":191,"column":19}},"69":{"start":{"line":199,"column":4},"end":{"line":203,"column":5}},"70":{"start":{"line":200,"column":6},"end":{"line":202,"column":33}},"71":{"start":{"line":201,"column":8},"end":{"line":201,"column":28}},"72":{"start":{"line":210,"column":4},"end":{"line":210,"column":27}},"73":{"start":{"line":210,"column":15},"end":{"line":210,"column":27}},"74":{"start":{"line":212,"column":4},"end":{"line":284,"column":5}},"75":{"start":{"line":214,"column":6},"end":{"line":281,"column":7}},"76":{"start":{"line":216,"column":10},"end":{"line":225,"column":11}},"77":{"start":{"line":217,"column":28},"end":{"line":217,"column":56}},"78":{"start":{"line":218,"column":30},"end":{"line":218,"column":86}},"79":{"start":{"line":220,"column":12},"end":{"line":224,"column":14}},"80":{"start":{"line":226,"column":10},"end":{"line":226,"column":16}},"81":{"start":{"line":230,"column":10},"end":{"line":248,"column":11}},"82":{"start":{"line":232,"column":26},"end":{"line":232,"column":52}},"83":{"start":{"line":234,"column":12},"end":{"line":247,"column":13}},"84":{"start":{"line":235,"column":30},"end":{"line":235,"column":53}},"85":{"start":{"line":236,"column":32},"end":{"line":238,"column":72}},"86":{"start":{"line":240,"column":14},"end":{"line":240,"column":89}},"87":{"start":{"line":242,"column":14},"end":{"line":246,"column":16}},"88":{"start":{"line":249,"column":10},"end":{"line":249,"column":16}},"89":{"start":{"line":254,"column":28},"end":{"line":254,"column":47}},"90":{"start":{"line":255,"column":24},"end":{"line":255,"column":85}},"91":{"start":{"line":257,"column":10},"end":{"line":279,"column":11}},"92":{"start":{"line":258,"column":28},"end":{"line":258,"column":51}},"93":{"start":{"line":262,"column":12},"end":{"line":272,"column":13}},"94":{"start":{"line":263,"column":14},"end":{"line":263,"column":45}},"95":{"start":{"line":264,"column":19},"end":{"line":272,"column":13}},"96":{"start":{"line":265,"column":14},"end":{"line":267,"column":48}},"97":{"start":{"line":268,"column":19},"end":{"line":272,"column":13}},"98":{"start":{"line":269,"column":14},"end":{"line":269,"column":68}},"99":{"start":{"line":271,"column":14},"end":{"line":271,"column":47}},"100":{"start":{"line":274,"column":12},"end":{"line":278,"column":14}},"101":{"start":{"line":280,"column":10},"end":{"line":280,"column":16}},"102":{"start":{"line":283,"column":6},"end":{"line":283,"column":70}},"103":{"start":{"line":286,"column":4},"end":{"line":286,"column":16}},"104":{"start":{"line":293,"column":4},"end":{"line":312,"column":5}},"105":{"start":{"line":295,"column":20},"end":{"line":295,"column":36}},"106":{"start":{"line":296,"column":6},"end":{"line":296,"column":42}},"107":{"start":{"line":296,"column":30},"end":{"line":296,"column":42}},"108":{"start":{"line":299,"column":22},"end":{"line":299,"column":30}},"109":{"start":{"line":300,"column":21},"end":{"line":300,"column":66}},"110":{"start":{"line":301,"column":26},"end":{"line":304,"column":null}},"111":{"start":{"line":303,"column":20},"end":{"line":303,"column":73}},"112":{"start":{"line":306,"column":6},"end":{"line":306,"column":46}},"113":{"start":{"line":307,"column":6},"end":{"line":307,"column":37}},"114":{"start":{"line":310,"column":6},"end":{"line":310,"column":54}},"115":{"start":{"line":311,"column":6},"end":{"line":311,"column":18}},"116":{"start":{"line":320,"column":4},"end":{"line":322,"column":5}},"117":{"start":{"line":321,"column":6},"end":{"line":321,"column":19}},"118":{"start":{"line":324,"column":4},"end":{"line":326,"column":5}},"119":{"start":{"line":325,"column":6},"end":{"line":325,"column":19}},"120":{"start":{"line":329,"column":18},"end":{"line":329,"column":44}},"121":{"start":{"line":330,"column":4},"end":{"line":332,"column":5}},"122":{"start":{"line":331,"column":6},"end":{"line":331,"column":19}},"123":{"start":{"line":335,"column":4},"end":{"line":335,"column":43}},"124":{"start":{"line":342,"column":4},"end":{"line":342,"column":45}},"125":{"start":{"line":349,"column":4},"end":{"line":349,"column":71}},"126":{"start":{"line":358,"column":4},"end":{"line":358,"column":60}},"127":{"start":{"line":367,"column":4},"end":{"line":367,"column":39}},"128":{"start":{"line":374,"column":4},"end":{"line":393,"column":7}},"129":{"start":{"line":375,"column":6},"end":{"line":392,"column":8}},"130":{"start":{"line":383,"column":10},"end":{"line":390,"column":11}},"131":{"start":{"line":384,"column":12},"end":{"line":384,"column":91}},"132":{"start":{"line":385,"column":12},"end":{"line":385,"column":45}},"133":{"start":{"line":386,"column":17},"end":{"line":390,"column":11}},"134":{"start":{"line":387,"column":12},"end":{"line":387,"column":22}},"135":{"start":{"line":389,"column":12},"end":{"line":389,"column":68}},"136":{"start":{"line":400,"column":4},"end":{"line":415,"column":7}},"137":{"start":{"line":401,"column":6},"end":{"line":414,"column":9}},"138":{"start":{"line":402,"column":8},"end":{"line":413,"column":9}},"139":{"start":{"line":403,"column":10},"end":{"line":403,"column":89}},"140":{"start":{"line":404,"column":10},"end":{"line":404,"column":24}},"141":{"start":{"line":405,"column":15},"end":{"line":413,"column":9}},"142":{"start":{"line":406,"column":10},"end":{"line":410,"column":13}},"143":{"start":{"line":412,"column":10},"end":{"line":412,"column":24}},"144":{"start":{"line":422,"column":4},"end":{"line":428,"column":5}},"145":{"start":{"line":423,"column":6},"end":{"line":427,"column":7}},"146":{"start":{"line":424,"column":8},"end":{"line":424,"column":24}},"147":{"start":{"line":426,"column":8},"end":{"line":426,"column":57}},"148":{"start":{"line":43,"column":0},"end":{"line":43,"column":13}},"149":{"start":{"line":433,"column":13},"end":{"line":433,"column":47}},"150":{"start":{"line":436,"column":0},"end":{"line":436,"column":28}}},"fnMap":{"0":{"name":"(anonymous_0)","decl":{"start":{"line":43,"column":0},"end":{"line":43,"column":13}},"loc":{"start":{"line":43,"column":0},"end":{"line":430,"column":1}}},"1":{"name":"(anonymous_1)","decl":{"start":{"line":52,"column":9},"end":{"line":52,"column":14}},"loc":{"start":{"line":52,"column":25},"end":{"line":68,"column":3}}},"2":{"name":"(anonymous_2)","decl":{"start":{"line":73,"column":9},"end":{"line":73,"column":14}},"loc":{"start":{"line":73,"column":23},"end":{"line":109,"column":3}}},"3":{"name":"(anonymous_3)","decl":{"start":{"line":94,"column":66},"end":{"line":94,"column":71}},"loc":{"start":{"line":94,"column":74},"end":{"line":96,"column":11}}},"4":{"name":"(anonymous_4)","decl":{"start":{"line":114,"column":9},"end":{"line":114,"column":25}},"loc":{"start":{"line":114,"column":66},"end":{"line":127,"column":3}}},"5":{"name":"(anonymous_5)","decl":{"start":{"line":132,"column":9},"end":{"line":132,"column":28}},"loc":{"start":{"line":132,"column":69},"end":{"line":134,"column":3}}},"6":{"name":"(anonymous_6)","decl":{"start":{"line":133,"column":43},"end":{"line":133,"column":51}},"loc":{"start":{"line":133,"column":55},"end":{"line":133,"column":76}}},"7":{"name":"(anonymous_7)","decl":{"start":{"line":139,"column":10},"end":{"line":139,"column":15}},"loc":{"start":{"line":139,"column":36},"end":{"line":149,"column":3}}},"8":{"name":"(anonymous_8)","decl":{"start":{"line":154,"column":10},"end":{"line":154,"column":15}},"loc":{"start":{"line":154,"column":28},"end":{"line":193,"column":3}}},"9":{"name":"(anonymous_9)","decl":{"start":{"line":198,"column":10},"end":{"line":198,"column":23}},"loc":{"start":{"line":198,"column":23},"end":{"line":204,"column":3}}},"10":{"name":"(anonymous_10)","decl":{"start":{"line":200,"column":47},"end":{"line":200,"column":50}},"loc":{"start":{"line":200,"column":52},"end":{"line":202,"column":7}}},"11":{"name":"(anonymous_11)","decl":{"start":{"line":209,"column":10},"end":{"line":209,"column":28}},"loc":{"start":{"line":209,"column":58},"end":{"line":287,"column":3}}},"12":{"name":"(anonymous_12)","decl":{"start":{"line":292,"column":10},"end":{"line":292,"column":21}},"loc":{"start":{"line":292,"column":35},"end":{"line":313,"column":3}}},"13":{"name":"(anonymous_13)","decl":{"start":{"line":303,"column":15},"end":{"line":303,"column":16}},"loc":{"start":{"line":303,"column":20},"end":{"line":303,"column":73}}},"14":{"name":"(anonymous_14)","decl":{"start":{"line":318,"column":10},"end":{"line":318,"column":22}},"loc":{"start":{"line":318,"column":43},"end":{"line":336,"column":3}}},"15":{"name":"(anonymous_15)","decl":{"start":{"line":341,"column":10},"end":{"line":341,"column":24}},"loc":{"start":{"line":341,"column":45},"end":{"line":343,"column":3}}},"16":{"name":"(anonymous_16)","decl":{"start":{"line":348,"column":10},"end":{"line":348,"column":22}},"loc":{"start":{"line":348,"column":43},"end":{"line":350,"column":3}}},"17":{"name":"(anonymous_17)","decl":{"start":{"line":355,"column":10},"end":{"line":355,"column":15}},"loc":{"start":{"line":355,"column":49},"end":{"line":368,"column":3}}},"18":{"name":"(anonymous_18)","decl":{"start":{"line":373,"column":10},"end":{"line":373,"column":15}},"loc":{"start":{"line":373,"column":58},"end":{"line":394,"column":3}}},"19":{"name":"(anonymous_19)","decl":{"start":{"line":374,"column":29},"end":{"line":374,"column":30}},"loc":{"start":{"line":374,"column":49},"end":{"line":393,"column":5}}},"20":{"name":"(anonymous_20)","decl":{"start":{"line":382,"column":8},"end":{"line":382,"column":9}},"loc":{"start":{"line":382,"column":21},"end":{"line":391,"column":9}}},"21":{"name":"(anonymous_21)","decl":{"start":{"line":399,"column":10},"end":{"line":399,"column":15}},"loc":{"start":{"line":399,"column":35},"end":{"line":416,"column":3}}},"22":{"name":"(anonymous_22)","decl":{"start":{"line":400,"column":41},"end":{"line":400,"column":42}},"loc":{"start":{"line":400,"column":53},"end":{"line":415,"column":5}}},"23":{"name":"(anonymous_23)","decl":{"start":{"line":401,"column":56},"end":{"line":401,"column":57}},"loc":{"start":{"line":401,"column":69},"end":{"line":414,"column":7}}},"24":{"name":"(anonymous_24)","decl":{"start":{"line":421,"column":10},"end":{"line":421,"column":25}},"loc":{"start":{"line":421,"column":46},"end":{"line":429,"column":3}}}},"branchMap":{"0":{"loc":{"start":{"line":56,"column":4},"end":{"line":64,"column":5}},"type":"if","locations":[{"start":{"line":56,"column":4},"end":{"line":64,"column":5}}]},"1":{"loc":{"start":{"line":60,"column":6},"end":{"line":63,"column":7}},"type":"if","locations":[{"start":{"line":60,"column":6},"end":{"line":63,"column":7}}]},"2":{"loc":{"start":{"line":75,"column":4},"end":{"line":101,"column":5}},"type":"if","locations":[{"start":{"line":75,"column":4},"end":{"line":101,"column":5}}]},"3":{"loc":{"start":{"line":77,"column":6},"end":{"line":100,"column":7}},"type":"if","locations":[{"start":{"line":77,"column":6},"end":{"line":100,"column":7}},{"start":{"line":92,"column":11},"end":{"line":100,"column":7}}]},"4":{"loc":{"start":{"line":79,"column":8},"end":{"line":89,"column":9}},"type":"if","locations":[{"start":{"line":79,"column":8},"end":{"line":89,"column":9}},{"start":{"line":86,"column":15},"end":{"line":89,"column":9}}]},"5":{"loc":{"start":{"line":92,"column":11},"end":{"line":100,"column":7}},"type":"if","locations":[{"start":{"line":92,"column":11},"end":{"line":100,"column":7}}]},"6":{"loc":{"start":{"line":93,"column":8},"end":{"line":97,"column":9}},"type":"if","locations":[{"start":{"line":93,"column":8},"end":{"line":97,"column":9}}]},"7":{"loc":{"start":{"line":104,"column":4},"end":{"line":106,"column":5}},"type":"if","locations":[{"start":{"line":104,"column":4},"end":{"line":106,"column":5}}]},"8":{"loc":{"start":{"line":108,"column":11},"end":{"line":108,"column":43}},"type":"binary-expr","locations":[{"start":{"line":108,"column":11},"end":{"line":108,"column":35}},{"start":{"line":108,"column":39},"end":{"line":108,"column":43}}]},"9":{"loc":{"start":{"line":119,"column":6},"end":{"line":123,"column":7}},"type":"if","locations":[{"start":{"line":119,"column":6},"end":{"line":123,"column":7}},{"start":{"line":121,"column":13},"end":{"line":123,"column":7}}]},"10":{"loc":{"start":{"line":119,"column":10},"end":{"line":119,"column":67}},"type":"binary-expr","locations":[{"start":{"line":119,"column":10},"end":{"line":119,"column":27}},{"start":{"line":119,"column":31},"end":{"line":119,"column":67}}]},"11":{"loc":{"start":{"line":143,"column":4},"end":{"line":146,"column":5}},"type":"if","locations":[{"start":{"line":143,"column":4},"end":{"line":146,"column":5}}]},"12":{"loc":{"start":{"line":155,"column":4},"end":{"line":158,"column":5}},"type":"if","locations":[{"start":{"line":155,"column":4},"end":{"line":158,"column":5}}]},"13":{"loc":{"start":{"line":167,"column":8},"end":{"line":167,"column":31}},"type":"if","locations":[{"start":{"line":167,"column":8},"end":{"line":167,"column":31}}]},"14":{"loc":{"start":{"line":173,"column":10},"end":{"line":178,"column":11}},"type":"if","locations":[{"start":{"line":173,"column":10},"end":{"line":178,"column":11}}]},"15":{"loc":{"start":{"line":173,"column":14},"end":{"line":173,"column":55}},"type":"binary-expr","locations":[{"start":{"line":173,"column":14},"end":{"line":173,"column":23}},{"start":{"line":173,"column":27},"end":{"line":173,"column":55}}]},"16":{"loc":{"start":{"line":199,"column":4},"end":{"line":203,"column":5}},"type":"if","locations":[{"start":{"line":199,"column":4},"end":{"line":203,"column":5}}]},"17":{"loc":{"start":{"line":210,"column":4},"end":{"line":210,"column":27}},"type":"if","locations":[{"start":{"line":210,"column":4},"end":{"line":210,"column":27}}]},"18":{"loc":{"start":{"line":214,"column":6},"end":{"line":281,"column":7}},"type":"switch","locations":[{"start":{"line":215,"column":8},"end":{"line":226,"column":16}},{"start":{"line":228,"column":8},"end":{"line":249,"column":16}},{"start":{"line":251,"column":8},"end":{"line":251,"column":28}},{"start":{"line":252,"column":8},"end":{"line":280,"column":16}}]},"19":{"loc":{"start":{"line":216,"column":10},"end":{"line":225,"column":11}},"type":"if","locations":[{"start":{"line":216,"column":10},"end":{"line":225,"column":11}}]},"20":{"loc":{"start":{"line":216,"column":14},"end":{"line":216,"column":84}},"type":"binary-expr","locations":[{"start":{"line":216,"column":14},"end":{"line":216,"column":44}},{"start":{"line":216,"column":48},"end":{"line":216,"column":84}}]},"21":{"loc":{"start":{"line":218,"column":30},"end":{"line":218,"column":86}},"type":"cond-expr","locations":[{"start":{"line":218,"column":45},"end":{"line":218,"column":63}},{"start":{"line":218,"column":66},"end":{"line":218,"column":86}}]},"22":{"loc":{"start":{"line":230,"column":10},"end":{"line":248,"column":11}},"type":"if","locations":[{"start":{"line":230,"column":10},"end":{"line":248,"column":11}}]},"23":{"loc":{"start":{"line":234,"column":12},"end":{"line":247,"column":13}},"type":"if","locations":[{"start":{"line":234,"column":12},"end":{"line":247,"column":13}}]},"24":{"loc":{"start":{"line":234,"column":16},"end":{"line":234,"column":76}},"type":"binary-expr","locations":[{"start":{"line":234,"column":16},"end":{"line":234,"column":41}},{"start":{"line":234,"column":45},"end":{"line":234,"column":76}}]},"25":{"loc":{"start":{"line":236,"column":32},"end":{"line":238,"column":72}},"type":"cond-expr","locations":[{"start":{"line":237,"column":18},"end":{"line":237,"column":36}},{"start":{"line":238,"column":19},"end":{"line":238,"column":71}}]},"26":{"loc":{"start":{"line":238,"column":19},"end":{"line":238,"column":71}},"type":"binary-expr","locations":[{"start":{"line":238,"column":19},"end":{"line":238,"column":47}},{"start":{"line":238,"column":51},"end":{"line":238,"column":71}}]},"27":{"loc":{"start":{"line":255,"column":24},"end":{"line":255,"column":85}},"type":"binary-expr","locations":[{"start":{"line":255,"column":24},"end":{"line":255,"column":39}},{"start":{"line":255,"column":43},"end":{"line":255,"column":60}},{"start":{"line":255,"column":64},"end":{"line":255,"column":85}}]},"28":{"loc":{"start":{"line":257,"column":10},"end":{"line":279,"column":11}},"type":"if","locations":[{"start":{"line":257,"column":10},"end":{"line":279,"column":11}}]},"29":{"loc":{"start":{"line":257,"column":14},"end":{"line":257,"column":74}},"type":"binary-expr","locations":[{"start":{"line":257,"column":14},"end":{"line":257,"column":39}},{"start":{"line":257,"column":43},"end":{"line":257,"column":74}}]},"30":{"loc":{"start":{"line":262,"column":12},"end":{"line":272,"column":13}},"type":"if","locations":[{"start":{"line":262,"column":12},"end":{"line":272,"column":13}},{"start":{"line":264,"column":19},"end":{"line":272,"column":13}}]},"31":{"loc":{"start":{"line":264,"column":19},"end":{"line":272,"column":13}},"type":"if","locations":[{"start":{"line":264,"column":19},"end":{"line":272,"column":13}},{"start":{"line":268,"column":19},"end":{"line":272,"column":13}}]},"32":{"loc":{"start":{"line":265,"column":26},"end":{"line":267,"column":47}},"type":"cond-expr","locations":[{"start":{"line":266,"column":18},"end":{"line":266,"column":37}},{"start":{"line":267,"column":18},"end":{"line":267,"column":47}}]},"33":{"loc":{"start":{"line":268,"column":19},"end":{"line":272,"column":13}},"type":"if","locations":[{"start":{"line":268,"column":19},"end":{"line":272,"column":13}},{"start":{"line":270,"column":19},"end":{"line":272,"column":13}}]},"34":{"loc":{"start":{"line":296,"column":6},"end":{"line":296,"column":42}},"type":"if","locations":[{"start":{"line":296,"column":6},"end":{"line":296,"column":42}}]},"35":{"loc":{"start":{"line":320,"column":4},"end":{"line":322,"column":5}},"type":"if","locations":[{"start":{"line":320,"column":4},"end":{"line":322,"column":5}}]},"36":{"loc":{"start":{"line":320,"column":8},"end":{"line":320,"column":77}},"type":"binary-expr","locations":[{"start":{"line":320,"column":8},"end":{"line":320,"column":18}},{"start":{"line":320,"column":22},"end":{"line":320,"column":38}},{"start":{"line":320,"column":42},"end":{"line":320,"column":77}}]},"37":{"loc":{"start":{"line":324,"column":4},"end":{"line":326,"column":5}},"type":"if","locations":[{"start":{"line":324,"column":4},"end":{"line":326,"column":5}}]},"38":{"loc":{"start":{"line":330,"column":4},"end":{"line":332,"column":5}},"type":"if","locations":[{"start":{"line":330,"column":4},"end":{"line":332,"column":5}}]},"39":{"loc":{"start":{"line":383,"column":10},"end":{"line":390,"column":11}},"type":"if","locations":[{"start":{"line":383,"column":10},"end":{"line":390,"column":11}},{"start":{"line":386,"column":17},"end":{"line":390,"column":11}}]},"40":{"loc":{"start":{"line":386,"column":17},"end":{"line":390,"column":11}},"type":"if","locations":[{"start":{"line":386,"column":17},"end":{"line":390,"column":11}},{"start":{"line":388,"column":17},"end":{"line":390,"column":11}}]},"41":{"loc":{"start":{"line":386,"column":21},"end":{"line":386,"column":49}},"type":"binary-expr","locations":[{"start":{"line":386,"column":21},"end":{"line":386,"column":29}},{"start":{"line":386,"column":33},"end":{"line":386,"column":49}}]},"42":{"loc":{"start":{"line":402,"column":8},"end":{"line":413,"column":9}},"type":"if","locations":[{"start":{"line":402,"column":8},"end":{"line":413,"column":9}},{"start":{"line":405,"column":15},"end":{"line":413,"column":9}}]},"43":{"loc":{"start":{"line":405,"column":15},"end":{"line":413,"column":9}},"type":"if","locations":[{"start":{"line":405,"column":15},"end":{"line":413,"column":9}},{"start":{"line":411,"column":15},"end":{"line":413,"column":9}}]},"44":{"loc":{"start":{"line":405,"column":19},"end":{"line":405,"column":45}},"type":"binary-expr","locations":[{"start":{"line":405,"column":19},"end":{"line":405,"column":27}},{"start":{"line":405,"column":31},"end":{"line":405,"column":45}}]},"45":{"loc":{"start":{"line":408,"column":23},"end":{"line":408,"column":65}},"type":"binary-expr","locations":[{"start":{"line":408,"column":23},"end":{"line":408,"column":41}},{"start":{"line":408,"column":45},"end":{"line":408,"column":65}}]}},"s":{"0":1,"1":1,"2":1,"3":1,"4":1,"5":27,"6":27,"7":27,"8":27,"9":26,"10":26,"11":4,"12":4,"13":2,"14":2,"15":24,"16":2,"17":2,"18":1,"19":0,"20":0,"21":0,"22":0,"23":1,"24":1,"25":1,"26":1,"27":0,"28":1,"29":1,"30":1,"31":1,"32":7,"33":7,"34":7,"35":0,"36":7,"37":1,"38":1,"39":2,"40":26,"41":26,"42":1,"43":1,"44":26,"45":26,"46":0,"47":0,"48":26,"49":26,"50":26,"51":26,"52":79,"53":79,"54":57,"55":22,"56":22,"57":20,"58":20,"59":16,"60":16,"61":15,"62":15,"63":3,"64":11,"65":11,"66":0,"67":0,"68":0,"69":11,"70":11,"71":0,"72":20,"73":0,"74":20,"75":20,"76":1,"77":1,"78":1,"79":1,"80":0,"81":14,"82":14,"83":14,"84":11,"85":11,"86":11,"87":11,"88":3,"89":5,"90":5,"91":5,"92":5,"93":5,"94":5,"95":0,"96":0,"97":0,"98":0,"99":0,"100":5,"101":0,"102":0,"103":3,"104":17,"105":17,"106":17,"107":0,"108":17,"109":17,"110":17,"111":1224,"112":17,"113":17,"114":0,"115":0,"116":21,"117":0,"118":21,"119":0,"120":21,"121":21,"122":0,"123":21,"124":23,"125":1,"126":1,"127":1,"128":16,"129":16,"130":16,"131":1,"132":1,"133":15,"134":15,"135":0,"136":26,"137":26,"138":26,"139":1,"140":1,"141":25,"142":4,"143":21,"144":17,"145":4,"146":4,"147":1,"148":1,"149":1,"150":1},"f":{"0":27,"1":26,"2":2,"3":0,"4":7,"5":1,"6":2,"7":26,"8":26,"9":11,"10":0,"11":20,"12":17,"13":1224,"14":21,"15":23,"16":1,"17":1,"18":16,"19":16,"20":16,"21":26,"22":26,"23":26,"24":17},"b":{"0":[4],"1":[2],"2":[2],"3":[1,1],"4":[0,1],"5":[1],"6":[1],"7":[1],"8":[1,1],"9":[0,7],"10":[7,0],"11":[1],"12":[0],"13":[57],"14":[16],"15":[20,17],"16":[11],"17":[0],"18":[1,14,4,5],"19":[1],"20":[1,1],"21":[1,0],"22":[14],"23":[11],"24":[14,14],"25":[11,0],"26":[0,0],"27":[5,2,1],"28":[5],"29":[5,5],"30":[5,0],"31":[0,0],"32":[0,0],"33":[0,0],"34":[0],"35":[0],"36":[21,21,21],"37":[0],"38":[0],"39":[1,15],"40":[15,0],"41":[15,15],"42":[1,25],"43":[4,21],"44":[25,25],"45":[4,0]}}
}
