TN:
SF:src\App.tsx
FN:6,App
FN:21,(anonymous_1)
FN:21,(anonymous_2)
FNF:3
FNH:0
FNDA:0,App
FNDA:0,(anonymous_1)
FNDA:0,(anonymous_2)
DA:7,0
DA:9,0
DA:21,0
LF:3
LH:0
BRF:0
BRH:0
end_of_record
TN:
SF:src\components\ui\button.tsx
FN:43,(anonymous_9)
FNF:1
FNH:1
FNDA:6,(anonymous_9)
DA:1,1
DA:2,1
DA:3,1
DA:5,1
DA:7,1
DA:42,1
DA:44,6
DA:45,6
DA:54,1
DA:56,1
LF:10
LH:10
BRDA:43,0,0,5
BRDA:44,1,0,1
BRDA:44,1,1,5
BRF:3
BRH:3
end_of_record
TN:
SF:src\components\ui\data-grid.tsx
FN:20,(anonymous_0)
FN:34,(anonymous_1)
FNF:2
FNH:0
FNDA:0,(anonymous_0)
FNDA:0,(anonymous_1)
DA:20,0
DA:31,0
DA:32,0
DA:34,0
DA:35,0
DA:36,0
DA:37,0
DA:41,0
LF:8
LH:0
BRDA:23,0,0,0
BRDA:24,1,0,0
BRDA:36,2,0,0
BRF:3
BRH:0
end_of_record
TN:
SF:src\extension\background\background.ts
FN:11,initialize
FN:25,handleInstalled
FN:35,addTestToken
FN:36,(anonymous_3)
FN:48,(anonymous_4)
FN:52,(anonymous_5)
FN:62,initializeSettings
FN:63,(anonymous_7)
FN:83,handleMessage
FN:108,(anonymous_9)
FN:119,handleGetToken
FN:120,(anonymous_11)
FN:140,(anonymous_12)
FN:151,(anonymous_13)
FN:168,handleStoreToken
FN:183,(anonymous_15)
FN:201,handleValidateToken
FN:210,broadcastTokenUpdate
FN:212,(anonymous_18)
FNF:19
FNH:0
FNDA:0,initialize
FNDA:0,handleInstalled
FNDA:0,addTestToken
FNDA:0,(anonymous_3)
FNDA:0,(anonymous_4)
FNDA:0,(anonymous_5)
FNDA:0,initializeSettings
FNDA:0,(anonymous_7)
FNDA:0,handleMessage
FNDA:0,(anonymous_9)
FNDA:0,handleGetToken
FNDA:0,(anonymous_11)
FNDA:0,(anonymous_12)
FNDA:0,(anonymous_13)
FNDA:0,handleStoreToken
FNDA:0,(anonymous_15)
FNDA:0,handleValidateToken
FNDA:0,broadcastTokenUpdate
FNDA:0,(anonymous_18)
DA:2,0
DA:13,0
DA:14,0
DA:17,0
DA:20,0
DA:22,0
DA:26,0
DA:29,0
DA:30,0
DA:36,0
DA:37,0
DA:38,0
DA:41,0
DA:43,0
DA:48,0
DA:49,0
DA:52,0
DA:53,0
DA:57,0
DA:63,0
DA:64,0
DA:66,0
DA:67,0
DA:88,0
DA:91,0
DA:92,0
DA:93,0
DA:96,0
DA:97,0
DA:98,0
DA:101,0
DA:102,0
DA:103,0
DA:107,0
DA:108,0
DA:109,0
DA:110,0
DA:112,0
DA:116,0
DA:120,0
DA:121,0
DA:123,0
DA:124,0
DA:127,0
DA:128,0
DA:129,0
DA:131,0
DA:132,0
DA:140,0
DA:141,0
DA:142,0
DA:145,0
DA:151,0
DA:152,0
DA:155,0
DA:160,0
DA:161,0
DA:169,0
DA:170,0
DA:171,0
DA:172,0
DA:175,0
DA:177,0
DA:183,0
DA:184,0
DA:185,0
DA:186,0
DA:188,0
DA:191,0
DA:194,0
DA:196,0
DA:203,0
DA:207,0
DA:212,0
DA:213,0
DA:214,0
DA:215,0
DA:216,0
DA:229,0
LF:79
LH:0
BRDA:29,0,0,0
BRDA:37,1,0,0
BRDA:37,1,1,0
BRDA:64,2,0,0
BRDA:64,2,1,0
BRDA:66,3,0,0
BRDA:91,4,0,0
BRDA:96,5,0,0
BRDA:101,6,0,0
BRDA:107,7,0,0
BRDA:123,8,0,0
BRDA:123,8,1,0
BRDA:127,9,0,0
BRDA:127,9,1,0
BRDA:127,10,0,0
BRDA:127,10,1,0
BRDA:141,11,0,0
BRDA:141,11,1,0
BRDA:169,12,0,0
BRDA:169,13,0,0
BRDA:169,13,1,0
BRDA:179,14,0,0
BRDA:179,14,1,0
BRDA:184,15,0,0
BRDA:184,15,1,0
BRDA:203,16,0,0
BRDA:203,16,1,0
BRDA:203,16,2,0
BRDA:214,17,0,0
BRF:29
BRH:0
end_of_record
TN:
SF:src\extension\content\content.ts
FN:10,(anonymous_0)
FN:15,(anonymous_1)
FN:31,(anonymous_2)
FN:76,(anonymous_3)
FN:77,(anonymous_4)
FN:81,(anonymous_5)
FN:94,(anonymous_6)
FN:98,(anonymous_7)
FN:105,(anonymous_8)
FN:117,(anonymous_9)
FN:118,(anonymous_10)
FN:121,(anonymous_11)
FN:122,(anonymous_12)
FN:126,(anonymous_13)
FN:129,(anonymous_14)
FN:135,(anonymous_15)
FN:140,(anonymous_16)
FN:143,(anonymous_17)
FN:148,(anonymous_18)
FN:149,(anonymous_19)
FN:178,(anonymous_20)
FN:198,(anonymous_21)
FN:209,(anonymous_22)
FN:221,(anonymous_23)
FN:226,(anonymous_24)
FN:235,(anonymous_25)
FN:240,(anonymous_26)
FN:256,(anonymous_27)
FN:257,(anonymous_28)
FN:268,(anonymous_29)
FN:276,(anonymous_30)
FNF:31
FNH:0
FNDA:0,(anonymous_0)
FNDA:0,(anonymous_1)
FNDA:0,(anonymous_2)
FNDA:0,(anonymous_3)
FNDA:0,(anonymous_4)
FNDA:0,(anonymous_5)
FNDA:0,(anonymous_6)
FNDA:0,(anonymous_7)
FNDA:0,(anonymous_8)
FNDA:0,(anonymous_9)
FNDA:0,(anonymous_10)
FNDA:0,(anonymous_11)
FNDA:0,(anonymous_12)
FNDA:0,(anonymous_13)
FNDA:0,(anonymous_14)
FNDA:0,(anonymous_15)
FNDA:0,(anonymous_16)
FNDA:0,(anonymous_17)
FNDA:0,(anonymous_18)
FNDA:0,(anonymous_19)
FNDA:0,(anonymous_20)
FNDA:0,(anonymous_21)
FNDA:0,(anonymous_22)
FNDA:0,(anonymous_23)
FNDA:0,(anonymous_24)
FNDA:0,(anonymous_25)
FNDA:0,(anonymous_26)
FNDA:0,(anonymous_27)
FNDA:0,(anonymous_28)
FNDA:0,(anonymous_29)
FNDA:0,(anonymous_30)
DA:7,0
DA:8,0
DA:11,0
DA:12,0
DA:16,0
DA:19,0
DA:22,0
DA:23,0
DA:26,0
DA:28,0
DA:32,0
DA:33,0
DA:36,0
DA:38,0
DA:39,0
DA:40,0
DA:43,0
DA:44,0
DA:45,0
DA:48,0
DA:49,0
DA:50,0
DA:54,0
DA:55,0
DA:56,0
DA:58,0
DA:59,0
DA:60,0
DA:64,0
DA:68,0
DA:70,0
DA:72,0
DA:77,0
DA:78,0
DA:82,0
DA:83,0
DA:84,0
DA:85,0
DA:86,0
DA:88,0
DA:96,0
DA:98,0
DA:99,0
DA:100,0
DA:101,0
DA:102,0
DA:105,0
DA:109,0
DA:114,0
DA:117,0
DA:118,0
DA:121,0
DA:122,0
DA:128,0
DA:129,0
DA:130,0
DA:133,0
DA:134,0
DA:135,0
DA:140,0
DA:141,0
DA:142,0
DA:143,0
DA:149,0
DA:150,0
DA:152,0
DA:154,0
DA:155,0
DA:158,0
DA:159,0
DA:162,0
DA:163,0
DA:167,0
DA:168,0
DA:169,0
DA:172,0
DA:173,0
DA:179,0
DA:180,0
DA:183,0
DA:184,0
DA:185,0
DA:186,0
DA:187,0
DA:189,0
DA:192,0
DA:193,0
DA:194,0
DA:199,0
DA:200,0
DA:201,0
DA:203,0
DA:204,0
DA:205,0
DA:210,0
DA:218,0
DA:222,0
DA:227,0
DA:235,0
DA:236,0
DA:241,0
DA:243,0
DA:244,0
DA:245,0
DA:246,0
DA:249,0
DA:252,0
DA:257,0
DA:258,0
DA:259,0
DA:264,0
DA:267,0
DA:268,0
DA:269,0
DA:272,0
DA:276,0
DA:277,0
DA:278,0
DA:283,0
LF:119
LH:0
BRDA:38,0,0,0
BRDA:44,1,0,0
BRDA:44,1,1,0
BRDA:44,1,2,0
BRDA:45,2,0,0
BRDA:45,2,1,0
BRDA:45,2,2,0
BRDA:48,3,0,0
BRDA:54,4,0,0
BRDA:58,5,0,0
BRDA:82,6,0,0
BRDA:82,6,1,0
BRDA:84,7,0,0
BRDA:84,7,1,0
BRDA:84,8,0,0
BRDA:84,8,1,0
BRDA:88,9,0,0
BRDA:88,9,1,0
BRDA:100,10,0,0
BRDA:133,11,0,0
BRDA:141,12,0,0
BRDA:150,13,0,0
BRDA:150,13,1,0
BRDA:152,14,0,0
BRDA:152,14,1,0
BRDA:152,14,2,0
BRDA:152,14,3,0
BRDA:152,14,4,0
BRDA:152,15,0,0
BRDA:152,15,1,0
BRDA:172,16,0,0
BRDA:172,16,1,0
BRDA:184,17,0,0
BRDA:184,17,1,0
BRDA:186,18,0,0
BRDA:186,18,1,0
BRDA:186,18,2,0
BRDA:193,19,0,0
BRDA:193,19,1,0
BRDA:204,20,0,0
BRDA:204,20,1,0
BRDA:222,21,0,0
BRDA:222,21,1,0
BRDA:246,22,0,0
BRDA:267,23,0,0
BRDA:267,23,1,0
BRDA:277,24,0,0
BRF:47
BRH:0
end_of_record
TN:
SF:src\lib\utils.ts
FN:8,(anonymous_0)
FN:18,cn
FN:25,parseJwt
FN:36,(anonymous_3)
FN:50,formatDate
FN:58,delay
FN:59,(anonymous_6)
FN:65,retry
FNF:8
FNH:2
FNDA:1,(anonymous_0)
FNDA:6,cn
FNDA:0,parseJwt
FNDA:0,(anonymous_3)
FNDA:0,formatDate
FNDA:0,delay
FNDA:0,(anonymous_6)
FNDA:0,retry
DA:1,1
DA:2,1
DA:8,1
DA:9,1
DA:10,1
DA:11,1
DA:12,1
DA:18,1
DA:19,6
DA:25,1
DA:26,0
DA:28,0
DA:29,0
DA:32,0
DA:33,0
DA:34,0
DA:36,0
DA:40,0
DA:42,0
DA:43,0
DA:50,1
DA:51,0
DA:52,0
DA:58,1
DA:59,0
DA:65,1
DA:70,0
DA:72,0
DA:73,0
DA:74,0
DA:76,0
DA:77,0
DA:78,0
DA:83,0
LF:34
LH:13
BRDA:8,0,0,1
BRDA:8,0,1,1
BRDA:29,1,0,0
BRDA:67,2,0,0
BRDA:68,3,0,0
BRDA:77,4,0,0
BRDA:83,5,0,0
BRDA:83,5,1,0
BRF:8
BRH:2
end_of_record
TN:
SF:src\services\tokenService.ts
FN:43,(anonymous_0)
FN:52,(anonymous_1)
FN:73,(anonymous_2)
FN:94,(anonymous_3)
FN:114,(anonymous_4)
FN:132,(anonymous_5)
FN:133,(anonymous_6)
FN:139,(anonymous_7)
FN:154,(anonymous_8)
FN:198,(anonymous_9)
FN:200,(anonymous_10)
FN:209,(anonymous_11)
FN:292,(anonymous_12)
FN:303,(anonymous_13)
FN:318,(anonymous_14)
FN:341,(anonymous_15)
FN:348,(anonymous_16)
FN:355,(anonymous_17)
FN:373,(anonymous_18)
FN:374,(anonymous_19)
FN:382,(anonymous_20)
FN:399,(anonymous_21)
FN:400,(anonymous_22)
FN:401,(anonymous_23)
FN:421,(anonymous_24)
FNF:25
FNH:23
FNDA:27,(anonymous_0)
FNDA:26,(anonymous_1)
FNDA:2,(anonymous_2)
FNDA:0,(anonymous_3)
FNDA:7,(anonymous_4)
FNDA:1,(anonymous_5)
FNDA:2,(anonymous_6)
FNDA:26,(anonymous_7)
FNDA:26,(anonymous_8)
FNDA:11,(anonymous_9)
FNDA:0,(anonymous_10)
FNDA:20,(anonymous_11)
FNDA:17,(anonymous_12)
FNDA:1224,(anonymous_13)
FNDA:21,(anonymous_14)
FNDA:23,(anonymous_15)
FNDA:1,(anonymous_16)
FNDA:1,(anonymous_17)
FNDA:16,(anonymous_18)
FNDA:16,(anonymous_19)
FNDA:16,(anonymous_20)
FNDA:26,(anonymous_21)
FNDA:26,(anonymous_22)
FNDA:26,(anonymous_23)
FNDA:17,(anonymous_24)
DA:24,1
DA:32,1
DA:35,1
DA:38,1
DA:41,1
DA:43,1
DA:44,27
DA:45,27
DA:46,27
DA:47,27
DA:54,26
DA:56,26
DA:57,4
DA:60,4
DA:61,2
DA:62,2
DA:67,24
DA:75,2
DA:77,2
DA:79,1
DA:80,0
DA:81,0
DA:83,0
DA:84,0
DA:88,1
DA:92,1
DA:93,1
DA:94,1
DA:95,0
DA:99,1
DA:104,1
DA:105,1
DA:108,1
DA:115,7
DA:118,7
DA:119,7
DA:120,0
DA:122,7
DA:125,1
DA:133,2
DA:140,26
DA:143,26
DA:144,1
DA:145,1
DA:148,26
DA:155,26
DA:156,0
DA:157,0
DA:160,26
DA:161,26
DA:163,26
DA:165,26
DA:166,79
DA:167,79
DA:169,22
DA:170,22
DA:171,20
DA:173,20
DA:174,16
DA:175,16
DA:176,15
DA:177,15
DA:180,3
DA:186,11
DA:187,11
DA:189,0
DA:190,0
DA:191,0
DA:199,11
DA:200,11
DA:201,0
DA:210,20
DA:212,20
DA:214,20
DA:216,1
DA:217,1
DA:218,1
DA:220,1
DA:226,0
DA:230,14
DA:232,14
DA:234,14
DA:235,11
DA:236,11
DA:240,11
DA:242,11
DA:249,3
DA:254,5
DA:255,5
DA:257,5
DA:258,5
DA:262,5
DA:263,5
DA:264,0
DA:265,0
DA:268,0
DA:269,0
DA:271,0
DA:274,5
DA:280,0
DA:283,0
DA:286,3
DA:293,17
DA:295,17
DA:296,17
DA:299,17
DA:300,17
DA:301,17
DA:303,1224
DA:306,17
DA:307,17
DA:310,0
DA:311,0
DA:320,21
DA:321,0
DA:324,21
DA:325,0
DA:329,21
DA:330,21
DA:331,0
DA:335,21
DA:342,23
DA:349,1
DA:358,1
DA:367,1
DA:374,16
DA:375,16
DA:383,16
DA:384,1
DA:385,1
DA:386,15
DA:387,15
DA:389,0
DA:400,26
DA:401,26
DA:402,26
DA:403,1
DA:404,1
DA:405,25
DA:406,4
DA:412,21
DA:422,17
DA:423,4
DA:424,4
DA:426,1
DA:433,1
DA:436,1
LF:147
LH:121
BRDA:56,0,0,4
BRDA:60,1,0,2
BRDA:75,2,0,2
BRDA:77,3,0,1
BRDA:77,3,1,1
BRDA:79,4,0,0
BRDA:79,4,1,1
BRDA:92,5,0,1
BRDA:93,6,0,1
BRDA:104,7,0,1
BRDA:108,8,0,1
BRDA:108,8,1,1
BRDA:119,9,0,0
BRDA:119,9,1,7
BRDA:119,10,0,7
BRDA:119,10,1,0
BRDA:143,11,0,1
BRDA:155,12,0,0
BRDA:167,13,0,57
BRDA:173,14,0,16
BRDA:173,15,0,20
BRDA:173,15,1,17
BRDA:199,16,0,11
BRDA:210,17,0,0
BRDA:214,18,0,1
BRDA:214,18,1,14
BRDA:214,18,2,4
BRDA:214,18,3,5
BRDA:216,19,0,1
BRDA:216,20,0,1
BRDA:216,20,1,1
BRDA:218,21,0,1
BRDA:218,21,1,0
BRDA:230,22,0,14
BRDA:234,23,0,11
BRDA:234,24,0,14
BRDA:234,24,1,14
BRDA:236,25,0,11
BRDA:236,25,1,0
BRDA:238,26,0,0
BRDA:238,26,1,0
BRDA:255,27,0,5
BRDA:255,27,1,2
BRDA:255,27,2,1
BRDA:257,28,0,5
BRDA:257,29,0,5
BRDA:257,29,1,5
BRDA:262,30,0,5
BRDA:262,30,1,0
BRDA:264,31,0,0
BRDA:264,31,1,0
BRDA:265,32,0,0
BRDA:265,32,1,0
BRDA:268,33,0,0
BRDA:268,33,1,0
BRDA:296,34,0,0
BRDA:320,35,0,0
BRDA:320,36,0,21
BRDA:320,36,1,21
BRDA:320,36,2,21
BRDA:324,37,0,0
BRDA:330,38,0,0
BRDA:383,39,0,1
BRDA:383,39,1,15
BRDA:386,40,0,15
BRDA:386,40,1,0
BRDA:386,41,0,15
BRDA:386,41,1,15
BRDA:402,42,0,1
BRDA:402,42,1,25
BRDA:405,43,0,4
BRDA:405,43,1,21
BRDA:405,44,0,25
BRDA:405,44,1,25
BRDA:408,45,0,4
BRDA:408,45,1,0
BRF:76
BRH:54
end_of_record
