TN:
SF:src\App.tsx
FN:18,App
FN:27,(anonymous_1)
FN:31,(anonymous_2)
FN:41,(anonymous_3)
FN:57,(anonymous_4)
FN:62,(anonymous_5)
FN:71,(anonymous_6)
FN:72,(anonymous_7)
FN:76,(anonymous_8)
FN:85,(anonymous_9)
FN:163,(anonymous_10)
FN:182,(anonymous_11)
FN:185,(anonymous_12)
FN:211,(anonymous_13)
FN:218,(anonymous_14)
FN:244,(anonymous_15)
FN:284,(anonymous_16)
FNF:17
FNH:0
FNDA:0,App
FNDA:0,(anonymous_1)
FNDA:0,(anonymous_2)
FNDA:0,(anonymous_3)
FNDA:0,(anonymous_4)
FNDA:0,(anonymous_5)
FNDA:0,(anonymous_6)
FNDA:0,(anonymous_7)
FNDA:0,(anonymous_8)
FNDA:0,(anonymous_9)
FNDA:0,(anonymous_10)
FNDA:0,(anonymous_11)
FNDA:0,(anonymous_12)
FNDA:0,(anonymous_13)
FNDA:0,(anonymous_14)
FNDA:0,(anonymous_15)
FNDA:0,(anonymous_16)
DA:19,0
DA:27,0
DA:28,0
DA:31,0
DA:32,0
DA:34,0
DA:35,0
DA:38,0
DA:39,0
DA:41,0
DA:49,0
DA:55,0
DA:56,0
DA:57,0
DA:61,0
DA:62,0
DA:67,0
DA:71,0
DA:72,0
DA:73,0
DA:76,0
DA:77,0
DA:78,0
DA:81,0
DA:85,0
DA:88,0
DA:89,0
DA:93,0
DA:94,0
DA:104,0
DA:105,0
DA:122,0
DA:123,0
DA:140,0
DA:141,0
DA:145,0
DA:163,0
DA:183,0
DA:185,0
DA:212,0
DA:213,0
DA:219,0
DA:220,0
DA:245,0
DA:285,0
LF:45
LH:0
BRDA:56,0,0,0
BRDA:64,1,0,0
BRDA:64,1,1,0
BRDA:93,2,0,0
BRDA:104,3,0,0
BRDA:122,4,0,0
BRDA:140,5,0,0
BRDA:159,6,0,0
BRDA:159,6,1,0
BRDA:161,7,0,0
BRDA:161,7,1,0
BRDA:161,7,2,0
BRDA:187,8,0,0
BRDA:187,8,1,0
BRDA:202,9,0,0
BRDA:202,9,1,0
BRDA:212,10,0,0
BRDA:220,11,0,0
BRDA:237,12,0,0
BRDA:237,12,1,0
BRDA:257,13,0,0
BRDA:257,13,1,0
BRDA:260,14,0,0
BRDA:260,14,1,0
BRDA:263,15,0,0
BRDA:263,15,1,0
BRDA:271,16,0,0
BRDA:271,16,1,0
BRDA:278,17,0,0
BRDA:278,17,1,0
BRF:30
BRH:0
end_of_record
TN:
SF:src\components\ui\button.tsx
FN:43,(anonymous_9)
FNF:1
FNH:1
FNDA:6,(anonymous_9)
DA:1,1
DA:2,1
DA:3,1
DA:5,1
DA:7,1
DA:42,1
DA:44,6
DA:45,6
DA:54,1
DA:56,1
LF:10
LH:10
BRDA:43,0,0,5
BRDA:44,1,0,1
BRDA:44,1,1,5
BRF:3
BRH:3
end_of_record
TN:
SF:src\components\ui\data-grid.tsx
FN:20,(anonymous_0)
FN:34,(anonymous_1)
FNF:2
FNH:0
FNDA:0,(anonymous_0)
FNDA:0,(anonymous_1)
DA:20,0
DA:31,0
DA:32,0
DA:34,0
DA:35,0
DA:36,0
DA:37,0
DA:41,0
LF:8
LH:0
BRDA:23,0,0,0
BRDA:24,1,0,0
BRDA:36,2,0,0
BRF:3
BRH:0
end_of_record
TN:
SF:src\extension\background\background.ts
FN:11,initialize
FN:25,handleInstalled
FN:35,addTestToken
FN:36,(anonymous_3)
FN:48,(anonymous_4)
FN:52,(anonymous_5)
FN:62,initializeSettings
FN:63,(anonymous_7)
FN:83,handleMessage
FN:108,(anonymous_9)
FN:119,handleGetToken
FN:120,(anonymous_11)
FN:140,(anonymous_12)
FN:151,(anonymous_13)
FN:168,handleStoreToken
FN:183,(anonymous_15)
FN:201,handleValidateToken
FN:210,broadcastTokenUpdate
FN:212,(anonymous_18)
FNF:19
FNH:0
FNDA:0,initialize
FNDA:0,handleInstalled
FNDA:0,addTestToken
FNDA:0,(anonymous_3)
FNDA:0,(anonymous_4)
FNDA:0,(anonymous_5)
FNDA:0,initializeSettings
FNDA:0,(anonymous_7)
FNDA:0,handleMessage
FNDA:0,(anonymous_9)
FNDA:0,handleGetToken
FNDA:0,(anonymous_11)
FNDA:0,(anonymous_12)
FNDA:0,(anonymous_13)
FNDA:0,handleStoreToken
FNDA:0,(anonymous_15)
FNDA:0,handleValidateToken
FNDA:0,broadcastTokenUpdate
FNDA:0,(anonymous_18)
DA:2,0
DA:13,0
DA:14,0
DA:17,0
DA:20,0
DA:22,0
DA:26,0
DA:29,0
DA:30,0
DA:36,0
DA:37,0
DA:38,0
DA:41,0
DA:43,0
DA:48,0
DA:49,0
DA:52,0
DA:53,0
DA:57,0
DA:63,0
DA:64,0
DA:66,0
DA:67,0
DA:88,0
DA:91,0
DA:92,0
DA:93,0
DA:96,0
DA:97,0
DA:98,0
DA:101,0
DA:102,0
DA:103,0
DA:107,0
DA:108,0
DA:109,0
DA:110,0
DA:112,0
DA:116,0
DA:120,0
DA:121,0
DA:123,0
DA:124,0
DA:127,0
DA:128,0
DA:129,0
DA:131,0
DA:132,0
DA:140,0
DA:141,0
DA:142,0
DA:145,0
DA:151,0
DA:152,0
DA:155,0
DA:160,0
DA:161,0
DA:169,0
DA:170,0
DA:171,0
DA:172,0
DA:175,0
DA:177,0
DA:183,0
DA:184,0
DA:185,0
DA:186,0
DA:188,0
DA:191,0
DA:194,0
DA:196,0
DA:203,0
DA:207,0
DA:212,0
DA:213,0
DA:214,0
DA:215,0
DA:216,0
DA:229,0
LF:79
LH:0
BRDA:29,0,0,0
BRDA:37,1,0,0
BRDA:37,1,1,0
BRDA:64,2,0,0
BRDA:64,2,1,0
BRDA:66,3,0,0
BRDA:91,4,0,0
BRDA:96,5,0,0
BRDA:101,6,0,0
BRDA:107,7,0,0
BRDA:123,8,0,0
BRDA:123,8,1,0
BRDA:127,9,0,0
BRDA:127,9,1,0
BRDA:127,10,0,0
BRDA:127,10,1,0
BRDA:141,11,0,0
BRDA:141,11,1,0
BRDA:169,12,0,0
BRDA:169,13,0,0
BRDA:169,13,1,0
BRDA:179,14,0,0
BRDA:179,14,1,0
BRDA:184,15,0,0
BRDA:184,15,1,0
BRDA:203,16,0,0
BRDA:203,16,1,0
BRDA:203,16,2,0
BRDA:214,17,0,0
BRF:29
BRH:0
end_of_record
TN:
SF:src\extension\content\content.ts
FN:10,(anonymous_0)
FN:15,(anonymous_1)
FN:31,(anonymous_2)
FN:76,(anonymous_3)
FN:77,(anonymous_4)
FN:81,(anonymous_5)
FN:94,(anonymous_6)
FN:98,(anonymous_7)
FN:105,(anonymous_8)
FN:117,(anonymous_9)
FN:118,(anonymous_10)
FN:121,(anonymous_11)
FN:122,(anonymous_12)
FN:126,(anonymous_13)
FN:129,(anonymous_14)
FN:135,(anonymous_15)
FN:140,(anonymous_16)
FN:143,(anonymous_17)
FN:148,(anonymous_18)
FN:149,(anonymous_19)
FN:178,(anonymous_20)
FN:198,(anonymous_21)
FN:209,(anonymous_22)
FN:221,(anonymous_23)
FN:226,(anonymous_24)
FN:235,(anonymous_25)
FN:240,(anonymous_26)
FN:256,(anonymous_27)
FN:257,(anonymous_28)
FN:268,(anonymous_29)
FN:276,(anonymous_30)
FNF:31
FNH:0
FNDA:0,(anonymous_0)
FNDA:0,(anonymous_1)
FNDA:0,(anonymous_2)
FNDA:0,(anonymous_3)
FNDA:0,(anonymous_4)
FNDA:0,(anonymous_5)
FNDA:0,(anonymous_6)
FNDA:0,(anonymous_7)
FNDA:0,(anonymous_8)
FNDA:0,(anonymous_9)
FNDA:0,(anonymous_10)
FNDA:0,(anonymous_11)
FNDA:0,(anonymous_12)
FNDA:0,(anonymous_13)
FNDA:0,(anonymous_14)
FNDA:0,(anonymous_15)
FNDA:0,(anonymous_16)
FNDA:0,(anonymous_17)
FNDA:0,(anonymous_18)
FNDA:0,(anonymous_19)
FNDA:0,(anonymous_20)
FNDA:0,(anonymous_21)
FNDA:0,(anonymous_22)
FNDA:0,(anonymous_23)
FNDA:0,(anonymous_24)
FNDA:0,(anonymous_25)
FNDA:0,(anonymous_26)
FNDA:0,(anonymous_27)
FNDA:0,(anonymous_28)
FNDA:0,(anonymous_29)
FNDA:0,(anonymous_30)
DA:7,0
DA:8,0
DA:11,0
DA:12,0
DA:16,0
DA:19,0
DA:22,0
DA:23,0
DA:26,0
DA:28,0
DA:32,0
DA:33,0
DA:36,0
DA:38,0
DA:39,0
DA:40,0
DA:43,0
DA:44,0
DA:45,0
DA:48,0
DA:49,0
DA:50,0
DA:54,0
DA:55,0
DA:56,0
DA:58,0
DA:59,0
DA:60,0
DA:64,0
DA:68,0
DA:70,0
DA:72,0
DA:77,0
DA:78,0
DA:82,0
DA:83,0
DA:84,0
DA:85,0
DA:86,0
DA:88,0
DA:96,0
DA:98,0
DA:99,0
DA:100,0
DA:101,0
DA:102,0
DA:105,0
DA:109,0
DA:114,0
DA:117,0
DA:118,0
DA:121,0
DA:122,0
DA:128,0
DA:129,0
DA:130,0
DA:133,0
DA:134,0
DA:135,0
DA:140,0
DA:141,0
DA:142,0
DA:143,0
DA:149,0
DA:150,0
DA:152,0
DA:154,0
DA:155,0
DA:158,0
DA:159,0
DA:162,0
DA:163,0
DA:167,0
DA:168,0
DA:169,0
DA:172,0
DA:173,0
DA:179,0
DA:180,0
DA:183,0
DA:184,0
DA:185,0
DA:186,0
DA:187,0
DA:189,0
DA:192,0
DA:193,0
DA:194,0
DA:199,0
DA:200,0
DA:201,0
DA:203,0
DA:204,0
DA:205,0
DA:210,0
DA:218,0
DA:222,0
DA:227,0
DA:235,0
DA:236,0
DA:241,0
DA:243,0
DA:244,0
DA:245,0
DA:246,0
DA:249,0
DA:252,0
DA:257,0
DA:258,0
DA:259,0
DA:264,0
DA:267,0
DA:268,0
DA:269,0
DA:272,0
DA:276,0
DA:277,0
DA:278,0
DA:283,0
LF:119
LH:0
BRDA:38,0,0,0
BRDA:44,1,0,0
BRDA:44,1,1,0
BRDA:44,1,2,0
BRDA:45,2,0,0
BRDA:45,2,1,0
BRDA:45,2,2,0
BRDA:48,3,0,0
BRDA:54,4,0,0
BRDA:58,5,0,0
BRDA:82,6,0,0
BRDA:82,6,1,0
BRDA:84,7,0,0
BRDA:84,7,1,0
BRDA:84,8,0,0
BRDA:84,8,1,0
BRDA:88,9,0,0
BRDA:88,9,1,0
BRDA:100,10,0,0
BRDA:133,11,0,0
BRDA:141,12,0,0
BRDA:150,13,0,0
BRDA:150,13,1,0
BRDA:152,14,0,0
BRDA:152,14,1,0
BRDA:152,14,2,0
BRDA:152,14,3,0
BRDA:152,14,4,0
BRDA:152,15,0,0
BRDA:152,15,1,0
BRDA:172,16,0,0
BRDA:172,16,1,0
BRDA:184,17,0,0
BRDA:184,17,1,0
BRDA:186,18,0,0
BRDA:186,18,1,0
BRDA:186,18,2,0
BRDA:193,19,0,0
BRDA:193,19,1,0
BRDA:204,20,0,0
BRDA:204,20,1,0
BRDA:222,21,0,0
BRDA:222,21,1,0
BRDA:246,22,0,0
BRDA:267,23,0,0
BRDA:267,23,1,0
BRDA:277,24,0,0
BRF:47
BRH:0
end_of_record
TN:
SF:src\lib\utils.ts
FN:8,(anonymous_0)
FN:18,cn
FN:25,parseJwt
FN:36,(anonymous_3)
FN:50,formatDate
FN:58,delay
FN:59,(anonymous_6)
FN:65,retry
FNF:8
FNH:2
FNDA:1,(anonymous_0)
FNDA:6,cn
FNDA:0,parseJwt
FNDA:0,(anonymous_3)
FNDA:0,formatDate
FNDA:0,delay
FNDA:0,(anonymous_6)
FNDA:0,retry
DA:1,1
DA:2,1
DA:8,1
DA:9,1
DA:10,1
DA:11,1
DA:12,1
DA:18,1
DA:19,6
DA:25,1
DA:26,0
DA:28,0
DA:29,0
DA:32,0
DA:33,0
DA:34,0
DA:36,0
DA:40,0
DA:42,0
DA:43,0
DA:50,1
DA:51,0
DA:52,0
DA:58,1
DA:59,0
DA:65,1
DA:70,0
DA:72,0
DA:73,0
DA:74,0
DA:76,0
DA:77,0
DA:78,0
DA:83,0
LF:34
LH:13
BRDA:8,0,0,1
BRDA:8,0,1,1
BRDA:29,1,0,0
BRDA:67,2,0,0
BRDA:68,3,0,0
BRDA:77,4,0,0
BRDA:83,5,0,0
BRDA:83,5,1,0
BRF:8
BRH:2
end_of_record
TN:
SF:src\pages\AdminDashboard.tsx
FN:23,(anonymous_0)
FN:50,(anonymous_1)
FN:54,(anonymous_2)
FN:79,(anonymous_3)
FN:93,(anonymous_4)
FN:105,(anonymous_5)
FN:121,(anonymous_6)
FN:128,(anonymous_7)
FN:138,(anonymous_8)
FN:192,(anonymous_9)
FN:213,(anonymous_10)
FN:238,(anonymous_11)
FN:258,(anonymous_12)
FN:315,(anonymous_13)
FN:333,(anonymous_14)
FN:336,(anonymous_15)
FN:359,(anonymous_16)
FN:377,(anonymous_17)
FN:391,(anonymous_18)
FN:403,(anonymous_19)
FN:415,(anonymous_20)
FN:428,(anonymous_21)
FN:433,(anonymous_22)
FN:442,(anonymous_23)
FN:462,(anonymous_24)
FN:497,(anonymous_25)
FN:524,(anonymous_26)
FN:534,(anonymous_27)
FN:544,(anonymous_28)
FN:598,(anonymous_29)
FN:651,(anonymous_30)
FN:655,(anonymous_31)
FN:659,(anonymous_32)
FN:678,(anonymous_33)
FN:684,(anonymous_34)
FNF:35
FNH:0
FNDA:0,(anonymous_0)
FNDA:0,(anonymous_1)
FNDA:0,(anonymous_2)
FNDA:0,(anonymous_3)
FNDA:0,(anonymous_4)
FNDA:0,(anonymous_5)
FNDA:0,(anonymous_6)
FNDA:0,(anonymous_7)
FNDA:0,(anonymous_8)
FNDA:0,(anonymous_9)
FNDA:0,(anonymous_10)
FNDA:0,(anonymous_11)
FNDA:0,(anonymous_12)
FNDA:0,(anonymous_13)
FNDA:0,(anonymous_14)
FNDA:0,(anonymous_15)
FNDA:0,(anonymous_16)
FNDA:0,(anonymous_17)
FNDA:0,(anonymous_18)
FNDA:0,(anonymous_19)
FNDA:0,(anonymous_20)
FNDA:0,(anonymous_21)
FNDA:0,(anonymous_22)
FNDA:0,(anonymous_23)
FNDA:0,(anonymous_24)
FNDA:0,(anonymous_25)
FNDA:0,(anonymous_26)
FNDA:0,(anonymous_27)
FNDA:0,(anonymous_28)
FNDA:0,(anonymous_29)
FNDA:0,(anonymous_30)
FNDA:0,(anonymous_31)
FNDA:0,(anonymous_32)
FNDA:0,(anonymous_33)
FNDA:0,(anonymous_34)
DA:23,0
DA:24,0
DA:25,0
DA:26,0
DA:27,0
DA:28,0
DA:29,0
DA:32,0
DA:33,0
DA:41,0
DA:50,0
DA:51,0
DA:54,0
DA:55,0
DA:56,0
DA:59,0
DA:60,0
DA:64,0
DA:65,0
DA:66,0
DA:69,0
DA:70,0
DA:71,0
DA:73,0
DA:75,0
DA:79,0
DA:80,0
DA:82,0
DA:83,0
DA:85,0
DA:86,0
DA:87,0
DA:90,0
DA:93,0
DA:94,0
DA:105,0
DA:106,0
DA:115,0
DA:117,0
DA:121,0
DA:122,0
DA:124,0
DA:125,0
DA:128,0
DA:129,0
DA:132,0
DA:134,0
DA:138,0
DA:139,0
DA:140,0
DA:141,0
DA:142,0
DA:146,0
DA:147,0
DA:157,0
DA:164,0
DA:165,0
DA:167,0
DA:170,0
DA:173,0
DA:176,0
DA:183,0
DA:184,0
DA:186,0
DA:188,0
DA:192,0
DA:193,0
DA:194,0
DA:195,0
DA:197,0
DA:199,0
DA:200,0
DA:202,0
DA:205,0
DA:206,0
DA:207,0
DA:209,0
DA:213,0
DA:214,0
DA:215,0
DA:218,0
DA:219,0
DA:220,0
DA:222,0
DA:224,0
DA:225,0
DA:227,0
DA:230,0
DA:231,0
DA:232,0
DA:234,0
DA:238,0
DA:239,0
DA:240,0
DA:241,0
DA:243,0
DA:244,0
DA:245,0
DA:247,0
DA:248,0
DA:249,0
DA:250,0
DA:252,0
DA:254,0
DA:258,0
DA:259,0
DA:260,0
DA:263,0
DA:264,0
DA:265,0
DA:266,0
DA:268,0
DA:272,0
DA:273,0
DA:283,0
DA:284,0
DA:295,0
DA:315,0
DA:334,0
DA:336,0
DA:359,0
DA:377,0
DA:391,0
DA:403,0
DA:415,0
DA:429,0
DA:434,0
DA:435,0
DA:440,0
DA:442,0
DA:462,0
DA:498,0
DA:525,0
DA:534,0
DA:544,0
DA:599,0
DA:651,0
DA:655,0
DA:659,0
DA:678,0
DA:684,0
LF:141
LH:0
BRDA:60,0,0,0
BRDA:60,0,1,0
BRDA:60,0,2,0
BRDA:64,1,0,0
BRDA:73,2,0,0
BRDA:73,2,1,0
BRDA:85,3,0,0
BRDA:93,4,0,0
BRDA:93,4,1,0
BRDA:99,5,0,0
BRDA:99,5,1,0
BRDA:105,6,0,0
BRDA:105,6,1,0
BRDA:111,7,0,0
BRDA:111,7,1,0
BRDA:125,8,0,0
BRDA:125,8,1,0
BRDA:140,9,0,0
BRDA:140,10,0,0
BRDA:140,10,1,0
BRDA:140,10,2,0
BRDA:147,11,0,0
BRDA:147,11,1,0
BRDA:161,12,0,0
BRDA:161,12,1,0
BRDA:161,12,2,0
BRDA:164,13,0,0
BRDA:164,13,1,0
BRDA:188,14,0,0
BRDA:188,14,1,0
BRDA:197,15,0,0
BRDA:199,16,0,0
BRDA:199,16,1,0
BRDA:209,17,0,0
BRDA:209,17,1,0
BRDA:214,18,0,0
BRDA:222,19,0,0
BRDA:224,20,0,0
BRDA:224,20,1,0
BRDA:234,21,0,0
BRDA:234,21,1,0
BRDA:254,22,0,0
BRDA:254,22,1,0
BRDA:259,23,0,0
BRDA:268,24,0,0
BRDA:268,24,1,0
BRDA:272,25,0,0
BRDA:283,26,0,0
BRDA:338,27,0,0
BRDA:338,27,1,0
BRDA:353,28,0,0
BRDA:353,28,1,0
BRDA:367,29,0,0
BRDA:367,29,1,0
BRDA:386,30,0,0
BRDA:386,30,1,0
BRDA:392,31,0,0
BRDA:392,31,1,0
BRDA:407,32,0,0
BRDA:407,32,1,0
BRDA:434,33,0,0
BRDA:434,33,1,0
BRDA:501,34,0,0
BRDA:501,34,1,0
BRDA:508,35,0,0
BRDA:508,35,1,0
BRDA:514,36,0,0
BRDA:514,36,1,0
BRDA:516,37,0,0
BRDA:516,37,1,0
BRDA:536,38,0,0
BRDA:536,38,1,0
BRDA:541,39,0,0
BRDA:541,39,1,0
BRDA:555,40,0,0
BRDA:555,40,1,0
BRDA:564,41,0,0
BRDA:564,41,1,0
BRDA:626,42,0,0
BRDA:626,42,1,0
BRDA:635,43,0,0
BRDA:635,43,1,0
BRF:82
BRH:0
end_of_record
TN:
SF:src\services\analyticsService.ts
FN:52,(anonymous_0)
FN:58,(anonymous_1)
FN:68,(anonymous_2)
FN:95,(anonymous_3)
FN:98,(anonymous_4)
FN:132,(anonymous_5)
FN:162,(anonymous_6)
FN:172,(anonymous_7)
FN:184,(anonymous_8)
FN:191,(anonymous_9)
FN:201,(anonymous_10)
FN:213,(anonymous_11)
FN:219,(anonymous_12)
FN:232,(anonymous_13)
FN:239,(anonymous_14)
FN:264,(anonymous_15)
FN:271,(anonymous_16)
FN:272,(anonymous_17)
FN:278,(anonymous_18)
FN:294,(anonymous_19)
FN:315,(anonymous_20)
FN:319,(anonymous_21)
FN:333,(anonymous_22)
FN:334,(anonymous_23)
FN:343,(anonymous_24)
FN:363,(anonymous_25)
FN:365,(anonymous_26)
FN:372,(anonymous_27)
FN:384,(anonymous_28)
FN:387,(anonymous_29)
FN:398,(anonymous_30)
FN:400,(anonymous_31)
FN:401,(anonymous_32)
FN:414,(anonymous_33)
FN:438,(anonymous_34)
FN:439,(anonymous_35)
FN:446,(anonymous_36)
FN:448,(anonymous_37)
FN:451,(anonymous_38)
FN:452,(anonymous_39)
FN:459,(anonymous_40)
FN:461,(anonymous_41)
FN:467,(anonymous_42)
FNF:43
FNH:0
FNDA:0,(anonymous_0)
FNDA:0,(anonymous_1)
FNDA:0,(anonymous_2)
FNDA:0,(anonymous_3)
FNDA:0,(anonymous_4)
FNDA:0,(anonymous_5)
FNDA:0,(anonymous_6)
FNDA:0,(anonymous_7)
FNDA:0,(anonymous_8)
FNDA:0,(anonymous_9)
FNDA:0,(anonymous_10)
FNDA:0,(anonymous_11)
FNDA:0,(anonymous_12)
FNDA:0,(anonymous_13)
FNDA:0,(anonymous_14)
FNDA:0,(anonymous_15)
FNDA:0,(anonymous_16)
FNDA:0,(anonymous_17)
FNDA:0,(anonymous_18)
FNDA:0,(anonymous_19)
FNDA:0,(anonymous_20)
FNDA:0,(anonymous_21)
FNDA:0,(anonymous_22)
FNDA:0,(anonymous_23)
FNDA:0,(anonymous_24)
FNDA:0,(anonymous_25)
FNDA:0,(anonymous_26)
FNDA:0,(anonymous_27)
FNDA:0,(anonymous_28)
FNDA:0,(anonymous_29)
FNDA:0,(anonymous_30)
FNDA:0,(anonymous_31)
FNDA:0,(anonymous_32)
FNDA:0,(anonymous_33)
FNDA:0,(anonymous_34)
FNDA:0,(anonymous_35)
FNDA:0,(anonymous_36)
FNDA:0,(anonymous_37)
FNDA:0,(anonymous_38)
FNDA:0,(anonymous_39)
FNDA:0,(anonymous_40)
FNDA:0,(anonymous_41)
FNDA:0,(anonymous_42)
DA:44,0
DA:45,0
DA:46,0
DA:47,0
DA:48,0
DA:49,0
DA:50,0
DA:53,0
DA:54,0
DA:55,0
DA:59,0
DA:60,0
DA:62,0
DA:69,0
DA:70,0
DA:71,0
DA:74,0
DA:81,0
DA:84,0
DA:86,0
DA:88,0
DA:96,0
DA:98,0
DA:99,0
DA:102,0
DA:103,0
DA:116,0
DA:119,0
DA:122,0
DA:125,0
DA:133,0
DA:134,0
DA:143,0
DA:144,0
DA:146,0
DA:149,0
DA:150,0
DA:153,0
DA:155,0
DA:163,0
DA:173,0
DA:185,0
DA:192,0
DA:202,0
DA:214,0
DA:215,0
DA:216,0
DA:218,0
DA:220,0
DA:224,0
DA:225,0
DA:233,0
DA:234,0
DA:235,0
DA:236,0
DA:239,0
DA:241,0
DA:256,0
DA:257,0
DA:265,0
DA:272,0
DA:279,0
DA:280,0
DA:285,0
DA:287,0
DA:295,0
DA:296,0
DA:302,0
DA:308,0
DA:309,0
DA:316,0
DA:320,0
DA:321,0
DA:323,0
DA:326,0
DA:327,0
DA:330,0
DA:334,0
DA:335,0
DA:336,0
DA:338,0
DA:344,0
DA:345,0
DA:346,0
DA:348,0
DA:357,0
DA:359,0
DA:365,0
DA:366,0
DA:372,0
DA:373,0
DA:374,0
DA:375,0
DA:386,0
DA:387,0
DA:388,0
DA:389,0
DA:393,0
DA:400,0
DA:401,0
DA:402,0
DA:403,0
DA:404,0
DA:413,0
DA:414,0
DA:415,0
DA:416,0
DA:417,0
DA:418,0
DA:420,0
DA:426,0
DA:428,0
DA:429,0
DA:433,0
DA:439,0
DA:440,0
DA:441,0
DA:442,0
DA:445,0
DA:446,0
DA:448,0
DA:452,0
DA:453,0
DA:454,0
DA:455,0
DA:458,0
DA:459,0
DA:461,0
DA:468,0
DA:470,0
DA:476,0
LF:131
LH:0
BRDA:59,0,0,0
BRDA:77,1,0,0
BRDA:77,1,1,0
BRDA:95,2,0,0
BRDA:96,3,0,0
BRDA:105,4,0,0
BRDA:105,4,1,0
BRDA:106,5,0,0
BRDA:106,5,1,0
BRDA:109,6,0,0
BRDA:109,6,1,0
BRDA:110,7,0,0
BRDA:110,7,1,0
BRDA:132,8,0,0
BRDA:139,9,0,0
BRDA:139,9,1,0
BRDA:144,10,0,0
BRDA:144,10,1,0
BRDA:149,11,0,0
BRDA:162,12,0,0
BRDA:172,13,0,0
BRDA:184,14,0,0
BRDA:191,15,0,0
BRDA:201,16,0,0
BRDA:213,17,0,0
BRDA:216,18,0,0
BRDA:216,18,1,0
BRDA:235,19,0,0
BRDA:235,19,1,0
BRDA:236,20,0,0
BRDA:236,20,1,0
BRDA:321,21,0,0
BRDA:321,21,1,0
BRDA:326,22,0,0
BRDA:346,23,0,0
BRDA:346,23,1,0
BRDA:352,24,0,0
BRDA:352,24,1,0
BRDA:353,25,0,0
BRDA:353,25,1,0
BRDA:354,26,0,0
BRDA:354,26,1,0
BRDA:374,27,0,0
BRDA:388,28,0,0
BRDA:403,29,0,0
BRDA:441,30,0,0
BRDA:441,30,1,0
BRDA:454,31,0,0
BRDA:454,31,1,0
BRF:49
BRH:0
end_of_record
TN:
SF:src\services\licenseService.ts
FN:66,(anonymous_0)
FN:71,(anonymous_1)
FN:81,(anonymous_2)
FN:93,(anonymous_3)
FN:131,(anonymous_4)
FN:163,(anonymous_5)
FN:205,(anonymous_6)
FN:256,(anonymous_7)
FN:267,(anonymous_8)
FN:277,(anonymous_9)
FN:290,(anonymous_10)
FN:301,(anonymous_11)
FN:308,(anonymous_12)
FN:312,(anonymous_13)
FN:316,(anonymous_14)
FN:320,(anonymous_15)
FN:325,(anonymous_16)
FN:329,(anonymous_17)
FN:330,(anonymous_18)
FN:333,(anonymous_19)
FN:334,(anonymous_20)
FN:343,(anonymous_21)
FN:359,(anonymous_22)
FN:373,(anonymous_23)
FN:386,(anonymous_24)
FN:387,(anonymous_25)
FN:388,(anonymous_26)
FN:394,(anonymous_27)
FN:400,(anonymous_28)
FNF:29
FNH:4
FNDA:1,(anonymous_0)
FNDA:1,(anonymous_1)
FNDA:0,(anonymous_2)
FNDA:0,(anonymous_3)
FNDA:0,(anonymous_4)
FNDA:0,(anonymous_5)
FNDA:0,(anonymous_6)
FNDA:0,(anonymous_7)
FNDA:0,(anonymous_8)
FNDA:0,(anonymous_9)
FNDA:0,(anonymous_10)
FNDA:0,(anonymous_11)
FNDA:0,(anonymous_12)
FNDA:0,(anonymous_13)
FNDA:0,(anonymous_14)
FNDA:0,(anonymous_15)
FNDA:0,(anonymous_16)
FNDA:0,(anonymous_17)
FNDA:0,(anonymous_18)
FNDA:0,(anonymous_19)
FNDA:0,(anonymous_20)
FNDA:1,(anonymous_21)
FNDA:0,(anonymous_22)
FNDA:0,(anonymous_23)
FNDA:1,(anonymous_24)
FNDA:0,(anonymous_25)
FNDA:0,(anonymous_26)
FNDA:0,(anonymous_27)
FNDA:0,(anonymous_28)
DA:9,1
DA:54,1
DA:55,1
DA:56,1
DA:57,1
DA:58,1
DA:59,1
DA:60,1
DA:63,1
DA:64,1
DA:67,1
DA:68,1
DA:72,1
DA:73,1
DA:75,1
DA:82,0
DA:83,0
DA:85,0
DA:86,0
DA:94,0
DA:96,0
DA:97,0
DA:101,0
DA:103,0
DA:106,0
DA:110,0
DA:111,0
DA:114,0
DA:117,0
DA:118,0
DA:121,0
DA:123,0
DA:124,0
DA:132,0
DA:144,0
DA:145,0
DA:148,0
DA:150,0
DA:165,0
DA:167,0
DA:168,0
DA:169,0
DA:172,0
DA:175,0
DA:178,0
DA:179,0
DA:190,0
DA:192,0
DA:206,0
DA:209,0
DA:210,0
DA:211,0
DA:213,0
DA:214,0
DA:225,0
DA:227,0
DA:228,0
DA:229,0
DA:231,0
DA:232,0
DA:244,0
DA:257,0
DA:258,0
DA:259,0
DA:261,0
DA:268,0
DA:269,0
DA:271,0
DA:278,0
DA:279,0
DA:280,0
DA:282,0
DA:283,0
DA:291,0
DA:302,0
DA:303,0
DA:305,0
DA:309,0
DA:313,0
DA:317,0
DA:321,0
DA:322,0
DA:326,0
DA:330,0
DA:334,0
DA:335,0
DA:336,0
DA:338,0
DA:344,1
DA:345,1
DA:346,1
DA:347,0
DA:348,0
DA:355,1
DA:360,0
DA:361,0
DA:369,0
DA:374,0
DA:375,0
DA:382,0
DA:387,1
DA:388,0
DA:389,0
DA:397,0
DA:401,0
DA:402,0
DA:403,0
DA:405,0
DA:406,0
DA:410,1
DA:411,1
LF:111
LH:22
BRDA:72,0,0,1
BRDA:82,1,0,0
BRDA:85,2,0,0
BRDA:101,3,0,0
BRDA:101,3,1,0
BRDA:117,4,0,0
BRDA:117,5,0,0
BRDA:117,5,1,0
BRDA:144,6,0,0
BRDA:152,7,0,0
BRDA:152,7,1,0
BRDA:168,8,0,0
BRDA:178,9,0,0
BRDA:194,10,0,0
BRDA:194,10,1,0
BRDA:209,11,0,0
BRDA:209,12,0,0
BRDA:209,12,1,0
BRDA:213,13,0,0
BRDA:213,14,0,0
BRDA:213,14,1,0
BRDA:217,15,0,0
BRDA:217,15,1,0
BRDA:225,16,0,0
BRDA:225,16,1,0
BRDA:228,17,0,0
BRDA:231,18,0,0
BRDA:231,19,0,0
BRDA:231,19,1,0
BRDA:235,20,0,0
BRDA:235,20,1,0
BRDA:247,21,0,0
BRDA:247,21,1,0
BRDA:257,22,0,0
BRDA:268,23,0,0
BRDA:268,24,0,0
BRDA:268,24,1,0
BRDA:280,25,0,0
BRDA:280,25,1,0
BRDA:302,26,0,0
BRDA:309,27,0,0
BRDA:309,27,1,0
BRDA:313,28,0,0
BRDA:313,28,1,0
BRDA:317,29,0,0
BRDA:317,29,1,0
BRDA:322,30,0,0
BRDA:322,30,1,0
BRDA:346,31,0,0
BRDA:350,32,0,0
BRDA:350,32,1,0
BRDA:364,33,0,0
BRDA:364,33,1,0
BRDA:401,34,0,0
BRF:54
BRH:1
end_of_record
TN:
SF:src\services\tokenService.ts
FN:43,(anonymous_0)
FN:52,(anonymous_1)
FN:73,(anonymous_2)
FN:94,(anonymous_3)
FN:114,(anonymous_4)
FN:132,(anonymous_5)
FN:133,(anonymous_6)
FN:139,(anonymous_7)
FN:154,(anonymous_8)
FN:198,(anonymous_9)
FN:200,(anonymous_10)
FN:209,(anonymous_11)
FN:292,(anonymous_12)
FN:303,(anonymous_13)
FN:318,(anonymous_14)
FN:341,(anonymous_15)
FN:348,(anonymous_16)
FN:355,(anonymous_17)
FN:373,(anonymous_18)
FN:374,(anonymous_19)
FN:382,(anonymous_20)
FN:399,(anonymous_21)
FN:400,(anonymous_22)
FN:401,(anonymous_23)
FN:421,(anonymous_24)
FNF:25
FNH:23
FNDA:27,(anonymous_0)
FNDA:26,(anonymous_1)
FNDA:2,(anonymous_2)
FNDA:0,(anonymous_3)
FNDA:7,(anonymous_4)
FNDA:1,(anonymous_5)
FNDA:2,(anonymous_6)
FNDA:26,(anonymous_7)
FNDA:26,(anonymous_8)
FNDA:11,(anonymous_9)
FNDA:0,(anonymous_10)
FNDA:20,(anonymous_11)
FNDA:17,(anonymous_12)
FNDA:1224,(anonymous_13)
FNDA:21,(anonymous_14)
FNDA:23,(anonymous_15)
FNDA:1,(anonymous_16)
FNDA:1,(anonymous_17)
FNDA:16,(anonymous_18)
FNDA:16,(anonymous_19)
FNDA:16,(anonymous_20)
FNDA:26,(anonymous_21)
FNDA:26,(anonymous_22)
FNDA:26,(anonymous_23)
FNDA:17,(anonymous_24)
DA:24,1
DA:32,1
DA:35,1
DA:38,1
DA:41,1
DA:43,1
DA:44,27
DA:45,27
DA:46,27
DA:47,27
DA:54,26
DA:56,26
DA:57,4
DA:60,4
DA:61,2
DA:62,2
DA:67,24
DA:75,2
DA:77,2
DA:79,1
DA:80,0
DA:81,0
DA:83,0
DA:84,0
DA:88,1
DA:92,1
DA:93,1
DA:94,1
DA:95,0
DA:99,1
DA:104,1
DA:105,1
DA:108,1
DA:115,7
DA:118,7
DA:119,7
DA:120,0
DA:122,7
DA:125,1
DA:133,2
DA:140,26
DA:143,26
DA:144,1
DA:145,1
DA:148,26
DA:155,26
DA:156,0
DA:157,0
DA:160,26
DA:161,26
DA:163,26
DA:165,26
DA:166,79
DA:167,79
DA:169,22
DA:170,22
DA:171,20
DA:173,20
DA:174,16
DA:175,16
DA:176,15
DA:177,15
DA:180,3
DA:186,11
DA:187,11
DA:189,0
DA:190,0
DA:191,0
DA:199,11
DA:200,11
DA:201,0
DA:210,20
DA:212,20
DA:214,20
DA:216,1
DA:217,1
DA:218,1
DA:220,1
DA:226,0
DA:230,14
DA:232,14
DA:234,14
DA:235,11
DA:236,11
DA:240,11
DA:242,11
DA:249,3
DA:254,5
DA:255,5
DA:257,5
DA:258,5
DA:262,5
DA:263,5
DA:264,0
DA:265,0
DA:268,0
DA:269,0
DA:271,0
DA:274,5
DA:280,0
DA:283,0
DA:286,3
DA:293,17
DA:295,17
DA:296,17
DA:299,17
DA:300,17
DA:301,17
DA:303,1224
DA:306,17
DA:307,17
DA:310,0
DA:311,0
DA:320,21
DA:321,0
DA:324,21
DA:325,0
DA:329,21
DA:330,21
DA:331,0
DA:335,21
DA:342,23
DA:349,1
DA:358,1
DA:367,1
DA:374,16
DA:375,16
DA:383,16
DA:384,1
DA:385,1
DA:386,15
DA:387,15
DA:389,0
DA:400,26
DA:401,26
DA:402,26
DA:403,1
DA:404,1
DA:405,25
DA:406,4
DA:412,21
DA:422,17
DA:423,4
DA:424,4
DA:426,1
DA:433,1
DA:436,1
LF:147
LH:121
BRDA:56,0,0,4
BRDA:60,1,0,2
BRDA:75,2,0,2
BRDA:77,3,0,1
BRDA:77,3,1,1
BRDA:79,4,0,0
BRDA:79,4,1,1
BRDA:92,5,0,1
BRDA:93,6,0,1
BRDA:104,7,0,1
BRDA:108,8,0,1
BRDA:108,8,1,1
BRDA:119,9,0,0
BRDA:119,9,1,7
BRDA:119,10,0,7
BRDA:119,10,1,0
BRDA:143,11,0,1
BRDA:155,12,0,0
BRDA:167,13,0,57
BRDA:173,14,0,16
BRDA:173,15,0,20
BRDA:173,15,1,17
BRDA:199,16,0,11
BRDA:210,17,0,0
BRDA:214,18,0,1
BRDA:214,18,1,14
BRDA:214,18,2,4
BRDA:214,18,3,5
BRDA:216,19,0,1
BRDA:216,20,0,1
BRDA:216,20,1,1
BRDA:218,21,0,1
BRDA:218,21,1,0
BRDA:230,22,0,14
BRDA:234,23,0,11
BRDA:234,24,0,14
BRDA:234,24,1,14
BRDA:236,25,0,11
BRDA:236,25,1,0
BRDA:238,26,0,0
BRDA:238,26,1,0
BRDA:255,27,0,5
BRDA:255,27,1,2
BRDA:255,27,2,1
BRDA:257,28,0,5
BRDA:257,29,0,5
BRDA:257,29,1,5
BRDA:262,30,0,5
BRDA:262,30,1,0
BRDA:264,31,0,0
BRDA:264,31,1,0
BRDA:265,32,0,0
BRDA:265,32,1,0
BRDA:268,33,0,0
BRDA:268,33,1,0
BRDA:296,34,0,0
BRDA:320,35,0,0
BRDA:320,36,0,21
BRDA:320,36,1,21
BRDA:320,36,2,21
BRDA:324,37,0,0
BRDA:330,38,0,0
BRDA:383,39,0,1
BRDA:383,39,1,15
BRDA:386,40,0,15
BRDA:386,40,1,0
BRDA:386,41,0,15
BRDA:386,41,1,15
BRDA:402,42,0,1
BRDA:402,42,1,25
BRDA:405,43,0,4
BRDA:405,43,1,21
BRDA:405,44,0,25
BRDA:405,44,1,25
BRDA:408,45,0,4
BRDA:408,45,1,0
BRF:76
BRH:54
end_of_record
TN:
SF:src\services\userService.ts
FN:75,(anonymous_0)
FN:86,(anonymous_1)
FN:113,(anonymous_2)
FN:149,(anonymous_3)
FN:157,(anonymous_4)
FN:176,(anonymous_5)
FN:188,(anonymous_6)
FN:200,(anonymous_7)
FN:210,(anonymous_8)
FN:218,(anonymous_9)
FN:225,(anonymous_10)
FN:241,(anonymous_11)
FN:242,(anonymous_12)
FN:248,(anonymous_13)
FN:255,(anonymous_14)
FN:282,(anonymous_15)
FN:350,(anonymous_16)
FN:354,(anonymous_17)
FN:373,(anonymous_18)
FN:390,(anonymous_19)
FN:406,(anonymous_20)
FN:431,(anonymous_21)
FN:461,(anonymous_22)
FN:468,(anonymous_23)
FN:469,(anonymous_24)
FN:478,(anonymous_25)
FN:485,(anonymous_26)
FN:497,(anonymous_27)
FN:512,(anonymous_28)
FN:513,(anonymous_29)
FN:525,(anonymous_30)
FNF:31
FNH:27
FNDA:5,(anonymous_0)
FNDA:36,(anonymous_1)
FNDA:25,(anonymous_2)
FNDA:5,(anonymous_3)
FNDA:15,(anonymous_4)
FNDA:3,(anonymous_5)
FNDA:3,(anonymous_6)
FNDA:3,(anonymous_7)
FNDA:2,(anonymous_8)
FNDA:4,(anonymous_9)
FNDA:3,(anonymous_10)
FNDA:1,(anonymous_11)
FNDA:1,(anonymous_12)
FNDA:2,(anonymous_13)
FNDA:2,(anonymous_14)
FNDA:23,(anonymous_15)
FNDA:26,(anonymous_16)
FNDA:104,(anonymous_17)
FNDA:22,(anonymous_18)
FNDA:19,(anonymous_19)
FNDA:5,(anonymous_20)
FNDA:36,(anonymous_21)
FNDA:26,(anonymous_22)
FNDA:0,(anonymous_23)
FNDA:0,(anonymous_24)
FNDA:26,(anonymous_25)
FNDA:0,(anonymous_26)
FNDA:41,(anonymous_27)
FNDA:28,(anonymous_28)
FNDA:0,(anonymous_29)
FNDA:39,(anonymous_30)
DA:49,2
DA:50,2
DA:53,2
DA:54,2
DA:57,2
DA:75,2
DA:76,5
DA:77,5
DA:78,5
DA:79,5
DA:80,5
DA:81,5
DA:87,36
DA:90,36
DA:92,36
DA:93,21
DA:94,21
DA:97,21
DA:100,21
DA:101,21
DA:103,21
DA:107,15
DA:114,25
DA:116,19
DA:118,19
DA:119,19
DA:122,0
DA:123,0
DA:124,0
DA:130,6
DA:132,6
DA:133,0
DA:137,6
DA:150,5
DA:151,5
DA:158,15
DA:160,15
DA:161,1
DA:165,14
DA:166,4
DA:170,10
DA:177,3
DA:178,4
DA:179,2
DA:182,1
DA:189,3
DA:190,6
DA:191,1
DA:194,2
DA:201,3
DA:202,3
DA:204,2
DA:211,2
DA:213,2
DA:214,1
DA:217,1
DA:218,4
DA:226,3
DA:229,3
DA:230,2
DA:231,2
DA:233,1
DA:242,1
DA:249,2
DA:256,2
DA:257,2
DA:260,2
DA:261,2
DA:263,1
DA:267,2
DA:270,2
DA:283,23
DA:284,23
DA:285,0
DA:286,0
DA:289,23
DA:290,23
DA:291,11
DA:292,11
DA:295,12
DA:303,9
DA:304,1
DA:307,6
DA:309,6
DA:310,5
DA:323,5
DA:324,5
DA:327,5
DA:330,5
DA:333,5
DA:334,5
DA:336,5
DA:338,1
DA:339,1
DA:342,6
DA:343,6
DA:351,26
DA:354,26
DA:355,104
DA:356,104
DA:357,104
DA:361,26
DA:374,22
DA:375,0
DA:379,22
DA:380,22
DA:381,1
DA:384,21
DA:391,19
DA:392,0
DA:396,19
DA:397,0
DA:400,19
DA:407,5
DA:408,5
DA:424,1
DA:432,36
DA:433,36
DA:434,35
DA:436,35
DA:437,13
DA:440,22
DA:453,1
DA:454,1
DA:463,26
DA:464,1
DA:468,26
DA:469,0
DA:470,0
DA:480,26
DA:481,1
DA:485,26
DA:486,0
DA:487,0
DA:489,0
DA:498,41
DA:499,25
DA:500,25
DA:503,41
DA:504,25
DA:505,25
DA:513,28
DA:514,0
DA:515,0
DA:517,0
DA:526,39
DA:527,39
DA:528,39
DA:529,39
DA:534,2
DA:535,2
LF:151
LH:134
BRDA:92,0,0,21
BRDA:92,1,0,36
BRDA:92,1,1,22
BRDA:114,2,0,19
BRDA:116,3,0,19
BRDA:116,3,1,0
BRDA:123,4,0,0
BRDA:123,5,0,0
BRDA:123,5,1,0
BRDA:132,6,0,0
BRDA:132,7,0,6
BRDA:132,7,1,0
BRDA:160,8,0,1
BRDA:160,9,0,15
BRDA:160,9,1,14
BRDA:165,10,0,4
BRDA:178,11,0,2
BRDA:190,12,0,1
BRDA:202,13,0,1
BRDA:204,14,0,2
BRDA:204,14,1,1
BRDA:204,14,2,0
BRDA:213,15,0,1
BRDA:213,16,0,2
BRDA:213,16,1,1
BRDA:229,17,0,2
BRDA:284,18,0,0
BRDA:290,19,0,11
BRDA:303,20,0,1
BRDA:309,21,0,5
BRDA:309,21,1,1
BRDA:309,22,0,6
BRDA:309,22,1,5
BRDA:316,23,0,5
BRDA:316,23,1,0
BRDA:356,24,0,104
BRDA:374,25,0,0
BRDA:374,26,0,22
BRDA:374,26,1,22
BRDA:374,26,2,22
BRDA:374,26,3,22
BRDA:380,27,0,1
BRDA:391,28,0,0
BRDA:391,29,0,19
BRDA:391,29,1,19
BRDA:396,30,0,0
BRDA:436,31,0,13
BRDA:446,32,0,22
BRDA:446,32,1,0
BRDA:463,33,0,1
BRDA:480,34,0,1
BRDA:486,35,0,0
BRDA:486,35,1,0
BRDA:486,36,0,0
BRDA:486,36,1,0
BRDA:498,37,0,25
BRDA:503,38,0,25
BRF:57
BRH:40
end_of_record
